2025-06-25 10:33:15 error: StatusCode : 404, Message : Authentication token missing
2025-06-25 10:35:41 error: StatusCode : 400, Message : Expected double-quoted property name in JSON at position 332 (line 10 column 1)
2025-06-25 10:39:52 error: StatusCode : 404, Message : Authentication token missing
2025-06-25 10:41:05 error: StatusCode : 400, Message : Expected double-quoted property name in JSON at position 332 (line 10 column 1)
2025-06-25 10:41:35 error: StatusCode : 400, Message : Expected double-quoted property name in JSON at position 332 (line 10 column 1)
2025-06-25 10:49:01 error: StatusCode : 404, Message : Authentication token missing
2025-06-25 10:54:40 error: StatusCode : 404, Message : Authentication token missing
2025-06-25 10:54:45 error: StatusCode : 404, Message : Authentication token missing
2025-06-25 11:30:13 error: uncaughtException: Cannot read properties of undefined (reading 'insertcategory')
TypeError: Cannot read properties of undefined (reading 'insertcategory')
    at categoryRoute.initializeRoutes (D:\mmv1\mmv_freelance\backend\src\routes\categories.routes.ts:21:131)
    at new categoryRoute (D:\mmv1\mmv_freelance\backend\src\routes\categories.routes.ts:15:10)
    at Object.<anonymous> (D:\mmv1\mmv_freelance\backend\src\server.ts:11:66)
    at Module._compile (node:internal/modules/cjs/loader:1565:14)
    at Module.m._compile (D:\mmv1\mmv_freelance\backend\node_modules\ts-node\src\index.ts:1618:23)
    at node:internal/modules/cjs/loader:1708:10
    at Object.require.extensions.<computed> [as .ts] (D:\mmv1\mmv_freelance\backend\node_modules\ts-node\src\index.ts:1621:12)
    at Module.load (node:internal/modules/cjs/loader:1318:32)
    at Function._load (node:internal/modules/cjs/loader:1128:12)
    at TracingChannel.traceSync (node:diagnostics_channel:322:14)
2025-06-25 11:31:30 error: uncaughtException: Cannot read properties of undefined (reading 'insertcategory')
TypeError: Cannot read properties of undefined (reading 'insertcategory')
    at categoryRoute.initializeRoutes (D:\mmv1\mmv_freelance\backend\src\routes\categories.routes.ts:21:131)
    at new categoryRoute (D:\mmv1\mmv_freelance\backend\src\routes\categories.routes.ts:15:10)
    at Object.<anonymous> (D:\mmv1\mmv_freelance\backend\src\server.ts:11:66)
    at Module._compile (node:internal/modules/cjs/loader:1565:14)
    at Module.m._compile (D:\mmv1\mmv_freelance\backend\node_modules\ts-node\src\index.ts:1618:23)
    at node:internal/modules/cjs/loader:1708:10
    at Object.require.extensions.<computed> [as .ts] (D:\mmv1\mmv_freelance\backend\node_modules\ts-node\src\index.ts:1621:12)
    at Module.load (node:internal/modules/cjs/loader:1318:32)
    at Function._load (node:internal/modules/cjs/loader:1128:12)
    at TracingChannel.traceSync (node:diagnostics_channel:322:14)
2025-06-25 11:33:26 error: uncaughtException: Cannot read properties of undefined (reading 'insertcategory')
TypeError: Cannot read properties of undefined (reading 'insertcategory')
    at categoryRoute.initializeRoutes (D:\mmv1\mmv_freelance\backend\src\routes\categories.routes.ts:21:131)
    at new categoryRoute (D:\mmv1\mmv_freelance\backend\src\routes\categories.routes.ts:15:10)
    at Object.<anonymous> (D:\mmv1\mmv_freelance\backend\src\server.ts:11:66)
    at Module._compile (node:internal/modules/cjs/loader:1565:14)
    at Module.m._compile (D:\mmv1\mmv_freelance\backend\node_modules\ts-node\src\index.ts:1618:23)
    at node:internal/modules/cjs/loader:1708:10
    at Object.require.extensions.<computed> [as .ts] (D:\mmv1\mmv_freelance\backend\node_modules\ts-node\src\index.ts:1621:12)
    at Module.load (node:internal/modules/cjs/loader:1318:32)
    at Function._load (node:internal/modules/cjs/loader:1128:12)
    at TracingChannel.traceSync (node:diagnostics_channel:322:14)
2025-06-25 11:33:38 error: uncaughtException: Cannot read properties of undefined (reading 'insertcategory')
TypeError: Cannot read properties of undefined (reading 'insertcategory')
    at categoryRoute.initializeRoutes (D:\mmv1\mmv_freelance\backend\src\routes\categories.routes.ts:21:131)
    at new categoryRoute (D:\mmv1\mmv_freelance\backend\src\routes\categories.routes.ts:15:10)
    at Object.<anonymous> (D:\mmv1\mmv_freelance\backend\src\server.ts:11:66)
    at Module._compile (node:internal/modules/cjs/loader:1565:14)
    at Module.m._compile (D:\mmv1\mmv_freelance\backend\node_modules\ts-node\src\index.ts:1618:23)
    at node:internal/modules/cjs/loader:1708:10
    at Object.require.extensions.<computed> [as .ts] (D:\mmv1\mmv_freelance\backend\node_modules\ts-node\src\index.ts:1621:12)
    at Module.load (node:internal/modules/cjs/loader:1318:32)
    at Function._load (node:internal/modules/cjs/loader:1128:12)
    at TracingChannel.traceSync (node:diagnostics_channel:322:14)
2025-06-25 11:34:42 error: uncaughtException: Cannot read properties of undefined (reading 'insertcategory')
TypeError: Cannot read properties of undefined (reading 'insertcategory')
    at categoryRoute.initializeRoutes (D:\mmv1\mmv_freelance\backend\src\routes\categories.routes.ts:22:131)
    at new categoryRoute (D:\mmv1\mmv_freelance\backend\src\routes\categories.routes.ts:16:10)
    at Object.<anonymous> (D:\mmv1\mmv_freelance\backend\src\server.ts:11:66)
    at Module._compile (node:internal/modules/cjs/loader:1565:14)
    at Module.m._compile (D:\mmv1\mmv_freelance\backend\node_modules\ts-node\src\index.ts:1618:23)
    at node:internal/modules/cjs/loader:1708:10
    at Object.require.extensions.<computed> [as .ts] (D:\mmv1\mmv_freelance\backend\node_modules\ts-node\src\index.ts:1621:12)
    at Module.load (node:internal/modules/cjs/loader:1318:32)
    at Function._load (node:internal/modules/cjs/loader:1128:12)
    at TracingChannel.traceSync (node:diagnostics_channel:322:14)
2025-06-25 11:35:23 error: uncaughtException: Cannot read properties of undefined (reading 'insertcategory')
TypeError: Cannot read properties of undefined (reading 'insertcategory')
    at categoryRoute.initializeRoutes (D:\mmv1\mmv_freelance\backend\src\routes\categories.routes.ts:22:131)
    at new categoryRoute (D:\mmv1\mmv_freelance\backend\src\routes\categories.routes.ts:16:10)
    at Object.<anonymous> (D:\mmv1\mmv_freelance\backend\src\server.ts:11:66)
    at Module._compile (node:internal/modules/cjs/loader:1565:14)
    at Module.m._compile (D:\mmv1\mmv_freelance\backend\node_modules\ts-node\src\index.ts:1618:23)
    at node:internal/modules/cjs/loader:1708:10
    at Object.require.extensions.<computed> [as .ts] (D:\mmv1\mmv_freelance\backend\node_modules\ts-node\src\index.ts:1621:12)
    at Module.load (node:internal/modules/cjs/loader:1318:32)
    at Function._load (node:internal/modules/cjs/loader:1128:12)
    at TracingChannel.traceSync (node:diagnostics_channel:322:14)
2025-06-25 11:43:30 error: uncaughtException: Cannot read properties of undefined (reading 'insertcategory')
TypeError: Cannot read properties of undefined (reading 'insertcategory')
    at categoryRoute.initializeRoutes (D:\mmv1\mmv_freelance\backend\src\routes\categories.routes.ts:22:131)
    at new categoryRoute (D:\mmv1\mmv_freelance\backend\src\routes\categories.routes.ts:16:10)
    at Object.<anonymous> (D:\mmv1\mmv_freelance\backend\src\server.ts:11:66)
    at Module._compile (node:internal/modules/cjs/loader:1565:14)
    at Module.m._compile (D:\mmv1\mmv_freelance\backend\node_modules\ts-node\src\index.ts:1618:23)
    at node:internal/modules/cjs/loader:1708:10
    at Object.require.extensions.<computed> [as .ts] (D:\mmv1\mmv_freelance\backend\node_modules\ts-node\src\index.ts:1621:12)
    at Module.load (node:internal/modules/cjs/loader:1318:32)
    at Function._load (node:internal/modules/cjs/loader:1128:12)
    at TracingChannel.traceSync (node:diagnostics_channel:322:14)
2025-06-25 11:52:38 error: uncaughtException: Cannot read properties of undefined (reading 'insertcategory')
TypeError: Cannot read properties of undefined (reading 'insertcategory')
    at categoryRoute.initializeRoutes (D:\mmv1\mmv_freelance\backend\src\routes\categories.routes.ts:22:131)
    at new categoryRoute (D:\mmv1\mmv_freelance\backend\src\routes\categories.routes.ts:16:10)
    at Object.<anonymous> (D:\mmv1\mmv_freelance\backend\src\server.ts:11:66)
    at Module._compile (node:internal/modules/cjs/loader:1565:14)
    at Module.m._compile (D:\mmv1\mmv_freelance\backend\node_modules\ts-node\src\index.ts:1618:23)
    at node:internal/modules/cjs/loader:1708:10
    at Object.require.extensions.<computed> [as .ts] (D:\mmv1\mmv_freelance\backend\node_modules\ts-node\src\index.ts:1621:12)
    at Module.load (node:internal/modules/cjs/loader:1318:32)
    at Function._load (node:internal/modules/cjs/loader:1128:12)
    at TracingChannel.traceSync (node:diagnostics_channel:322:14)
2025-06-25 11:53:25 error: StatusCode : 404, Message : Authentication token missing
2025-06-25 11:54:58 error: StatusCode : 404, Message : Authentication token missing
2025-06-25 11:55:02 error: StatusCode : 404, Message : Authentication token missing
2025-06-25 11:59:00 error: uncaughtException: Cannot read properties of undefined (reading 'insertcategory')
TypeError: Cannot read properties of undefined (reading 'insertcategory')
    at categoryRoute.initializeRoutes (D:\mmv1\mmv_freelance\backend\src\routes\categories.routes.ts:22:131)
    at new categoryRoute (D:\mmv1\mmv_freelance\backend\src\routes\categories.routes.ts:16:10)
    at Object.<anonymous> (D:\mmv1\mmv_freelance\backend\src\server.ts:11:67)
    at Module._compile (node:internal/modules/cjs/loader:1565:14)
    at Module.m._compile (D:\mmv1\mmv_freelance\backend\node_modules\ts-node\src\index.ts:1618:23)
    at node:internal/modules/cjs/loader:1708:10
    at Object.require.extensions.<computed> [as .ts] (D:\mmv1\mmv_freelance\backend\node_modules\ts-node\src\index.ts:1621:12)
    at Module.load (node:internal/modules/cjs/loader:1318:32)
    at Function._load (node:internal/modules/cjs/loader:1128:12)
    at TracingChannel.traceSync (node:diagnostics_channel:322:14)
2025-06-25 12:04:28 error: uncaughtException: Cannot read properties of undefined (reading 'insertcategory')
TypeError: Cannot read properties of undefined (reading 'insertcategory')
    at categoryRoute.initializeRoutes (D:\mmv1\mmv_freelance\backend\src\routes\categories.routes.ts:22:131)
    at new categoryRoute (D:\mmv1\mmv_freelance\backend\src\routes\categories.routes.ts:16:10)
    at Object.<anonymous> (D:\mmv1\mmv_freelance\backend\src\server.ts:11:67)
    at Module._compile (node:internal/modules/cjs/loader:1565:14)
    at Module.m._compile (D:\mmv1\mmv_freelance\backend\node_modules\ts-node\src\index.ts:1618:23)
    at node:internal/modules/cjs/loader:1708:10
    at Object.require.extensions.<computed> [as .ts] (D:\mmv1\mmv_freelance\backend\node_modules\ts-node\src\index.ts:1621:12)
    at Module.load (node:internal/modules/cjs/loader:1318:32)
    at Function._load (node:internal/modules/cjs/loader:1128:12)
    at TracingChannel.traceSync (node:diagnostics_channel:322:14)
2025-06-25 12:14:21 error: uncaughtException: Cannot read properties of undefined (reading 'insertcategory')
TypeError: Cannot read properties of undefined (reading 'insertcategory')
    at categoryRoute.initializeRoutes (D:\mmv1\mmv_freelance\backend\src\routes\categories.routes.ts:22:131)
    at new categoryRoute (D:\mmv1\mmv_freelance\backend\src\routes\categories.routes.ts:16:10)
    at Object.<anonymous> (D:\mmv1\mmv_freelance\backend\src\server.ts:11:67)
    at Module._compile (node:internal/modules/cjs/loader:1565:14)
    at Module.m._compile (D:\mmv1\mmv_freelance\backend\node_modules\ts-node\src\index.ts:1618:23)
    at node:internal/modules/cjs/loader:1708:10
    at Object.require.extensions.<computed> [as .ts] (D:\mmv1\mmv_freelance\backend\node_modules\ts-node\src\index.ts:1621:12)
    at Module.load (node:internal/modules/cjs/loader:1318:32)
    at Function._load (node:internal/modules/cjs/loader:1128:12)
    at TracingChannel.traceSync (node:diagnostics_channel:322:14)
2025-06-25 12:23:04 error: uncaughtException: Cannot read properties of undefined (reading 'insertcategory')
TypeError: Cannot read properties of undefined (reading 'insertcategory')
    at categoryRoute.initializeRoutes (D:\mmv1\mmv_freelance\backend\src\routes\categories.routes.ts:22:131)
    at new categoryRoute (D:\mmv1\mmv_freelance\backend\src\routes\categories.routes.ts:16:10)
    at Object.<anonymous> (D:\mmv1\mmv_freelance\backend\src\server.ts:11:67)
    at Module._compile (node:internal/modules/cjs/loader:1565:14)
    at Module.m._compile (D:\mmv1\mmv_freelance\backend\node_modules\ts-node\src\index.ts:1618:23)
    at node:internal/modules/cjs/loader:1708:10
    at Object.require.extensions.<computed> [as .ts] (D:\mmv1\mmv_freelance\backend\node_modules\ts-node\src\index.ts:1621:12)
    at Module.load (node:internal/modules/cjs/loader:1318:32)
    at Function._load (node:internal/modules/cjs/loader:1128:12)
    at TracingChannel.traceSync (node:diagnostics_channel:322:14)
2025-06-25 12:23:24 error: uncaughtException: Cannot read properties of undefined (reading 'insertcategory')
TypeError: Cannot read properties of undefined (reading 'insertcategory')
    at categoryRoute.initializeRoutes (D:\mmv1\mmv_freelance\backend\src\routes\categories.routes.ts:22:131)
    at new categoryRoute (D:\mmv1\mmv_freelance\backend\src\routes\categories.routes.ts:16:10)
    at Object.<anonymous> (D:\mmv1\mmv_freelance\backend\src\server.ts:11:67)
    at Module._compile (node:internal/modules/cjs/loader:1565:14)
    at Module.m._compile (D:\mmv1\mmv_freelance\backend\node_modules\ts-node\src\index.ts:1618:23)
    at node:internal/modules/cjs/loader:1708:10
    at Object.require.extensions.<computed> [as .ts] (D:\mmv1\mmv_freelance\backend\node_modules\ts-node\src\index.ts:1621:12)
    at Module.load (node:internal/modules/cjs/loader:1318:32)
    at Function._load (node:internal/modules/cjs/loader:1128:12)
    at TracingChannel.traceSync (node:diagnostics_channel:322:14)
2025-06-25 12:23:48 error: uncaughtException: Cannot read properties of undefined (reading 'insertcategory')
TypeError: Cannot read properties of undefined (reading 'insertcategory')
    at categoryRoute.initializeRoutes (D:\mmv1\mmv_freelance\backend\src\routes\categories.routes.ts:22:131)
    at new categoryRoute (D:\mmv1\mmv_freelance\backend\src\routes\categories.routes.ts:16:10)
    at Object.<anonymous> (D:\mmv1\mmv_freelance\backend\src\server.ts:11:67)
    at Module._compile (node:internal/modules/cjs/loader:1565:14)
    at Module.m._compile (D:\mmv1\mmv_freelance\backend\node_modules\ts-node\src\index.ts:1618:23)
    at node:internal/modules/cjs/loader:1708:10
    at Object.require.extensions.<computed> [as .ts] (D:\mmv1\mmv_freelance\backend\node_modules\ts-node\src\index.ts:1621:12)
    at Module.load (node:internal/modules/cjs/loader:1318:32)
    at Function._load (node:internal/modules/cjs/loader:1128:12)
    at TracingChannel.traceSync (node:diagnostics_channel:322:14)
2025-06-25 12:24:08 error: uncaughtException: Cannot read properties of undefined (reading 'insertcategory')
TypeError: Cannot read properties of undefined (reading 'insertcategory')
    at categoryRoute.initializeRoutes (D:\mmv1\mmv_freelance\backend\src\routes\categories.routes.ts:22:131)
    at new categoryRoute (D:\mmv1\mmv_freelance\backend\src\routes\categories.routes.ts:16:10)
    at Object.<anonymous> (D:\mmv1\mmv_freelance\backend\src\server.ts:11:67)
    at Module._compile (node:internal/modules/cjs/loader:1565:14)
    at Module.m._compile (D:\mmv1\mmv_freelance\backend\node_modules\ts-node\src\index.ts:1618:23)
    at node:internal/modules/cjs/loader:1708:10
    at Object.require.extensions.<computed> [as .ts] (D:\mmv1\mmv_freelance\backend\node_modules\ts-node\src\index.ts:1621:12)
    at Module.load (node:internal/modules/cjs/loader:1318:32)
    at Function._load (node:internal/modules/cjs/loader:1128:12)
    at TracingChannel.traceSync (node:diagnostics_channel:322:14)
2025-06-25 12:25:22 error: uncaughtException: Cannot read properties of undefined (reading 'insertcategory')
TypeError: Cannot read properties of undefined (reading 'insertcategory')
    at categoryRoute.initializeRoutes (D:\mmv1\mmv_freelance\backend\src\routes\categories.routes.ts:22:131)
    at new categoryRoute (D:\mmv1\mmv_freelance\backend\src\routes\categories.routes.ts:16:10)
    at Object.<anonymous> (D:\mmv1\mmv_freelance\backend\src\server.ts:11:67)
    at Module._compile (node:internal/modules/cjs/loader:1565:14)
    at Module.m._compile (D:\mmv1\mmv_freelance\backend\node_modules\ts-node\src\index.ts:1618:23)
    at node:internal/modules/cjs/loader:1708:10
    at Object.require.extensions.<computed> [as .ts] (D:\mmv1\mmv_freelance\backend\node_modules\ts-node\src\index.ts:1621:12)
    at Module.load (node:internal/modules/cjs/loader:1318:32)
    at Function._load (node:internal/modules/cjs/loader:1128:12)
    at TracingChannel.traceSync (node:diagnostics_channel:322:14)
2025-06-25 12:49:02 error: uncaughtException: Cannot read properties of undefined (reading 'insertcategory')
TypeError: Cannot read properties of undefined (reading 'insertcategory')
    at categoryRoute.initializeRoutes (D:\mmv1\mmv_freelance\backend\src\routes\categories.routes.ts:22:131)
    at new categoryRoute (D:\mmv1\mmv_freelance\backend\src\routes\categories.routes.ts:16:10)
    at Object.<anonymous> (D:\mmv1\mmv_freelance\backend\src\server.ts:11:67)
    at Module._compile (node:internal/modules/cjs/loader:1565:14)
    at Module.m._compile (D:\mmv1\mmv_freelance\backend\node_modules\ts-node\src\index.ts:1618:23)
    at node:internal/modules/cjs/loader:1708:10
    at Object.require.extensions.<computed> [as .ts] (D:\mmv1\mmv_freelance\backend\node_modules\ts-node\src\index.ts:1621:12)
    at Module.load (node:internal/modules/cjs/loader:1318:32)
    at Function._load (node:internal/modules/cjs/loader:1128:12)
    at TracingChannel.traceSync (node:diagnostics_channel:322:14)
2025-06-25 12:49:27 error: uncaughtException: Cannot read properties of undefined (reading 'insertcategory')
TypeError: Cannot read properties of undefined (reading 'insertcategory')
    at categoryRoute.initializeRoutes (D:\mmv1\mmv_freelance\backend\src\routes\categories.routes.ts:22:131)
    at new categoryRoute (D:\mmv1\mmv_freelance\backend\src\routes\categories.routes.ts:16:10)
    at Object.<anonymous> (D:\mmv1\mmv_freelance\backend\src\server.ts:11:66)
    at Module._compile (node:internal/modules/cjs/loader:1565:14)
    at Module.m._compile (D:\mmv1\mmv_freelance\backend\node_modules\ts-node\src\index.ts:1618:23)
    at node:internal/modules/cjs/loader:1708:10
    at Object.require.extensions.<computed> [as .ts] (D:\mmv1\mmv_freelance\backend\node_modules\ts-node\src\index.ts:1621:12)
    at Module.load (node:internal/modules/cjs/loader:1318:32)
    at Function._load (node:internal/modules/cjs/loader:1128:12)
    at TracingChannel.traceSync (node:diagnostics_channel:322:14)
2025-06-25 13:01:41 error: uncaughtException: Cannot read properties of undefined (reading 'insertcategory')
TypeError: Cannot read properties of undefined (reading 'insertcategory')
    at categoryRoute.initializeRoutes (D:\mmv1\mmv_freelance\backend\src\routes\categories.routes.ts:22:131)
    at new categoryRoute (D:\mmv1\mmv_freelance\backend\src\routes\categories.routes.ts:16:10)
    at Object.<anonymous> (D:\mmv1\mmv_freelance\backend\src\server.ts:11:66)
    at Module._compile (node:internal/modules/cjs/loader:1565:14)
    at Module.m._compile (D:\mmv1\mmv_freelance\backend\node_modules\ts-node\src\index.ts:1618:23)
    at node:internal/modules/cjs/loader:1708:10
    at Object.require.extensions.<computed> [as .ts] (D:\mmv1\mmv_freelance\backend\node_modules\ts-node\src\index.ts:1621:12)
    at Module.load (node:internal/modules/cjs/loader:1318:32)
    at Function._load (node:internal/modules/cjs/loader:1128:12)
    at TracingChannel.traceSync (node:diagnostics_channel:322:14)
2025-06-25 13:07:29 error: uncaughtException: Cannot read properties of undefined (reading 'insertcategory')
TypeError: Cannot read properties of undefined (reading 'insertcategory')
    at categoryRoute.initializeRoutes (D:\mmv1\mmv_freelance\backend\src\routes\categories.routes.ts:22:131)
    at new categoryRoute (D:\mmv1\mmv_freelance\backend\src\routes\categories.routes.ts:16:10)
    at Object.<anonymous> (D:\mmv1\mmv_freelance\backend\src\server.ts:11:66)
    at Module._compile (node:internal/modules/cjs/loader:1565:14)
    at Module.m._compile (D:\mmv1\mmv_freelance\backend\node_modules\ts-node\src\index.ts:1618:23)
    at node:internal/modules/cjs/loader:1708:10
    at Object.require.extensions.<computed> [as .ts] (D:\mmv1\mmv_freelance\backend\node_modules\ts-node\src\index.ts:1621:12)
    at Module.load (node:internal/modules/cjs/loader:1318:32)
    at Function._load (node:internal/modules/cjs/loader:1128:12)
    at TracingChannel.traceSync (node:diagnostics_channel:322:14)
2025-06-25 13:07:32 error: uncaughtException: Cannot read properties of undefined (reading 'insertcategory')
TypeError: Cannot read properties of undefined (reading 'insertcategory')
    at categoryRoute.initializeRoutes (D:\mmv1\mmv_freelance\backend\src\routes\categories.routes.ts:22:131)
    at new categoryRoute (D:\mmv1\mmv_freelance\backend\src\routes\categories.routes.ts:16:10)
    at Object.<anonymous> (D:\mmv1\mmv_freelance\backend\src\server.ts:11:66)
    at Module._compile (node:internal/modules/cjs/loader:1565:14)
    at Module.m._compile (D:\mmv1\mmv_freelance\backend\node_modules\ts-node\src\index.ts:1618:23)
    at node:internal/modules/cjs/loader:1708:10
    at Object.require.extensions.<computed> [as .ts] (D:\mmv1\mmv_freelance\backend\node_modules\ts-node\src\index.ts:1621:12)
    at Module.load (node:internal/modules/cjs/loader:1318:32)
    at Function._load (node:internal/modules/cjs/loader:1128:12)
    at TracingChannel.traceSync (node:diagnostics_channel:322:14)
2025-06-25 13:07:34 error: uncaughtException: Cannot read properties of undefined (reading 'addcategory')
TypeError: Cannot read properties of undefined (reading 'addcategory')
    at categoryRoute.initializeRoutes (D:\mmv1\mmv_freelance\backend\src\routes\categories.routes.ts:22:131)
    at new categoryRoute (D:\mmv1\mmv_freelance\backend\src\routes\categories.routes.ts:16:10)
    at Object.<anonymous> (D:\mmv1\mmv_freelance\backend\src\server.ts:11:66)
    at Module._compile (node:internal/modules/cjs/loader:1565:14)
    at Module.m._compile (D:\mmv1\mmv_freelance\backend\node_modules\ts-node\src\index.ts:1618:23)
    at node:internal/modules/cjs/loader:1708:10
    at Object.require.extensions.<computed> [as .ts] (D:\mmv1\mmv_freelance\backend\node_modules\ts-node\src\index.ts:1621:12)
    at Module.load (node:internal/modules/cjs/loader:1318:32)
    at Function._load (node:internal/modules/cjs/loader:1128:12)
    at TracingChannel.traceSync (node:diagnostics_channel:322:14)
2025-06-25 13:13:23 error: uncaughtException: Cannot read properties of undefined (reading 'addcategory')
TypeError: Cannot read properties of undefined (reading 'addcategory')
    at categoryRoute.initializeRoutes (D:\mmv1\mmv_freelance\backend\src\routes\categories.routes.ts:22:131)
    at new categoryRoute (D:\mmv1\mmv_freelance\backend\src\routes\categories.routes.ts:16:10)
    at Object.<anonymous> (D:\mmv1\mmv_freelance\backend\src\server.ts:11:66)
    at Module._compile (node:internal/modules/cjs/loader:1565:14)
    at Module.m._compile (D:\mmv1\mmv_freelance\backend\node_modules\ts-node\src\index.ts:1618:23)
    at node:internal/modules/cjs/loader:1708:10
    at Object.require.extensions.<computed> [as .ts] (D:\mmv1\mmv_freelance\backend\node_modules\ts-node\src\index.ts:1621:12)
    at Module.load (node:internal/modules/cjs/loader:1318:32)
    at Function._load (node:internal/modules/cjs/loader:1128:12)
    at TracingChannel.traceSync (node:diagnostics_channel:322:14)
2025-06-25 13:22:55 error: uncaughtException: Cannot read properties of undefined (reading 'addcategory')
TypeError: Cannot read properties of undefined (reading 'addcategory')
    at categoryRoute.initializeRoutes (D:\mmv1\mmv_freelance\backend\src\routes\categories.routes.ts:22:131)
    at new categoryRoute (D:\mmv1\mmv_freelance\backend\src\routes\categories.routes.ts:16:10)
    at Object.<anonymous> (D:\mmv1\mmv_freelance\backend\src\server.ts:11:66)
    at Module._compile (node:internal/modules/cjs/loader:1565:14)
    at Module.m._compile (D:\mmv1\mmv_freelance\backend\node_modules\ts-node\src\index.ts:1618:23)
    at node:internal/modules/cjs/loader:1708:10
    at Object.require.extensions.<computed> [as .ts] (D:\mmv1\mmv_freelance\backend\node_modules\ts-node\src\index.ts:1621:12)
    at Module.load (node:internal/modules/cjs/loader:1318:32)
    at Function._load (node:internal/modules/cjs/loader:1128:12)
    at TracingChannel.traceSync (node:diagnostics_channel:322:14)
2025-06-25 13:24:53 error: uncaughtException: Cannot read properties of undefined (reading 'addcategory')
TypeError: Cannot read properties of undefined (reading 'addcategory')
    at categoryRoute.initializeRoutes (D:\mmv1\mmv_freelance\backend\src\routes\categories.routes.ts:22:131)
    at new categoryRoute (D:\mmv1\mmv_freelance\backend\src\routes\categories.routes.ts:16:10)
    at Object.<anonymous> (D:\mmv1\mmv_freelance\backend\src\server.ts:11:66)
    at Module._compile (node:internal/modules/cjs/loader:1565:14)
    at Module.m._compile (D:\mmv1\mmv_freelance\backend\node_modules\ts-node\src\index.ts:1618:23)
    at node:internal/modules/cjs/loader:1708:10
    at Object.require.extensions.<computed> [as .ts] (D:\mmv1\mmv_freelance\backend\node_modules\ts-node\src\index.ts:1621:12)
    at Module.load (node:internal/modules/cjs/loader:1318:32)
    at Function._load (node:internal/modules/cjs/loader:1128:12)
    at TracingChannel.traceSync (node:diagnostics_channel:322:14)
2025-06-25 13:30:50 error: StatusCode : 400, Message : categories_name should not be empty, categories_name must be a string, categories_value should not be empty, categories_value must be a string, categories_slug should not be empty, categories_slug must be a string
2025-06-25 13:31:21 error: StatusCode : 400, Message : categories_name should not be empty, categories_name must be a string, categories_value should not be empty, categories_value must be a string, categories_slug should not be empty, categories_slug must be a string
2025-06-25 13:32:43 error: StatusCode : 400, Message : categories_name should not be empty, categories_name must be a string, categories_value should not be empty, categories_value must be a string, categories_slug should not be empty, categories_slug must be a string
2025-06-25 14:34:07 error: StatusCode : 400, Message : categories_name should not be empty, categories_name must be a string, categories_value should not be empty, categories_value must be a string, categories_slug should not be empty, categories_slug must be a string
2025-06-25 14:39:22 error: StatusCode : 500, Message : Cannot read properties of undefined (reading 'addcategory')
2025-06-25 14:40:40 error: StatusCode : 500, Message : Cannot read properties of undefined (reading 'addcategory')
2025-06-25 15:44:49 error: StatusCode : 404, Message : Authentication token missing
2025-06-25 15:48:53 error: StatusCode : 400, Message : Event ID is required
2025-06-25 15:50:24 error: StatusCode : 400, Message : Category ID is required
2025-06-25 15:58:39 error: StatusCode : 400, Message : Category ID is required
2025-06-25 15:58:47 error: StatusCode : 400, Message : Category ID is required
2025-06-25 15:59:02 error: StatusCode : 400, Message : Category ID is required
2025-06-25 16:51:42 error: StatusCode : 404, Message : Authentication token missing
2025-06-25 17:42:50 error: StatusCode : 500, Message : this.categoryController.updatecategory is not a function
2025-06-25 17:50:29 error: StatusCode : 500, Message : this.categoryController.updatecategory is not a function
2025-06-25 17:50:38 error: StatusCode : 500, Message : this.categoryController.updatecategory is not a function
2025-06-25 17:51:21 error: StatusCode : 500, Message : this.categoryController.updatecategory is not a function
2025-06-25 17:52:42 error: StatusCode : 500, Message : update "category" set "name" = $1, "value" = $2, "slug" = $3, "tags" = $4, "notes" = $5, "is_active" = $6, "created_by" = $7, "created_at" = $8 where "categoryId" = $9 returning * - column "categoryId" does not exist
2025-06-25 17:58:55 error: StatusCode : 400, Message : created_by must be an integer number
2025-06-25 17:59:46 error: StatusCode : 500, Message : update "category" set "name" = $1, "value" = $2, "slug" = $3, "tags" = $4, "notes" = $5, "is_active" = $6 where "categoryId" = $7 returning * - column "categoryId" does not exist
2025-06-25 18:02:25 error: StatusCode : 500, Message : update "category" set "category_id" = $1, "name" = $2, "value" = $3, "slug" = $4, "tags" = $5, "notes" = $6, "is_active" = $7, "updated_at" = $8, "updated_by" = $9 where "categoryId" = $10 returning * - column "categoryId" does not exist
2025-06-25 18:02:41 error: StatusCode : 500, Message : update "category" set "name" = $1, "value" = $2, "slug" = $3, "tags" = $4, "notes" = $5, "is_active" = $6, "updated_at" = $7, "updated_by" = $8 where "categoryId" = $9 returning * - column "categoryId" does not exist
2025-06-25 18:03:31 error: StatusCode : 500, Message : update "category" set "name" = $1, "value" = $2, "slug" = $3, "tags" = $4, "notes" = $5, "is_active" = $6, "updated_at" = $7, "updated_by" = $8 where "categoryId" = $9 returning * - column "categoryId" does not exist
2025-06-25 18:03:53 error: StatusCode : 500, Message : update "category" set "name" = $1, "value" = $2, "slug" = $3, "tags" = $4, "notes" = $5, "is_active" = $6, "updated_at" = $7, "updated_by" = $8 where "categoryId" = $9 returning * - column "categoryId" does not exist
2025-06-25 18:04:07 error: StatusCode : 500, Message : update "category" set "name" = $1, "value" = $2, "slug" = $3, "tags" = $4, "notes" = $5, "is_active" = $6, "updated_at" = $7, "updated_by" = $8 where "categoryId" = $9 returning * - column "categoryId" does not exist
2025-06-25 18:04:52 error: StatusCode : 500, Message : update "category" set "name" = $1, "value" = $2, "slug" = $3, "tags" = $4, "notes" = $5, "is_active" = $6, "updated_at" = $7, "updated_by" = $8 where "categoryId" = $9 returning * - column "categoryId" does not exist
2025-06-25 18:05:37 error: StatusCode : 500, Message : update "category" set "name" = $1, "value" = $2, "slug" = $3, "tags" = $4, "notes" = $5, "is_active" = $6, "updated_at" = $7, "updated_by" = $8 where "categoryId" = $9 returning * - column "categoryId" does not exist
2025-06-25 18:12:32 error: StatusCode : 500, Message : update "category" set "name" = $1, "value" = $2, "slug" = $3, "tags" = $4, "notes" = $5, "is_active" = $6, "updated_at" = $7, "updated_by" = $8 where "categoryId" = $9 returning * - column "categoryId" does not exist
2025-06-25 18:16:42 error: StatusCode : 500, Message : update "category" set "name" = $1, "value" = $2, "slug" = $3, "tags" = $4, "notes" = $5, "is_active" = $6, "updated_at" = $7, "updated_by" = $8 where "categoryId" = $9 returning * - column "categoryId" does not exist
2025-06-25 18:17:41 error: StatusCode : 500, Message : update "category" set "name" = $1, "value" = $2, "slug" = $3, "tags" = $4, "notes" = $5, "is_active" = $6, "updated_at" = $7, "updated_by" = $8 where "categoryId" = $9 returning * - column "categoryId" does not exist
2025-06-25 18:19:50 error: StatusCode : 500, Message : update "category" set "name" = $1, "value" = $2, "slug" = $3, "tags" = $4, "notes" = $5, "is_active" = $6, "updated_at" = $7, "updated_by" = $8 where "categoryId" = $9 returning * - column "categoryId" does not exist
2025-06-25 18:20:01 error: StatusCode : 500, Message : update "category" set "name" = $1, "value" = $2, "slug" = $3, "tags" = $4, "notes" = $5, "is_active" = $6, "updated_at" = $7, "updated_by" = $8 where "categoryId" = $9 returning * - column "categoryId" does not exist
2025-06-25 18:23:51 error: StatusCode : 404, Message : Authentication token missing
2025-06-25 18:24:04 error: StatusCode : 400, Message : name should not be empty, name must be a string, value should not be empty, value must be a string, slug should not be empty, slug must be a string
2025-06-25 18:24:37 error: StatusCode : 500, Message : update "category" set "name" = $1, "value" = $2, "slug" = $3, "tags" = $4, "notes" = $5, "is_active" = $6, "updated_at" = $7, "updated_by" = $8 where "categoryId" = $9 returning * - column "categoryId" does not exist
2025-06-25 18:24:48 error: StatusCode : 500, Message : update "category" set "name" = $1, "value" = $2, "slug" = $3, "tags" = $4, "notes" = $5, "is_active" = $6, "updated_at" = $7, "updated_by" = $8 where "categoryId" = $9 returning * - column "categoryId" does not exist
2025-06-25 18:25:17 error: StatusCode : 500, Message : update "category" set "name" = $1, "value" = $2, "slug" = $3, "tags" = $4, "notes" = $5, "is_active" = $6, "updated_at" = $7, "updated_by" = $8 where "categoryId" = $9 returning * - column "categoryId" does not exist
2025-06-25 18:25:21 error: StatusCode : 500, Message : update "category" set "name" = $1, "value" = $2, "slug" = $3, "tags" = $4, "notes" = $5, "is_active" = $6, "updated_at" = $7, "updated_by" = $8 where "categoryId" = $9 returning * - column "categoryId" does not exist
2025-06-25 18:35:33 error: StatusCode : 500, Message : The operator "undefined" is not permitted
2025-06-25 18:35:48 error: StatusCode : 400, Message : category_id should not be empty, category_id must be an integer number
2025-06-25 18:35:53 error: StatusCode : 400, Message : category_id should not be empty, category_id must be an integer number
2025-06-25 18:36:26 error: StatusCode : 500, Message : The operator "undefined" is not permitted
2025-06-25 18:40:59 error: StatusCode : 500, Message : The operator "undefined" is not permitted
2025-06-25 18:50:08 error: StatusCode : 500, Message : The operator "undefined" is not permitted
2025-06-25 18:50:10 error: StatusCode : 500, Message : The operator "undefined" is not permitted
2025-06-25 18:50:12 error: StatusCode : 500, Message : The operator "undefined" is not permitted
2025-06-25 18:50:13 error: StatusCode : 500, Message : The operator "undefined" is not permitted
2025-06-25 18:50:49 error: StatusCode : 404, Message : Category not found or not updated
2025-06-25 18:54:23 error: StatusCode : 404, Message : Category not found or not updated
2025-06-25 18:54:33 error: StatusCode : 404, Message : Category not found or not updated
2025-06-25 18:54:58 error: StatusCode : 500, Message : The operator "undefined" is not permitted
2025-06-25 19:01:38 error: StatusCode : 500, Message : The operator "undefined" is not permitted
2025-06-25 19:01:40 error: StatusCode : 500, Message : The operator "undefined" is not permitted
2025-06-25 19:02:18 error: StatusCode : 500, Message : The operator "undefined" is not permitted
2025-06-25 19:03:21 error: StatusCode : 404, Message : Category not found or not updated
2025-06-25 19:07:38 error: StatusCode : 404, Message : Category not found or not updated
2025-06-25 19:08:33 error: StatusCode : 404, Message : Category not found or not updated
2025-06-25 19:11:10 error: StatusCode : 404, Message : Category not found or not updated
2025-06-25 19:11:52 error: StatusCode : 400, Message : category_id should not be empty, category_id must be an integer number
2025-06-25 19:12:08 error: StatusCode : 404, Message : Category not found or not updated
2025-06-25 19:13:25 error: StatusCode : 404, Message : Category not found or not updated
2025-06-25 19:14:43 error: StatusCode : 404, Message : Category not found or not updated
2025-06-25 19:30:12 error: StatusCode : 404, Message : Category not found or not updated
2025-06-25 20:54:06 error: StatusCode : 400, Message : Unexpected token '}', ..."te_at": 
}
" is not valid JSON
2025-06-25 20:55:09 error: StatusCode : 400, Message : Unexpected token '}', ..."ete_at":
}
" is not valid JSON
