2025-07-02 10:32:22 error: StatusCode : 400, Message :  Notification is null
2025-07-02 10:32:24 error: StatusCode : 400, Message :  Notification is null
2025-07-02 10:32:27 error: StatusCode : 400, Message :  Notification is null
2025-07-02 10:35:24 error: StatusCode : 401, Message : Wrong authentication token
2025-07-02 10:35:59 error: uncaughtException: ID must be a valid number
Error: ID must be a valid number
    at NotificationController.notificationcount (D:\mmv1\mmv_freelance\backend\src\controllers\notification.controller.ts:60:15)
    at D:\mmv1\mmv_freelance\backend\src\routes\notification.routes.ts:22:95
    at Layer.handle [as handle_request] (D:\mmv1\mmv_freelance\backend\node_modules\express\lib\router\layer.js:95:5)
    at next (D:\mmv1\mmv_freelance\backend\node_modules\express\lib\router\route.js:149:13)
    at Route.dispatch (D:\mmv1\mmv_freelance\backend\node_modules\express\lib\router\route.js:119:3)
    at Layer.handle [as handle_request] (D:\mmv1\mmv_freelance\backend\node_modules\express\lib\router\layer.js:95:5)
    at D:\mmv1\mmv_freelance\backend\node_modules\express\lib\router\index.js:284:15
    at Function.process_params (D:\mmv1\mmv_freelance\backend\node_modules\express\lib\router\index.js:346:12)
    at next (D:\mmv1\mmv_freelance\backend\node_modules\express\lib\router\index.js:280:10)
    at Function.handle (D:\mmv1\mmv_freelance\backend\node_modules\express\lib\router\index.js:175:3)
2025-07-02 10:38:21 error: uncaughtException: ID must be a valid number
Error: ID must be a valid number
    at NotificationController.notificationcount (D:\mmv1\mmv_freelance\backend\src\controllers\notification.controller.ts:60:19)
    at D:\mmv1\mmv_freelance\backend\src\routes\notification.routes.ts:22:95
    at Layer.handle [as handle_request] (D:\mmv1\mmv_freelance\backend\node_modules\express\lib\router\layer.js:95:5)
    at next (D:\mmv1\mmv_freelance\backend\node_modules\express\lib\router\route.js:149:13)
    at Route.dispatch (D:\mmv1\mmv_freelance\backend\node_modules\express\lib\router\route.js:119:3)
    at Layer.handle [as handle_request] (D:\mmv1\mmv_freelance\backend\node_modules\express\lib\router\layer.js:95:5)
    at D:\mmv1\mmv_freelance\backend\node_modules\express\lib\router\index.js:284:15
    at Function.process_params (D:\mmv1\mmv_freelance\backend\node_modules\express\lib\router\index.js:346:12)
    at next (D:\mmv1\mmv_freelance\backend\node_modules\express\lib\router\index.js:280:10)
    at Function.handle (D:\mmv1\mmv_freelance\backend\node_modules\express\lib\router\index.js:175:3)
2025-07-02 10:49:19 error: StatusCode : 404, Message : Notification not found
2025-07-02 10:49:21 error: StatusCode : 404, Message : Notification not found
2025-07-02 10:49:23 error: StatusCode : 404, Message : Notification not found
2025-07-02 10:49:35 error: StatusCode : 404, Message : Notification not found
2025-07-02 10:49:41 error: StatusCode : 404, Message : Notification not found
2025-07-02 10:59:27 error: StatusCode : 404, Message : Notification not found
2025-07-02 10:59:29 error: StatusCode : 404, Message : Notification not found
2025-07-02 11:01:26 error: StatusCode : 404, Message : Notification not found
2025-07-02 11:01:27 error: StatusCode : 404, Message : Notification not found
2025-07-02 11:14:19 error: StatusCode : 400, Message :  Notification is null
2025-07-02 11:14:20 error: StatusCode : 400, Message :  Notification is null
2025-07-02 11:15:02 error: StatusCode : 400, Message :  Notification is null
2025-07-02 11:15:07 error: StatusCode : 400, Message :  Notification is null
2025-07-02 11:15:09 error: StatusCode : 400, Message :  Notification is null
2025-07-02 11:15:15 error: StatusCode : 400, Message :  Notification is null
2025-07-02 11:15:20 error: StatusCode : 400, Message :  Notification is null
2025-07-02 11:15:29 error: uncaughtException: ID must be a valid number
Error: ID must be a valid number
    at NotificationController.notificationcount (D:\mmv1\mmv_freelance\backend\src\controllers\notification.controller.ts:63:19)
    at D:\mmv1\mmv_freelance\backend\src\routes\notification.routes.ts:22:99
    at Layer.handle [as handle_request] (D:\mmv1\mmv_freelance\backend\node_modules\express\lib\router\layer.js:95:5)
    at next (D:\mmv1\mmv_freelance\backend\node_modules\express\lib\router\route.js:149:13)
    at Route.dispatch (D:\mmv1\mmv_freelance\backend\node_modules\express\lib\router\route.js:119:3)
    at Layer.handle [as handle_request] (D:\mmv1\mmv_freelance\backend\node_modules\express\lib\router\layer.js:95:5)
    at D:\mmv1\mmv_freelance\backend\node_modules\express\lib\router\index.js:284:15
    at param (D:\mmv1\mmv_freelance\backend\node_modules\express\lib\router\index.js:365:14)
    at param (D:\mmv1\mmv_freelance\backend\node_modules\express\lib\router\index.js:376:14)
    at Function.process_params (D:\mmv1\mmv_freelance\backend\node_modules\express\lib\router\index.js:421:3)
2025-07-02 11:16:55 error: uncaughtException: User ID must be a valid number
Error: User ID must be a valid number
    at NotificationController.notificationcount (D:\mmv1\mmv_freelance\backend\src\controllers\notification.controller.ts:63:19)
    at D:\mmv1\mmv_freelance\backend\src\routes\notification.routes.ts:22:99
    at Layer.handle [as handle_request] (D:\mmv1\mmv_freelance\backend\node_modules\express\lib\router\layer.js:95:5)
    at next (D:\mmv1\mmv_freelance\backend\node_modules\express\lib\router\route.js:149:13)
    at Route.dispatch (D:\mmv1\mmv_freelance\backend\node_modules\express\lib\router\route.js:119:3)
    at Layer.handle [as handle_request] (D:\mmv1\mmv_freelance\backend\node_modules\express\lib\router\layer.js:95:5)
    at D:\mmv1\mmv_freelance\backend\node_modules\express\lib\router\index.js:284:15
    at param (D:\mmv1\mmv_freelance\backend\node_modules\express\lib\router\index.js:365:14)
    at param (D:\mmv1\mmv_freelance\backend\node_modules\express\lib\router\index.js:376:14)
    at Function.process_params (D:\mmv1\mmv_freelance\backend\node_modules\express\lib\router\index.js:421:3)
2025-07-02 11:18:43 error: uncaughtException: User ID must be a valid number
Error: User ID must be a valid number
    at NotificationController.notificationcount (D:\mmv1\mmv_freelance\backend\src\controllers\notification.controller.ts:63:19)
    at D:\mmv1\mmv_freelance\backend\src\routes\notification.routes.ts:22:103
    at Layer.handle [as handle_request] (D:\mmv1\mmv_freelance\backend\node_modules\express\lib\router\layer.js:95:5)
    at next (D:\mmv1\mmv_freelance\backend\node_modules\express\lib\router\route.js:149:13)
    at Route.dispatch (D:\mmv1\mmv_freelance\backend\node_modules\express\lib\router\route.js:119:3)
    at Layer.handle [as handle_request] (D:\mmv1\mmv_freelance\backend\node_modules\express\lib\router\layer.js:95:5)
    at D:\mmv1\mmv_freelance\backend\node_modules\express\lib\router\index.js:284:15
    at param (D:\mmv1\mmv_freelance\backend\node_modules\express\lib\router\index.js:365:14)
    at param (D:\mmv1\mmv_freelance\backend\node_modules\express\lib\router\index.js:376:14)
    at Function.process_params (D:\mmv1\mmv_freelance\backend\node_modules\express\lib\router\index.js:421:3)
2025-07-02 11:26:59 error: uncaughtException: User ID must be a valid number
Error: User ID must be a valid number
    at NotificationController.notificationcount (D:\mmv1\mmv_freelance\backend\src\controllers\notification.controller.ts:63:19)
    at D:\mmv1\mmv_freelance\backend\src\routes\notification.routes.ts:22:99
    at Layer.handle [as handle_request] (D:\mmv1\mmv_freelance\backend\node_modules\express\lib\router\layer.js:95:5)
    at next (D:\mmv1\mmv_freelance\backend\node_modules\express\lib\router\route.js:149:13)
    at Route.dispatch (D:\mmv1\mmv_freelance\backend\node_modules\express\lib\router\route.js:119:3)
    at Layer.handle [as handle_request] (D:\mmv1\mmv_freelance\backend\node_modules\express\lib\router\layer.js:95:5)
    at D:\mmv1\mmv_freelance\backend\node_modules\express\lib\router\index.js:284:15
    at param (D:\mmv1\mmv_freelance\backend\node_modules\express\lib\router\index.js:365:14)
    at param (D:\mmv1\mmv_freelance\backend\node_modules\express\lib\router\index.js:376:14)
    at Function.process_params (D:\mmv1\mmv_freelance\backend\node_modules\express\lib\router\index.js:421:3)
2025-07-02 11:28:50 error: uncaughtException: User ID must be a valid number
Error: User ID must be a valid number
    at NotificationController.notificationcount (D:\mmv1\mmv_freelance\backend\src\controllers\notification.controller.ts:63:19)
    at D:\mmv1\mmv_freelance\backend\src\routes\notification.routes.ts:22:99
    at Layer.handle [as handle_request] (D:\mmv1\mmv_freelance\backend\node_modules\express\lib\router\layer.js:95:5)
    at next (D:\mmv1\mmv_freelance\backend\node_modules\express\lib\router\route.js:149:13)
    at Route.dispatch (D:\mmv1\mmv_freelance\backend\node_modules\express\lib\router\route.js:119:3)
    at Layer.handle [as handle_request] (D:\mmv1\mmv_freelance\backend\node_modules\express\lib\router\layer.js:95:5)
    at D:\mmv1\mmv_freelance\backend\node_modules\express\lib\router\index.js:284:15
    at param (D:\mmv1\mmv_freelance\backend\node_modules\express\lib\router\index.js:365:14)
    at param (D:\mmv1\mmv_freelance\backend\node_modules\express\lib\router\index.js:376:14)
    at Function.process_params (D:\mmv1\mmv_freelance\backend\node_modules\express\lib\router\index.js:421:3)
2025-07-02 11:33:34 error: uncaughtException: User ID must be a valid number
Error: User ID must be a valid number
    at NotificationController.notificationcount (D:\mmv1\mmv_freelance\backend\src\controllers\notification.controller.ts:63:19)
    at D:\mmv1\mmv_freelance\backend\src\routes\notification.routes.ts:22:95
    at Layer.handle [as handle_request] (D:\mmv1\mmv_freelance\backend\node_modules\express\lib\router\layer.js:95:5)
    at next (D:\mmv1\mmv_freelance\backend\node_modules\express\lib\router\route.js:149:13)
    at Route.dispatch (D:\mmv1\mmv_freelance\backend\node_modules\express\lib\router\route.js:119:3)
    at Layer.handle [as handle_request] (D:\mmv1\mmv_freelance\backend\node_modules\express\lib\router\layer.js:95:5)
    at D:\mmv1\mmv_freelance\backend\node_modules\express\lib\router\index.js:284:15
    at Function.process_params (D:\mmv1\mmv_freelance\backend\node_modules\express\lib\router\index.js:346:12)
    at next (D:\mmv1\mmv_freelance\backend\node_modules\express\lib\router\index.js:280:10)
    at Function.handle (D:\mmv1\mmv_freelance\backend\node_modules\express\lib\router\index.js:175:3)
2025-07-02 11:35:09 error: uncaughtException: User ID must be a valid number
Error: User ID must be a valid number
    at NotificationController.notificationcount (D:\mmv1\mmv_freelance\backend\src\controllers\notification.controller.ts:63:19)
    at D:\mmv1\mmv_freelance\backend\src\routes\notification.routes.ts:22:99
    at Layer.handle [as handle_request] (D:\mmv1\mmv_freelance\backend\node_modules\express\lib\router\layer.js:95:5)
    at next (D:\mmv1\mmv_freelance\backend\node_modules\express\lib\router\route.js:149:13)
    at Route.dispatch (D:\mmv1\mmv_freelance\backend\node_modules\express\lib\router\route.js:119:3)
    at Layer.handle [as handle_request] (D:\mmv1\mmv_freelance\backend\node_modules\express\lib\router\layer.js:95:5)
    at D:\mmv1\mmv_freelance\backend\node_modules\express\lib\router\index.js:284:15
    at param (D:\mmv1\mmv_freelance\backend\node_modules\express\lib\router\index.js:365:14)
    at param (D:\mmv1\mmv_freelance\backend\node_modules\express\lib\router\index.js:376:14)
    at Function.process_params (D:\mmv1\mmv_freelance\backend\node_modules\express\lib\router\index.js:421:3)
2025-07-02 11:37:52 error: uncaughtException: User ID must be a valid number
Error: User ID must be a valid number
    at NotificationController.notificationcount (D:\mmv1\mmv_freelance\backend\src\controllers\notification.controller.ts:63:19)
    at D:\mmv1\mmv_freelance\backend\src\routes\notification.routes.ts:22:99
    at Layer.handle [as handle_request] (D:\mmv1\mmv_freelance\backend\node_modules\express\lib\router\layer.js:95:5)
    at next (D:\mmv1\mmv_freelance\backend\node_modules\express\lib\router\route.js:149:13)
    at Route.dispatch (D:\mmv1\mmv_freelance\backend\node_modules\express\lib\router\route.js:119:3)
    at Layer.handle [as handle_request] (D:\mmv1\mmv_freelance\backend\node_modules\express\lib\router\layer.js:95:5)
    at D:\mmv1\mmv_freelance\backend\node_modules\express\lib\router\index.js:284:15
    at param (D:\mmv1\mmv_freelance\backend\node_modules\express\lib\router\index.js:365:14)
    at param (D:\mmv1\mmv_freelance\backend\node_modules\express\lib\router\index.js:376:14)
    at Function.process_params (D:\mmv1\mmv_freelance\backend\node_modules\express\lib\router\index.js:421:3)
2025-07-02 11:40:57 error: uncaughtException: User ID must be a valid number
Error: User ID must be a valid number
    at NotificationController.notificationcount (D:\mmv1\mmv_freelance\backend\src\controllers\notification.controller.ts:63:19)
    at D:\mmv1\mmv_freelance\backend\src\routes\notification.routes.ts:22:99
    at Layer.handle [as handle_request] (D:\mmv1\mmv_freelance\backend\node_modules\express\lib\router\layer.js:95:5)
    at next (D:\mmv1\mmv_freelance\backend\node_modules\express\lib\router\route.js:149:13)
    at Route.dispatch (D:\mmv1\mmv_freelance\backend\node_modules\express\lib\router\route.js:119:3)
    at Layer.handle [as handle_request] (D:\mmv1\mmv_freelance\backend\node_modules\express\lib\router\layer.js:95:5)
    at D:\mmv1\mmv_freelance\backend\node_modules\express\lib\router\index.js:284:15
    at param (D:\mmv1\mmv_freelance\backend\node_modules\express\lib\router\index.js:365:14)
    at param (D:\mmv1\mmv_freelance\backend\node_modules\express\lib\router\index.js:376:14)
    at Function.process_params (D:\mmv1\mmv_freelance\backend\node_modules\express\lib\router\index.js:421:3)
2025-07-02 11:46:57 error: uncaughtException: User ID must be a valid number
Error: User ID must be a valid number
    at NotificationController.notificationcount (D:\mmv1\mmv_freelance\backend\src\controllers\notification.controller.ts:62:19)
    at D:\mmv1\mmv_freelance\backend\src\routes\notification.routes.ts:22:99
    at Layer.handle [as handle_request] (D:\mmv1\mmv_freelance\backend\node_modules\express\lib\router\layer.js:95:5)
    at next (D:\mmv1\mmv_freelance\backend\node_modules\express\lib\router\route.js:149:13)
    at Route.dispatch (D:\mmv1\mmv_freelance\backend\node_modules\express\lib\router\route.js:119:3)
    at Layer.handle [as handle_request] (D:\mmv1\mmv_freelance\backend\node_modules\express\lib\router\layer.js:95:5)
    at D:\mmv1\mmv_freelance\backend\node_modules\express\lib\router\index.js:284:15
    at param (D:\mmv1\mmv_freelance\backend\node_modules\express\lib\router\index.js:365:14)
    at param (D:\mmv1\mmv_freelance\backend\node_modules\express\lib\router\index.js:376:14)
    at Function.process_params (D:\mmv1\mmv_freelance\backend\node_modules\express\lib\router\index.js:421:3)
2025-07-02 11:58:59 error: StatusCode : 404, Message : Notification not found
2025-07-02 11:59:26 error: StatusCode : 404, Message : Notification not found
2025-07-02 12:01:37 error: StatusCode : 404, Message : Notification not found
2025-07-02 12:01:39 error: StatusCode : 404, Message : Notification not found
2025-07-02 12:01:43 error: StatusCode : 404, Message : Notification not found
2025-07-02 12:01:45 error: StatusCode : 404, Message : Notification not found
2025-07-02 12:04:31 error: StatusCode : 404, Message : Notification not found
2025-07-02 16:47:53 error: StatusCode : 500, Message : Error fetching Permission
2025-07-02 16:47:57 error: StatusCode : 500, Message : Error fetching Permission
2025-07-02 16:47:59 error: StatusCode : 500, Message : Error fetching Permission
2025-07-02 17:42:17 error: StatusCode : 500, Message : insert into "permission" ("created_at", "description", "is_critical", "label", "module", "name") values ($1, $2, $3, $4, $5, $6) returning * - duplicate key value violates unique constraint "permission_name_unique"
2025-07-02 17:42:18 error: StatusCode : 500, Message : insert into "permission" ("created_at", "description", "is_critical", "label", "module", "name") values ($1, $2, $3, $4, $5, $6) returning * - duplicate key value violates unique constraint "permission_name_unique"
2025-07-02 18:03:36 error: StatusCode : 400, Message : name should not be empty, name must be a string
2025-07-02 18:05:54 error: StatusCode : 400, Message : name should not be empty, name must be a string
2025-07-02 18:05:55 error: StatusCode : 400, Message : name should not be empty, name must be a string
2025-07-02 18:09:24 error: StatusCode : 500, Message : Undefined binding(s) detected when compiling UPDATE. Undefined column(s): [permission_id] query: update "permission" set "name" = ?, "label" = ?, "module" = ?, "description" = ?, "is_critical" = ?, "updated_at" = ?, "updated_by" = ? where "permission_id" = ? returning *
2025-07-02 18:09:27 error: StatusCode : 500, Message : Undefined binding(s) detected when compiling UPDATE. Undefined column(s): [permission_id] query: update "permission" set "name" = ?, "label" = ?, "module" = ?, "description" = ?, "is_critical" = ?, "updated_at" = ?, "updated_by" = ? where "permission_id" = ? returning *
2025-07-02 18:09:46 error: StatusCode : 500, Message : Undefined binding(s) detected when compiling UPDATE. Undefined column(s): [permission_id] query: update "permission" set "name" = ?, "label" = ?, "module" = ?, "description" = ?, "is_critical" = ?, "updated_at" = ?, "updated_by" = ? where "permission_id" = ? returning *
2025-07-02 18:09:47 error: StatusCode : 500, Message : Undefined binding(s) detected when compiling UPDATE. Undefined column(s): [permission_id] query: update "permission" set "name" = ?, "label" = ?, "module" = ?, "description" = ?, "is_critical" = ?, "updated_at" = ?, "updated_by" = ? where "permission_id" = ? returning *
2025-07-02 18:10:36 error: StatusCode : 404, Message : Permission not found or not updated
2025-07-02 19:32:59 error: uncaughtException: listen EADDRINUSE: address already in use :::8000
Error: listen EADDRINUSE: address already in use :::8000
    at Server.setupListenHandle [as _listen2] (node:net:1912:16)
    at listenInCluster (node:net:1969:12)
    at Server.listen (node:net:2074:7)
    at Function.listen (D:\mmv1\mmv_freelance\backend\node_modules\express\lib\application.js:635:24)
    at App.listen (D:\mmv1\mmv_freelance\backend\src\app.ts:46:14)
    at Object.<anonymous> (D:\mmv1\mmv_freelance\backend\src\server.ts:16:5)
    at Module._compile (node:internal/modules/cjs/loader:1565:14)
    at Module.m._compile (D:\mmv1\mmv_freelance\backend\node_modules\ts-node\src\index.ts:1618:23)
    at node:internal/modules/cjs/loader:1708:10
    at Object.require.extensions.<computed> [as .ts] (D:\mmv1\mmv_freelance\backend\node_modules\ts-node\src\index.ts:1621:12)
2025-07-02 19:33:20 error: uncaughtException: listen EADDRINUSE: address already in use :::8000
Error: listen EADDRINUSE: address already in use :::8000
    at Server.setupListenHandle [as _listen2] (node:net:1912:16)
    at listenInCluster (node:net:1969:12)
    at Server.listen (node:net:2074:7)
    at Function.listen (D:\mmv1\mmv_freelance\backend\node_modules\express\lib\application.js:635:24)
    at App.listen (D:\mmv1\mmv_freelance\backend\src\app.ts:46:14)
    at Object.<anonymous> (D:\mmv1\mmv_freelance\backend\src\server.ts:16:5)
    at Module._compile (node:internal/modules/cjs/loader:1565:14)
    at Module.m._compile (D:\mmv1\mmv_freelance\backend\node_modules\ts-node\src\index.ts:1618:23)
    at node:internal/modules/cjs/loader:1708:10
    at Object.require.extensions.<computed> [as .ts] (D:\mmv1\mmv_freelance\backend\node_modules\ts-node\src\index.ts:1621:12)
2025-07-02 19:33:37 error: uncaughtException: listen EADDRINUSE: address already in use :::8000
Error: listen EADDRINUSE: address already in use :::8000
    at Server.setupListenHandle [as _listen2] (node:net:1912:16)
    at listenInCluster (node:net:1969:12)
    at Server.listen (node:net:2074:7)
    at Function.listen (D:\mmv1\mmv_freelance\backend\node_modules\express\lib\application.js:635:24)
    at App.listen (D:\mmv1\mmv_freelance\backend\src\app.ts:46:14)
    at Object.<anonymous> (D:\mmv1\mmv_freelance\backend\src\server.ts:16:5)
    at Module._compile (node:internal/modules/cjs/loader:1565:14)
    at Module.m._compile (D:\mmv1\mmv_freelance\backend\node_modules\ts-node\src\index.ts:1618:23)
    at node:internal/modules/cjs/loader:1708:10
    at Object.require.extensions.<computed> [as .ts] (D:\mmv1\mmv_freelance\backend\node_modules\ts-node\src\index.ts:1621:12)
2025-07-02 19:34:45 error: uncaughtException: listen EADDRINUSE: address already in use :::8000
Error: listen EADDRINUSE: address already in use :::8000
    at Server.setupListenHandle [as _listen2] (node:net:1912:16)
    at listenInCluster (node:net:1969:12)
    at Server.listen (node:net:2074:7)
    at Function.listen (D:\mmv1\mmv_freelance\backend\node_modules\express\lib\application.js:635:24)
    at App.listen (D:\mmv1\mmv_freelance\backend\src\app.ts:46:14)
    at Object.<anonymous> (D:\mmv1\mmv_freelance\backend\src\server.ts:16:5)
    at Module._compile (node:internal/modules/cjs/loader:1565:14)
    at Module.m._compile (D:\mmv1\mmv_freelance\backend\node_modules\ts-node\src\index.ts:1618:23)
    at node:internal/modules/cjs/loader:1708:10
    at Object.require.extensions.<computed> [as .ts] (D:\mmv1\mmv_freelance\backend\node_modules\ts-node\src\index.ts:1621:12)
2025-07-02 19:35:21 error: uncaughtException: listen EADDRINUSE: address already in use :::8000
Error: listen EADDRINUSE: address already in use :::8000
    at Server.setupListenHandle [as _listen2] (node:net:1912:16)
    at listenInCluster (node:net:1969:12)
    at Server.listen (node:net:2074:7)
    at Function.listen (D:\mmv1\mmv_freelance\backend\node_modules\express\lib\application.js:635:24)
    at App.listen (D:\mmv1\mmv_freelance\backend\src\app.ts:46:14)
    at Object.<anonymous> (D:\mmv1\mmv_freelance\backend\src\server.ts:16:5)
    at Module._compile (node:internal/modules/cjs/loader:1565:14)
    at Module.m._compile (D:\mmv1\mmv_freelance\backend\node_modules\ts-node\src\index.ts:1618:23)
    at node:internal/modules/cjs/loader:1708:10
    at Object.require.extensions.<computed> [as .ts] (D:\mmv1\mmv_freelance\backend\node_modules\ts-node\src\index.ts:1621:12)
2025-07-02 19:36:36 error: uncaughtException: listen EADDRINUSE: address already in use :::8000
Error: listen EADDRINUSE: address already in use :::8000
    at Server.setupListenHandle [as _listen2] (node:net:1912:16)
    at listenInCluster (node:net:1969:12)
    at Server.listen (node:net:2074:7)
    at Function.listen (D:\mmv1\mmv_freelance\backend\node_modules\express\lib\application.js:635:24)
    at App.listen (D:\mmv1\mmv_freelance\backend\src\app.ts:46:14)
    at Object.<anonymous> (D:\mmv1\mmv_freelance\backend\src\server.ts:16:5)
    at Module._compile (node:internal/modules/cjs/loader:1565:14)
    at Module.m._compile (D:\mmv1\mmv_freelance\backend\node_modules\ts-node\src\index.ts:1618:23)
    at node:internal/modules/cjs/loader:1708:10
    at Object.require.extensions.<computed> [as .ts] (D:\mmv1\mmv_freelance\backend\node_modules\ts-node\src\index.ts:1621:12)
2025-07-02 19:37:12 error: uncaughtException: listen EADDRINUSE: address already in use :::8000
Error: listen EADDRINUSE: address already in use :::8000
    at Server.setupListenHandle [as _listen2] (node:net:1912:16)
    at listenInCluster (node:net:1969:12)
    at Server.listen (node:net:2074:7)
    at Function.listen (D:\mmv1\mmv_freelance\backend\node_modules\express\lib\application.js:635:24)
    at App.listen (D:\mmv1\mmv_freelance\backend\src\app.ts:46:14)
    at Object.<anonymous> (D:\mmv1\mmv_freelance\backend\src\server.ts:16:5)
    at Module._compile (node:internal/modules/cjs/loader:1565:14)
    at Module.m._compile (D:\mmv1\mmv_freelance\backend\node_modules\ts-node\src\index.ts:1618:23)
    at node:internal/modules/cjs/loader:1708:10
    at Object.require.extensions.<computed> [as .ts] (D:\mmv1\mmv_freelance\backend\node_modules\ts-node\src\index.ts:1621:12)
2025-07-02 19:37:12 error: uncaughtException: listen EADDRINUSE: address already in use :::8000
Error: listen EADDRINUSE: address already in use :::8000
    at Server.setupListenHandle [as _listen2] (node:net:1912:16)
    at listenInCluster (node:net:1969:12)
    at Server.listen (node:net:2074:7)
    at Function.listen (D:\mmv1\mmv_freelance\backend\node_modules\express\lib\application.js:635:24)
    at App.listen (D:\mmv1\mmv_freelance\backend\src\app.ts:46:14)
    at Object.<anonymous> (D:\mmv1\mmv_freelance\backend\src\server.ts:16:5)
    at Module._compile (node:internal/modules/cjs/loader:1565:14)
    at Module.m._compile (D:\mmv1\mmv_freelance\backend\node_modules\ts-node\src\index.ts:1618:23)
    at node:internal/modules/cjs/loader:1708:10
    at Object.require.extensions.<computed> [as .ts] (D:\mmv1\mmv_freelance\backend\node_modules\ts-node\src\index.ts:1621:12)
2025-07-02 19:38:16 error: uncaughtException: listen EADDRINUSE: address already in use :::8000
Error: listen EADDRINUSE: address already in use :::8000
    at Server.setupListenHandle [as _listen2] (node:net:1912:16)
    at listenInCluster (node:net:1969:12)
    at Server.listen (node:net:2074:7)
    at Function.listen (D:\mmv1\mmv_freelance\backend\node_modules\express\lib\application.js:635:24)
    at App.listen (D:\mmv1\mmv_freelance\backend\src\app.ts:46:14)
    at Object.<anonymous> (D:\mmv1\mmv_freelance\backend\src\server.ts:16:5)
    at Module._compile (node:internal/modules/cjs/loader:1565:14)
    at Module.m._compile (D:\mmv1\mmv_freelance\backend\node_modules\ts-node\src\index.ts:1618:23)
    at node:internal/modules/cjs/loader:1708:10
    at Object.require.extensions.<computed> [as .ts] (D:\mmv1\mmv_freelance\backend\node_modules\ts-node\src\index.ts:1621:12)
2025-07-02 19:38:16 error: uncaughtException: listen EADDRINUSE: address already in use :::8000
Error: listen EADDRINUSE: address already in use :::8000
    at Server.setupListenHandle [as _listen2] (node:net:1912:16)
    at listenInCluster (node:net:1969:12)
    at Server.listen (node:net:2074:7)
    at Function.listen (D:\mmv1\mmv_freelance\backend\node_modules\express\lib\application.js:635:24)
    at App.listen (D:\mmv1\mmv_freelance\backend\src\app.ts:46:14)
    at Object.<anonymous> (D:\mmv1\mmv_freelance\backend\src\server.ts:16:5)
    at Module._compile (node:internal/modules/cjs/loader:1565:14)
    at Module.m._compile (D:\mmv1\mmv_freelance\backend\node_modules\ts-node\src\index.ts:1618:23)
    at node:internal/modules/cjs/loader:1708:10
    at Object.require.extensions.<computed> [as .ts] (D:\mmv1\mmv_freelance\backend\node_modules\ts-node\src\index.ts:1621:12)
2025-07-02 19:41:41 error: uncaughtException: listen EADDRINUSE: address already in use :::8000
Error: listen EADDRINUSE: address already in use :::8000
    at Server.setupListenHandle [as _listen2] (node:net:1912:16)
    at listenInCluster (node:net:1969:12)
    at Server.listen (node:net:2074:7)
    at Function.listen (D:\mmv1\mmv_freelance\backend\node_modules\express\lib\application.js:635:24)
    at App.listen (D:\mmv1\mmv_freelance\backend\src\app.ts:46:14)
    at Object.<anonymous> (D:\mmv1\mmv_freelance\backend\src\server.ts:16:5)
    at Module._compile (node:internal/modules/cjs/loader:1565:14)
    at Module.m._compile (D:\mmv1\mmv_freelance\backend\node_modules\ts-node\src\index.ts:1618:23)
    at node:internal/modules/cjs/loader:1708:10
    at Object.require.extensions.<computed> [as .ts] (D:\mmv1\mmv_freelance\backend\node_modules\ts-node\src\index.ts:1621:12)
2025-07-02 19:41:41 error: uncaughtException: listen EADDRINUSE: address already in use :::8000
Error: listen EADDRINUSE: address already in use :::8000
    at Server.setupListenHandle [as _listen2] (node:net:1912:16)
    at listenInCluster (node:net:1969:12)
    at Server.listen (node:net:2074:7)
    at Function.listen (D:\mmv1\mmv_freelance\backend\node_modules\express\lib\application.js:635:24)
    at App.listen (D:\mmv1\mmv_freelance\backend\src\app.ts:46:14)
    at Object.<anonymous> (D:\mmv1\mmv_freelance\backend\src\server.ts:16:5)
    at Module._compile (node:internal/modules/cjs/loader:1565:14)
    at Module.m._compile (D:\mmv1\mmv_freelance\backend\node_modules\ts-node\src\index.ts:1618:23)
    at node:internal/modules/cjs/loader:1708:10
    at Object.require.extensions.<computed> [as .ts] (D:\mmv1\mmv_freelance\backend\node_modules\ts-node\src\index.ts:1621:12)
2025-07-02 19:42:11 error: uncaughtException: listen EADDRINUSE: address already in use :::8000
Error: listen EADDRINUSE: address already in use :::8000
    at Server.setupListenHandle [as _listen2] (node:net:1912:16)
    at listenInCluster (node:net:1969:12)
    at Server.listen (node:net:2074:7)
    at Function.listen (D:\mmv1\mmv_freelance\backend\node_modules\express\lib\application.js:635:24)
    at App.listen (D:\mmv1\mmv_freelance\backend\src\app.ts:46:14)
    at Object.<anonymous> (D:\mmv1\mmv_freelance\backend\src\server.ts:16:5)
    at Module._compile (node:internal/modules/cjs/loader:1565:14)
    at Module.m._compile (D:\mmv1\mmv_freelance\backend\node_modules\ts-node\src\index.ts:1618:23)
    at node:internal/modules/cjs/loader:1708:10
    at Object.require.extensions.<computed> [as .ts] (D:\mmv1\mmv_freelance\backend\node_modules\ts-node\src\index.ts:1621:12)
2025-07-02 19:42:11 error: uncaughtException: listen EADDRINUSE: address already in use :::8000
Error: listen EADDRINUSE: address already in use :::8000
    at Server.setupListenHandle [as _listen2] (node:net:1912:16)
    at listenInCluster (node:net:1969:12)
    at Server.listen (node:net:2074:7)
    at Function.listen (D:\mmv1\mmv_freelance\backend\node_modules\express\lib\application.js:635:24)
    at App.listen (D:\mmv1\mmv_freelance\backend\src\app.ts:46:14)
    at Object.<anonymous> (D:\mmv1\mmv_freelance\backend\src\server.ts:16:5)
    at Module._compile (node:internal/modules/cjs/loader:1565:14)
    at Module.m._compile (D:\mmv1\mmv_freelance\backend\node_modules\ts-node\src\index.ts:1618:23)
    at node:internal/modules/cjs/loader:1708:10
    at Object.require.extensions.<computed> [as .ts] (D:\mmv1\mmv_freelance\backend\node_modules\ts-node\src\index.ts:1621:12)
2025-07-02 19:43:49 error: uncaughtException: listen EADDRINUSE: address already in use :::8000
Error: listen EADDRINUSE: address already in use :::8000
    at Server.setupListenHandle [as _listen2] (node:net:1912:16)
    at listenInCluster (node:net:1969:12)
    at Server.listen (node:net:2074:7)
    at Function.listen (D:\mmv1\mmv_freelance\backend\node_modules\express\lib\application.js:635:24)
    at App.listen (D:\mmv1\mmv_freelance\backend\src\app.ts:46:14)
    at Object.<anonymous> (D:\mmv1\mmv_freelance\backend\src\server.ts:16:5)
    at Module._compile (node:internal/modules/cjs/loader:1565:14)
    at Module.m._compile (D:\mmv1\mmv_freelance\backend\node_modules\ts-node\src\index.ts:1618:23)
    at node:internal/modules/cjs/loader:1708:10
    at Object.require.extensions.<computed> [as .ts] (D:\mmv1\mmv_freelance\backend\node_modules\ts-node\src\index.ts:1621:12)
2025-07-02 19:43:49 error: uncaughtException: listen EADDRINUSE: address already in use :::8000
Error: listen EADDRINUSE: address already in use :::8000
    at Server.setupListenHandle [as _listen2] (node:net:1912:16)
    at listenInCluster (node:net:1969:12)
    at Server.listen (node:net:2074:7)
    at Function.listen (D:\mmv1\mmv_freelance\backend\node_modules\express\lib\application.js:635:24)
    at App.listen (D:\mmv1\mmv_freelance\backend\src\app.ts:46:14)
    at Object.<anonymous> (D:\mmv1\mmv_freelance\backend\src\server.ts:16:5)
    at Module._compile (node:internal/modules/cjs/loader:1565:14)
    at Module.m._compile (D:\mmv1\mmv_freelance\backend\node_modules\ts-node\src\index.ts:1618:23)
    at node:internal/modules/cjs/loader:1708:10
    at Object.require.extensions.<computed> [as .ts] (D:\mmv1\mmv_freelance\backend\node_modules\ts-node\src\index.ts:1621:12)
2025-07-02 19:45:10 error: uncaughtException: listen EADDRINUSE: address already in use :::8000
Error: listen EADDRINUSE: address already in use :::8000
    at Server.setupListenHandle [as _listen2] (node:net:1912:16)
    at listenInCluster (node:net:1969:12)
    at Server.listen (node:net:2074:7)
    at Function.listen (D:\mmv1\mmv_freelance\backend\node_modules\express\lib\application.js:635:24)
    at App.listen (D:\mmv1\mmv_freelance\backend\src\app.ts:46:14)
    at Object.<anonymous> (D:\mmv1\mmv_freelance\backend\src\server.ts:16:5)
    at Module._compile (node:internal/modules/cjs/loader:1565:14)
    at Module.m._compile (D:\mmv1\mmv_freelance\backend\node_modules\ts-node\src\index.ts:1618:23)
    at node:internal/modules/cjs/loader:1708:10
    at Object.require.extensions.<computed> [as .ts] (D:\mmv1\mmv_freelance\backend\node_modules\ts-node\src\index.ts:1621:12)
2025-07-02 19:45:10 error: uncaughtException: listen EADDRINUSE: address already in use :::8000
Error: listen EADDRINUSE: address already in use :::8000
    at Server.setupListenHandle [as _listen2] (node:net:1912:16)
    at listenInCluster (node:net:1969:12)
    at Server.listen (node:net:2074:7)
    at Function.listen (D:\mmv1\mmv_freelance\backend\node_modules\express\lib\application.js:635:24)
    at App.listen (D:\mmv1\mmv_freelance\backend\src\app.ts:46:14)
    at Object.<anonymous> (D:\mmv1\mmv_freelance\backend\src\server.ts:16:5)
    at Module._compile (node:internal/modules/cjs/loader:1565:14)
    at Module.m._compile (D:\mmv1\mmv_freelance\backend\node_modules\ts-node\src\index.ts:1618:23)
    at node:internal/modules/cjs/loader:1708:10
    at Object.require.extensions.<computed> [as .ts] (D:\mmv1\mmv_freelance\backend\node_modules\ts-node\src\index.ts:1621:12)
2025-07-02 19:46:22 error: uncaughtException: listen EADDRINUSE: address already in use :::8000
Error: listen EADDRINUSE: address already in use :::8000
    at Server.setupListenHandle [as _listen2] (node:net:1912:16)
    at listenInCluster (node:net:1969:12)
    at Server.listen (node:net:2074:7)
    at Function.listen (D:\mmv1\mmv_freelance\backend\node_modules\express\lib\application.js:635:24)
    at App.listen (D:\mmv1\mmv_freelance\backend\src\app.ts:46:14)
    at Object.<anonymous> (D:\mmv1\mmv_freelance\backend\src\server.ts:16:5)
    at Module._compile (node:internal/modules/cjs/loader:1565:14)
    at Module.m._compile (D:\mmv1\mmv_freelance\backend\node_modules\ts-node\src\index.ts:1618:23)
    at node:internal/modules/cjs/loader:1708:10
    at Object.require.extensions.<computed> [as .ts] (D:\mmv1\mmv_freelance\backend\node_modules\ts-node\src\index.ts:1621:12)
2025-07-02 19:46:22 error: uncaughtException: listen EADDRINUSE: address already in use :::8000
Error: listen EADDRINUSE: address already in use :::8000
    at Server.setupListenHandle [as _listen2] (node:net:1912:16)
    at listenInCluster (node:net:1969:12)
    at Server.listen (node:net:2074:7)
    at Function.listen (D:\mmv1\mmv_freelance\backend\node_modules\express\lib\application.js:635:24)
    at App.listen (D:\mmv1\mmv_freelance\backend\src\app.ts:46:14)
    at Object.<anonymous> (D:\mmv1\mmv_freelance\backend\src\server.ts:16:5)
    at Module._compile (node:internal/modules/cjs/loader:1565:14)
    at Module.m._compile (D:\mmv1\mmv_freelance\backend\node_modules\ts-node\src\index.ts:1618:23)
    at node:internal/modules/cjs/loader:1708:10
    at Object.require.extensions.<computed> [as .ts] (D:\mmv1\mmv_freelance\backend\node_modules\ts-node\src\index.ts:1621:12)
2025-07-02 19:51:39 error: uncaughtException: listen EADDRINUSE: address already in use :::8000
Error: listen EADDRINUSE: address already in use :::8000
    at Server.setupListenHandle [as _listen2] (node:net:1912:16)
    at listenInCluster (node:net:1969:12)
    at Server.listen (node:net:2074:7)
    at Function.listen (D:\mmv1\mmv_freelance\backend\node_modules\express\lib\application.js:635:24)
    at App.listen (D:\mmv1\mmv_freelance\backend\src\app.ts:46:14)
    at Object.<anonymous> (D:\mmv1\mmv_freelance\backend\src\server.ts:16:5)
    at Module._compile (node:internal/modules/cjs/loader:1565:14)
    at Module.m._compile (D:\mmv1\mmv_freelance\backend\node_modules\ts-node\src\index.ts:1618:23)
    at node:internal/modules/cjs/loader:1708:10
    at Object.require.extensions.<computed> [as .ts] (D:\mmv1\mmv_freelance\backend\node_modules\ts-node\src\index.ts:1621:12)
2025-07-02 19:51:39 error: uncaughtException: listen EADDRINUSE: address already in use :::8000
Error: listen EADDRINUSE: address already in use :::8000
    at Server.setupListenHandle [as _listen2] (node:net:1912:16)
    at listenInCluster (node:net:1969:12)
    at Server.listen (node:net:2074:7)
    at Function.listen (D:\mmv1\mmv_freelance\backend\node_modules\express\lib\application.js:635:24)
    at App.listen (D:\mmv1\mmv_freelance\backend\src\app.ts:46:14)
    at Object.<anonymous> (D:\mmv1\mmv_freelance\backend\src\server.ts:16:5)
    at Module._compile (node:internal/modules/cjs/loader:1565:14)
    at Module.m._compile (D:\mmv1\mmv_freelance\backend\node_modules\ts-node\src\index.ts:1618:23)
    at node:internal/modules/cjs/loader:1708:10
    at Object.require.extensions.<computed> [as .ts] (D:\mmv1\mmv_freelance\backend\node_modules\ts-node\src\index.ts:1621:12)
2025-07-02 19:52:44 error: uncaughtException: listen EADDRINUSE: address already in use :::8000
Error: listen EADDRINUSE: address already in use :::8000
    at Server.setupListenHandle [as _listen2] (node:net:1912:16)
    at listenInCluster (node:net:1969:12)
    at Server.listen (node:net:2074:7)
    at Function.listen (D:\mmv1\mmv_freelance\backend\node_modules\express\lib\application.js:635:24)
    at App.listen (D:\mmv1\mmv_freelance\backend\src\app.ts:46:14)
    at Object.<anonymous> (D:\mmv1\mmv_freelance\backend\src\server.ts:16:5)
    at Module._compile (node:internal/modules/cjs/loader:1565:14)
    at Module.m._compile (D:\mmv1\mmv_freelance\backend\node_modules\ts-node\src\index.ts:1618:23)
    at node:internal/modules/cjs/loader:1708:10
    at Object.require.extensions.<computed> [as .ts] (D:\mmv1\mmv_freelance\backend\node_modules\ts-node\src\index.ts:1621:12)
2025-07-02 19:52:44 error: uncaughtException: listen EADDRINUSE: address already in use :::8000
Error: listen EADDRINUSE: address already in use :::8000
    at Server.setupListenHandle [as _listen2] (node:net:1912:16)
    at listenInCluster (node:net:1969:12)
    at Server.listen (node:net:2074:7)
    at Function.listen (D:\mmv1\mmv_freelance\backend\node_modules\express\lib\application.js:635:24)
    at App.listen (D:\mmv1\mmv_freelance\backend\src\app.ts:46:14)
    at Object.<anonymous> (D:\mmv1\mmv_freelance\backend\src\server.ts:16:5)
    at Module._compile (node:internal/modules/cjs/loader:1565:14)
    at Module.m._compile (D:\mmv1\mmv_freelance\backend\node_modules\ts-node\src\index.ts:1618:23)
    at node:internal/modules/cjs/loader:1708:10
    at Object.require.extensions.<computed> [as .ts] (D:\mmv1\mmv_freelance\backend\node_modules\ts-node\src\index.ts:1621:12)
2025-07-02 19:53:18 error: uncaughtException: listen EADDRINUSE: address already in use :::8000
Error: listen EADDRINUSE: address already in use :::8000
    at Server.setupListenHandle [as _listen2] (node:net:1912:16)
    at listenInCluster (node:net:1969:12)
    at Server.listen (node:net:2074:7)
    at Function.listen (D:\mmv1\mmv_freelance\backend\node_modules\express\lib\application.js:635:24)
    at App.listen (D:\mmv1\mmv_freelance\backend\src\app.ts:46:14)
    at Object.<anonymous> (D:\mmv1\mmv_freelance\backend\src\server.ts:16:5)
    at Module._compile (node:internal/modules/cjs/loader:1565:14)
    at Module.m._compile (D:\mmv1\mmv_freelance\backend\node_modules\ts-node\src\index.ts:1618:23)
    at node:internal/modules/cjs/loader:1708:10
    at Object.require.extensions.<computed> [as .ts] (D:\mmv1\mmv_freelance\backend\node_modules\ts-node\src\index.ts:1621:12)
2025-07-02 19:53:18 error: uncaughtException: listen EADDRINUSE: address already in use :::8000
Error: listen EADDRINUSE: address already in use :::8000
    at Server.setupListenHandle [as _listen2] (node:net:1912:16)
    at listenInCluster (node:net:1969:12)
    at Server.listen (node:net:2074:7)
    at Function.listen (D:\mmv1\mmv_freelance\backend\node_modules\express\lib\application.js:635:24)
    at App.listen (D:\mmv1\mmv_freelance\backend\src\app.ts:46:14)
    at Object.<anonymous> (D:\mmv1\mmv_freelance\backend\src\server.ts:16:5)
    at Module._compile (node:internal/modules/cjs/loader:1565:14)
    at Module.m._compile (D:\mmv1\mmv_freelance\backend\node_modules\ts-node\src\index.ts:1618:23)
    at node:internal/modules/cjs/loader:1708:10
    at Object.require.extensions.<computed> [as .ts] (D:\mmv1\mmv_freelance\backend\node_modules\ts-node\src\index.ts:1621:12)
2025-07-02 19:53:51 error: uncaughtException: listen EADDRINUSE: address already in use :::8000
Error: listen EADDRINUSE: address already in use :::8000
    at Server.setupListenHandle [as _listen2] (node:net:1912:16)
    at listenInCluster (node:net:1969:12)
    at Server.listen (node:net:2074:7)
    at Function.listen (D:\mmv1\mmv_freelance\backend\node_modules\express\lib\application.js:635:24)
    at App.listen (D:\mmv1\mmv_freelance\backend\src\app.ts:46:14)
    at Object.<anonymous> (D:\mmv1\mmv_freelance\backend\src\server.ts:16:5)
    at Module._compile (node:internal/modules/cjs/loader:1565:14)
    at Module.m._compile (D:\mmv1\mmv_freelance\backend\node_modules\ts-node\src\index.ts:1618:23)
    at node:internal/modules/cjs/loader:1708:10
    at Object.require.extensions.<computed> [as .ts] (D:\mmv1\mmv_freelance\backend\node_modules\ts-node\src\index.ts:1621:12)
2025-07-02 19:53:51 error: uncaughtException: listen EADDRINUSE: address already in use :::8000
Error: listen EADDRINUSE: address already in use :::8000
    at Server.setupListenHandle [as _listen2] (node:net:1912:16)
    at listenInCluster (node:net:1969:12)
    at Server.listen (node:net:2074:7)
    at Function.listen (D:\mmv1\mmv_freelance\backend\node_modules\express\lib\application.js:635:24)
    at App.listen (D:\mmv1\mmv_freelance\backend\src\app.ts:46:14)
    at Object.<anonymous> (D:\mmv1\mmv_freelance\backend\src\server.ts:16:5)
    at Module._compile (node:internal/modules/cjs/loader:1565:14)
    at Module.m._compile (D:\mmv1\mmv_freelance\backend\node_modules\ts-node\src\index.ts:1618:23)
    at node:internal/modules/cjs/loader:1708:10
    at Object.require.extensions.<computed> [as .ts] (D:\mmv1\mmv_freelance\backend\node_modules\ts-node\src\index.ts:1621:12)
2025-07-02 19:57:44 error: uncaughtException: listen EADDRINUSE: address already in use :::8000
Error: listen EADDRINUSE: address already in use :::8000
    at Server.setupListenHandle [as _listen2] (node:net:1912:16)
    at listenInCluster (node:net:1969:12)
    at Server.listen (node:net:2074:7)
    at Function.listen (D:\mmv1\mmv_freelance\backend\node_modules\express\lib\application.js:635:24)
    at App.listen (D:\mmv1\mmv_freelance\backend\src\app.ts:46:14)
    at Object.<anonymous> (D:\mmv1\mmv_freelance\backend\src\server.ts:16:5)
    at Module._compile (node:internal/modules/cjs/loader:1565:14)
    at Module.m._compile (D:\mmv1\mmv_freelance\backend\node_modules\ts-node\src\index.ts:1618:23)
    at node:internal/modules/cjs/loader:1708:10
    at Object.require.extensions.<computed> [as .ts] (D:\mmv1\mmv_freelance\backend\node_modules\ts-node\src\index.ts:1621:12)
2025-07-02 19:57:44 error: uncaughtException: listen EADDRINUSE: address already in use :::8000
Error: listen EADDRINUSE: address already in use :::8000
    at Server.setupListenHandle [as _listen2] (node:net:1912:16)
    at listenInCluster (node:net:1969:12)
    at Server.listen (node:net:2074:7)
    at Function.listen (D:\mmv1\mmv_freelance\backend\node_modules\express\lib\application.js:635:24)
    at App.listen (D:\mmv1\mmv_freelance\backend\src\app.ts:46:14)
    at Object.<anonymous> (D:\mmv1\mmv_freelance\backend\src\server.ts:16:5)
    at Module._compile (node:internal/modules/cjs/loader:1565:14)
    at Module.m._compile (D:\mmv1\mmv_freelance\backend\node_modules\ts-node\src\index.ts:1618:23)
    at node:internal/modules/cjs/loader:1708:10
    at Object.require.extensions.<computed> [as .ts] (D:\mmv1\mmv_freelance\backend\node_modules\ts-node\src\index.ts:1621:12)
2025-07-02 20:02:29 error: uncaughtException: listen EADDRINUSE: address already in use :::8000
Error: listen EADDRINUSE: address already in use :::8000
    at Server.setupListenHandle [as _listen2] (node:net:1912:16)
    at listenInCluster (node:net:1969:12)
    at Server.listen (node:net:2074:7)
    at Function.listen (D:\mmv1\mmv_freelance\backend\node_modules\express\lib\application.js:635:24)
    at App.listen (D:\mmv1\mmv_freelance\backend\src\app.ts:46:14)
    at Object.<anonymous> (D:\mmv1\mmv_freelance\backend\src\server.ts:16:5)
    at Module._compile (node:internal/modules/cjs/loader:1565:14)
    at Module.m._compile (D:\mmv1\mmv_freelance\backend\node_modules\ts-node\src\index.ts:1618:23)
    at node:internal/modules/cjs/loader:1708:10
    at Object.require.extensions.<computed> [as .ts] (D:\mmv1\mmv_freelance\backend\node_modules\ts-node\src\index.ts:1621:12)
2025-07-02 20:02:29 error: uncaughtException: listen EADDRINUSE: address already in use :::8000
Error: listen EADDRINUSE: address already in use :::8000
    at Server.setupListenHandle [as _listen2] (node:net:1912:16)
    at listenInCluster (node:net:1969:12)
    at Server.listen (node:net:2074:7)
    at Function.listen (D:\mmv1\mmv_freelance\backend\node_modules\express\lib\application.js:635:24)
    at App.listen (D:\mmv1\mmv_freelance\backend\src\app.ts:46:14)
    at Object.<anonymous> (D:\mmv1\mmv_freelance\backend\src\server.ts:16:5)
    at Module._compile (node:internal/modules/cjs/loader:1565:14)
    at Module.m._compile (D:\mmv1\mmv_freelance\backend\node_modules\ts-node\src\index.ts:1618:23)
    at node:internal/modules/cjs/loader:1708:10
    at Object.require.extensions.<computed> [as .ts] (D:\mmv1\mmv_freelance\backend\node_modules\ts-node\src\index.ts:1621:12)
2025-07-02 20:02:33 error: uncaughtException: listen EADDRINUSE: address already in use :::8000
Error: listen EADDRINUSE: address already in use :::8000
    at Server.setupListenHandle [as _listen2] (node:net:1912:16)
    at listenInCluster (node:net:1969:12)
    at Server.listen (node:net:2074:7)
    at Function.listen (D:\mmv1\mmv_freelance\backend\node_modules\express\lib\application.js:635:24)
    at App.listen (D:\mmv1\mmv_freelance\backend\src\app.ts:46:14)
    at Object.<anonymous> (D:\mmv1\mmv_freelance\backend\src\server.ts:16:5)
    at Module._compile (node:internal/modules/cjs/loader:1565:14)
    at Module.m._compile (D:\mmv1\mmv_freelance\backend\node_modules\ts-node\src\index.ts:1618:23)
    at node:internal/modules/cjs/loader:1708:10
    at Object.require.extensions.<computed> [as .ts] (D:\mmv1\mmv_freelance\backend\node_modules\ts-node\src\index.ts:1621:12)
2025-07-02 20:02:33 error: uncaughtException: listen EADDRINUSE: address already in use :::8000
Error: listen EADDRINUSE: address already in use :::8000
    at Server.setupListenHandle [as _listen2] (node:net:1912:16)
    at listenInCluster (node:net:1969:12)
    at Server.listen (node:net:2074:7)
    at Function.listen (D:\mmv1\mmv_freelance\backend\node_modules\express\lib\application.js:635:24)
    at App.listen (D:\mmv1\mmv_freelance\backend\src\app.ts:46:14)
    at Object.<anonymous> (D:\mmv1\mmv_freelance\backend\src\server.ts:16:5)
    at Module._compile (node:internal/modules/cjs/loader:1565:14)
    at Module.m._compile (D:\mmv1\mmv_freelance\backend\node_modules\ts-node\src\index.ts:1618:23)
    at node:internal/modules/cjs/loader:1708:10
    at Object.require.extensions.<computed> [as .ts] (D:\mmv1\mmv_freelance\backend\node_modules\ts-node\src\index.ts:1621:12)
2025-07-02 20:18:32 error: StatusCode : 500, Message : Error fetching Role
