2025-06-28 10:28:14 error: StatusCode : 400, Message : Expected ',' or ']' after array element in JSON at position 915 (line 17 column 16)
2025-06-28 10:28:43 error: StatusCode : 400, Message : Expected ',' or ']' after array element in JSON at position 915 (line 17 column 16)
2025-06-28 10:29:02 error: StatusCode : 400, Message : Expected ',' or ']' after array element in JSON at position 915 (line 17 column 16)
2025-06-28 10:57:36 error: StatusCode : 400, Message : Expected ',' or ']' after array element in JSON at position 914 (line 17 column 16)
2025-06-28 11:39:55 error: StatusCode : 400, Message : author_name must be an integer number, sub_section must be an object, tags must be an object, notes must be an object, created_by must be an integer number, updated_by must be an integer number
2025-06-28 11:40:53 error: StatusCode : 400, Message : author_name must be an integer number, sub_section must be an object, tags must be an object, notes must be an object, created_by must be an integer number, updated_by must be an integer number
2025-06-28 11:40:56 error: StatusCode : 400, Message : author_name must be an integer number, sub_section must be an object, tags must be an object, notes must be an object, created_by must be an integer number, updated_by must be an integer number
2025-06-28 11:59:59 error: StatusCode : 400, Message : author_name must be an integer number, sub_section must be an object, tags must be an object, notes must be an object, updated_by must be an integer number
2025-06-28 12:00:02 error: StatusCode : 400, Message : author_name must be an integer number, sub_section must be an object, tags must be an object, notes must be an object, updated_by must be an integer number
2025-06-28 12:05:57 error: StatusCode : 400, Message : author_name must be an integer number, sub_section must be an object, tags must be an object, notes must be an object, updated_by must be an integer number
2025-06-28 12:05:59 error: StatusCode : 400, Message : author_name must be an integer number, sub_section must be an object, tags must be an object, notes must be an object, updated_by must be an integer number
2025-06-28 12:08:38 error: StatusCode : 400, Message : author_name must be an integer number, sub_section must be an object, tags must be an object, notes must be an object, updated_by must be an integer number
2025-06-28 12:15:45 error: StatusCode : 400, Message : author_name must be an integer number, sub_section must be an object, tags must be an object, notes must be an object, updated_by must be an integer number
2025-06-28 12:15:47 error: StatusCode : 400, Message : author_name must be an integer number, sub_section must be an object, tags must be an object, notes must be an object, updated_by must be an integer number
2025-06-28 12:28:52 error: StatusCode : 400, Message : sub_section must be an object, tags must be an object, notes must be an object, updated_by must be an integer number
2025-06-28 12:32:00 error: StatusCode : 400, Message : sub_section must be an object, tags must be an object, notes must be an object
2025-06-28 12:37:25 error: StatusCode : 400, Message : sub_section must be an object, tags must be a string, notes must be an object
2025-06-28 12:37:26 error: StatusCode : 400, Message : sub_section must be an object, tags must be a string, notes must be an object
2025-06-28 12:43:45 error: StatusCode : 400, Message : sub_section must be an object, notes must be an object
2025-06-28 12:44:06 error: StatusCode : 400, Message : sub_section must be an object
2025-06-28 12:50:00 error: StatusCode : 400, Message : created_by must be an integer number
2025-06-28 12:54:19 error: StatusCode : 500, Message : Undefined binding(s) detected when compiling UPDATE. Undefined column(s): [blog_id] query: update "blogs" set "title" = ?, "slug" = ?, "featured_image" = ?, "content" = ?, "short_description" = ?, "author_name" = ?, "category" = ?, "is_featured" = ?, "views" = ?, "seo_title" = ?, "seo_description" = ?, "reading_time" = ?, "comment_count" = ?, "scheduled_at" = ?, "sub_section" = ?, "tags" = ?, "notes" = ?, "is_active" = ?, "updated_by" = ?, "updated_at" = ? where "blog_id" = ? returning *
2025-06-28 12:54:54 error: StatusCode : 500, Message : Undefined binding(s) detected when compiling UPDATE. Undefined column(s): [blog_id] query: update "blogs" set "title" = ?, "slug" = ?, "featured_image" = ?, "content" = ?, "short_description" = ?, "author_name" = ?, "category" = ?, "is_featured" = ?, "views" = ?, "seo_title" = ?, "seo_description" = ?, "reading_time" = ?, "comment_count" = ?, "scheduled_at" = ?, "sub_section" = ?, "tags" = ?, "notes" = ?, "is_active" = ?, "updated_by" = ?, "updated_at" = ? where "blog_id" = ? returning *
2025-06-28 12:54:56 error: StatusCode : 500, Message : Undefined binding(s) detected when compiling UPDATE. Undefined column(s): [blog_id] query: update "blogs" set "title" = ?, "slug" = ?, "featured_image" = ?, "content" = ?, "short_description" = ?, "author_name" = ?, "category" = ?, "is_featured" = ?, "views" = ?, "seo_title" = ?, "seo_description" = ?, "reading_time" = ?, "comment_count" = ?, "scheduled_at" = ?, "sub_section" = ?, "tags" = ?, "notes" = ?, "is_active" = ?, "updated_by" = ?, "updated_at" = ? where "blog_id" = ? returning *
2025-06-28 12:57:09 error: StatusCode : 500, Message : Undefined binding(s) detected when compiling UPDATE. Undefined column(s): [blog_id] query: update "blogs" set "title" = ?, "slug" = ?, "featured_image" = ?, "content" = ?, "short_description" = ?, "author_name" = ?, "category" = ?, "is_featured" = ?, "views" = ?, "seo_title" = ?, "seo_description" = ?, "reading_time" = ?, "comment_count" = ?, "scheduled_at" = ?, "sub_section" = ?, "tags" = ?, "notes" = ?, "is_active" = ?, "updated_by" = ?, "updated_at" = ? where "blog_id" = ? returning *
2025-06-28 12:57:11 error: StatusCode : 500, Message : Undefined binding(s) detected when compiling UPDATE. Undefined column(s): [blog_id] query: update "blogs" set "title" = ?, "slug" = ?, "featured_image" = ?, "content" = ?, "short_description" = ?, "author_name" = ?, "category" = ?, "is_featured" = ?, "views" = ?, "seo_title" = ?, "seo_description" = ?, "reading_time" = ?, "comment_count" = ?, "scheduled_at" = ?, "sub_section" = ?, "tags" = ?, "notes" = ?, "is_active" = ?, "updated_by" = ?, "updated_at" = ? where "blog_id" = ? returning *
2025-06-28 12:57:49 error: StatusCode : 400, Message : created_by must be an integer number
2025-06-28 13:02:39 error: StatusCode : 400, Message : created_by must be an integer number
2025-06-28 13:02:43 error: StatusCode : 400, Message : created_by must be an integer number
2025-06-28 13:03:17 error: StatusCode : 400, Message : created_by must be an integer number
2025-06-28 13:11:16 error: StatusCode : 500, Message : Undefined binding(s) detected when compiling UPDATE. Undefined column(s): [blog_id] query: update "blogs" set "title" = ?, "slug" = ?, "featured_image" = ?, "content" = ?, "short_description" = ?, "author_name" = ?, "category" = ?, "is_featured" = ?, "views" = ?, "seo_title" = ?, "seo_description" = ?, "reading_time" = ?, "comment_count" = ?, "scheduled_at" = ?, "sub_section" = ?, "tags" = ?, "notes" = ?, "is_active" = ?, "updated_by" = ?, "updated_at" = ? where "blog_id" = ? returning *
2025-06-28 13:12:05 error: StatusCode : 400, Message : created_by must be an integer number
2025-06-28 13:19:55 error: StatusCode : 500, Message : Undefined binding(s) detected when compiling UPDATE. Undefined column(s): [blog_id] query: update "blogs" set "title" = ?, "slug" = ?, "featured_image" = ?, "content" = ?, "short_description" = ?, "author_name" = ?, "category" = ?, "is_featured" = ?, "views" = ?, "seo_title" = ?, "seo_description" = ?, "reading_time" = ?, "comment_count" = ?, "scheduled_at" = ?, "sub_section" = ?, "tags" = ?, "notes" = ?, "is_active" = ?, "updated_by" = ?, "updated_at" = ? where "blog_id" = ? returning *
2025-06-28 13:22:13 error: StatusCode : 500, Message : Undefined binding(s) detected when compiling UPDATE. Undefined column(s): [blog_id] query: update "blogs" set "title" = ?, "slug" = ?, "featured_image" = ?, "content" = ?, "short_description" = ?, "author_name" = ?, "category" = ?, "is_featured" = ?, "views" = ?, "seo_title" = ?, "seo_description" = ?, "reading_time" = ?, "comment_count" = ?, "scheduled_at" = ?, "sub_section" = ?, "tags" = ?, "notes" = ?, "is_active" = ?, "updated_by" = ?, "updated_at" = ? where "blog_id" = ? returning *
2025-06-28 13:22:32 error: StatusCode : 400, Message : created_by must be an integer number
2025-06-28 13:33:03 error: StatusCode : 500, Message : Undefined binding(s) detected when compiling UPDATE. Undefined column(s): [blog_id] query: update "blogs" set "title" = ?, "slug" = ?, "featured_image" = ?, "content" = ?, "short_description" = ?, "author_name" = ?, "category" = ?, "is_featured" = ?, "views" = ?, "seo_title" = ?, "seo_description" = ?, "reading_time" = ?, "comment_count" = ?, "scheduled_at" = ?, "sub_section" = ?, "tags" = ?, "notes" = ?, "is_active" = ?, "updated_by" = ?, "updated_at" = ? where "blog_id" = ? returning *
2025-06-28 13:33:46 error: StatusCode : 400, Message : created_by must be an integer number
2025-06-28 13:42:27 error: StatusCode : 400, Message : created_by must be an integer number
2025-06-28 13:59:48 error: StatusCode : 400, Message : created_by must be an integer number
2025-06-28 15:36:47 error: StatusCode : 400, Message : created_by must be an integer number
2025-06-28 15:52:30 error: StatusCode : 500, Message : Undefined binding(s) detected when compiling UPDATE. Undefined column(s): [blog_id] query: update "blogs" set "title" = ?, "slug" = ?, "featured_image" = ?, "content" = ?, "short_description" = ?, "author_name" = ?, "category" = ?, "is_featured" = ?, "views" = ?, "seo_title" = ?, "seo_description" = ?, "reading_time" = ?, "comment_count" = ?, "scheduled_at" = ?, "sub_section" = ?, "tags" = ?, "notes" = ?, "is_active" = ?, "updated_by" = ?, "updated_at" = ? where "blog_id" = ? returning *
2025-06-28 16:01:02 error: StatusCode : 500, Message : Undefined binding(s) detected when compiling UPDATE. Undefined column(s): [blog_id] query: update "blogs" set "title" = ?, "slug" = ?, "featured_image" = ?, "content" = ?, "short_description" = ?, "author_name" = ?, "category" = ?, "is_featured" = ?, "views" = ?, "seo_title" = ?, "seo_description" = ?, "reading_time" = ?, "comment_count" = ?, "scheduled_at" = ?, "sub_section" = ?, "tags" = ?, "notes" = ?, "is_active" = ?, "updated_by" = ?, "updated_at" = ? where "blog_id" = ? returning *
2025-06-28 16:01:05 error: StatusCode : 500, Message : Undefined binding(s) detected when compiling UPDATE. Undefined column(s): [blog_id] query: update "blogs" set "title" = ?, "slug" = ?, "featured_image" = ?, "content" = ?, "short_description" = ?, "author_name" = ?, "category" = ?, "is_featured" = ?, "views" = ?, "seo_title" = ?, "seo_description" = ?, "reading_time" = ?, "comment_count" = ?, "scheduled_at" = ?, "sub_section" = ?, "tags" = ?, "notes" = ?, "is_active" = ?, "updated_by" = ?, "updated_at" = ? where "blog_id" = ? returning *
2025-06-28 16:01:10 error: StatusCode : 500, Message : Undefined binding(s) detected when compiling UPDATE. Undefined column(s): [blog_id] query: update "blogs" set "title" = ?, "slug" = ?, "featured_image" = ?, "content" = ?, "short_description" = ?, "author_name" = ?, "category" = ?, "is_featured" = ?, "views" = ?, "seo_title" = ?, "seo_description" = ?, "reading_time" = ?, "comment_count" = ?, "scheduled_at" = ?, "sub_section" = ?, "tags" = ?, "notes" = ?, "is_active" = ?, "updated_by" = ?, "updated_at" = ? where "blog_id" = ? returning *
2025-06-28 16:39:55 error: StatusCode : 404, Message : Blog not found or not updated
2025-06-28 16:40:18 error: StatusCode : 400, Message : blog_id is required for update
2025-06-28 16:40:23 error: StatusCode : 400, Message : blog_id is required for update
2025-06-28 16:40:58 error: StatusCode : 400, Message : blog_id is required for update
2025-06-28 16:41:00 error: StatusCode : 400, Message : blog_id is required for update
2025-06-28 16:42:46 error: StatusCode : 404, Message : Blog not found or not updated
2025-06-28 20:17:07 error: uncaughtException: Cannot find module './transaction.schema'
Require stack:
- D:\mmv1\mmv_freelance\backend\src\database\index.schema.ts
- D:\mmv1\mmv_freelance\backend\src\middlewares\auth.middleware.ts
- D:\mmv1\mmv_freelance\backend\src\app.ts
- D:\mmv1\mmv_freelance\backend\src\server.ts
Error: Cannot find module './transaction.schema'
Require stack:
- D:\mmv1\mmv_freelance\backend\src\database\index.schema.ts
- D:\mmv1\mmv_freelance\backend\src\middlewares\auth.middleware.ts
- D:\mmv1\mmv_freelance\backend\src\app.ts
- D:\mmv1\mmv_freelance\backend\src\server.ts
    at Function.<anonymous> (node:internal/modules/cjs/loader:1249:15)
    at Function.Module._resolveFilename.sharedData.moduleResolveFilenameHook.installedValue [as _resolveFilename] (D:\mmv1\mmv_freelance\backend\node_modules\@cspotcode\source-map-support\source-map-support.js:811:30)
    at Function._load (node:internal/modules/cjs/loader:1075:27)
    at TracingChannel.traceSync (node:diagnostics_channel:322:14)
    at wrapModuleLoad (node:internal/modules/cjs/loader:219:24)
    at Module.require (node:internal/modules/cjs/loader:1340:12)
    at require (node:internal/modules/helpers:138:16)
    at Object.<anonymous> (D:\mmv1\mmv_freelance\backend\src\database\index.schema.ts:31:1)
    at Module._compile (node:internal/modules/cjs/loader:1565:14)
    at Module.m._compile (D:\mmv1\mmv_freelance\backend\node_modules\ts-node\src\index.ts:1618:23)
