2025-04-25 22:46:07 info: 🚀 App listening on the port 8000. Current Env development.
2025-04-25 22:46:17 info: [0mGET / [32m200[0m 43.954 ms - 512[0m
2025-04-25 22:46:17 info: [0mGET /assets/style.css [32m200[0m 8.785 ms - 372[0m
2025-04-25 22:46:17 info: [0mGET /favicon.ico [33m404[0m 3.098 ms - 150[0m
2025-04-25 22:57:37 info: 🚀 App listening on the port 8000. Current Env development.
2025-04-25 23:04:22 info: 🚀 App listening on the port 8000. Current Env development.
2025-04-25 23:04:25 info: [0mGET / [36m304[0m 21.730 ms - -[0m
2025-04-25 23:04:25 info: [0mGET /assets/style.css [36m304[0m 2.704 ms - -[0m
2025-04-25 23:04:32 info: [0mGET /elegant [33m404[0m 4.016 ms - 146[0m
2025-04-25 23:05:30 info: [0mGET /?theme=elegant [32m200[0m 22.341 ms - -[0m
2025-04-25 23:05:30 info: [0mGET /assets/css/bootstrap.css [33m404[0m 6.131 ms - 163[0m
2025-04-25 23:05:30 info: [0mGET /assets/css/font-awesome.min.css [33m404[0m 15.187 ms - 170[0m
2025-04-25 23:05:30 info: [0mGET /assets/css/style.css [33m404[0m 16.094 ms - 159[0m
2025-04-25 23:05:30 info: [0mGET /assets/css/responsive.css [33m404[0m 17.235 ms - 164[0m
2025-04-25 23:05:30 info: [0mGET /assets/images/slider-bg.jpg [33m404[0m 18.313 ms - 166[0m
2025-04-25 23:05:30 info: [0mGET /assets/js/jquery-3.4.1.min.js [33m404[0m 17.677 ms - 168[0m
2025-04-25 23:05:30 info: [0mGET /assets/js/bootstrap.js [33m404[0m 19.066 ms - 161[0m
2025-04-25 23:05:30 info: [0mGET /assets/js/custom.js [33m404[0m 2.952 ms - 158[0m
2025-04-25 23:05:30 info: [0mGET /assets/images/favicon.png [33m404[0m 1.573 ms - 164[0m
2025-04-25 23:08:49 info: 🚀 App listening on the port 8000. Current Env development.
2025-04-25 23:08:57 info: [0mGET /?theme=elegant [36m304[0m 33.580 ms - -[0m
2025-04-25 23:08:57 info: [0mGET /assets/css/bootstrap.css [33m404[0m 12.076 ms - 163[0m
2025-04-25 23:08:57 info: [0mGET /assets/css/font-awesome.min.css [33m404[0m 9.639 ms - 170[0m
2025-04-25 23:08:57 info: [0mGET /assets/css/style.css [33m404[0m 8.165 ms - 159[0m
2025-04-25 23:08:57 info: [0mGET /assets/css/responsive.css [33m404[0m 8.310 ms - 164[0m
2025-04-25 23:08:57 info: [0mGET /assets/images/slider-bg.jpg [33m404[0m 8.605 ms - 166[0m
2025-04-25 23:08:57 info: [0mGET /assets/js/jquery-3.4.1.min.js [33m404[0m 10.314 ms - 168[0m
2025-04-25 23:08:57 info: [0mGET /assets/js/bootstrap.js [33m404[0m 13.328 ms - 161[0m
2025-04-25 23:08:57 info: [0mGET /assets/js/custom.js [33m404[0m 3.052 ms - 158[0m
2025-04-25 23:11:52 info: 🚀 App listening on the port 8000. Current Env development.
2025-04-25 23:12:09 info: [0mGET /?theme=elegant [36m304[0m 38.677 ms - -[0m
2025-04-25 23:12:09 info: [0mGET /assets/css/bootstrap.css [33m404[0m 31.136 ms - 163[0m
2025-04-25 23:12:09 info: [0mGET /assets/js/jquery-3.4.1.min.js [33m404[0m 24.258 ms - 168[0m
2025-04-25 23:12:09 info: [0mGET /assets/images/slider-bg.jpg [33m404[0m 22.982 ms - 166[0m
2025-04-25 23:12:09 info: [0mGET /assets/css/responsive.css [33m404[0m 22.011 ms - 164[0m
2025-04-25 23:12:09 info: [0mGET /assets/css/style.css [33m404[0m 21.514 ms - 159[0m
2025-04-25 23:12:09 info: [0mGET /assets/css/font-awesome.min.css [33m404[0m 20.295 ms - 170[0m
2025-04-25 23:12:09 info: [0mGET /assets/js/bootstrap.js [33m404[0m 8.240 ms - 161[0m
2025-04-25 23:12:09 info: [0mGET /assets/js/custom.js [33m404[0m 6.543 ms - 158[0m
2025-04-25 23:14:38 info: 🚀 App listening on the port 8000. Current Env development.
2025-04-25 23:14:41 info: [0mGET /?theme=elegant [36m304[0m 18.656 ms - -[0m
2025-04-25 23:14:41 info: [0mGET /assets/css/bootstrap.css [33m404[0m 2.166 ms - 163[0m
2025-04-25 23:14:41 info: [0mGET /assets/css/font-awesome.min.css [33m404[0m 1.034 ms - 170[0m
2025-04-25 23:14:41 info: [0mGET /assets/css/style.css [33m404[0m 0.484 ms - 159[0m
2025-04-25 23:14:41 info: [0mGET /assets/css/responsive.css [33m404[0m 0.590 ms - 164[0m
2025-04-25 23:14:41 info: [0mGET /assets/images/slider-bg.jpg [33m404[0m 0.976 ms - 166[0m
2025-04-25 23:14:41 info: [0mGET /assets/js/jquery-3.4.1.min.js [33m404[0m 0.480 ms - 168[0m
2025-04-25 23:14:41 info: [0mGET /assets/js/bootstrap.js [33m404[0m 0.317 ms - 161[0m
2025-04-25 23:14:41 info: [0mGET /assets/js/custom.js [33m404[0m 0.941 ms - 158[0m
2025-04-25 23:14:44 info: [0mGET /?theme=elegant [36m304[0m 22.065 ms - -[0m
2025-04-25 23:14:44 info: [0mGET /assets/css/bootstrap.css [33m404[0m 1.270 ms - 163[0m
2025-04-25 23:14:44 info: [0mGET /assets/css/font-awesome.min.css [33m404[0m 1.176 ms - 170[0m
2025-04-25 23:14:44 info: [0mGET /assets/css/style.css [33m404[0m 1.174 ms - 159[0m
2025-04-25 23:14:44 info: [0mGET /assets/css/responsive.css [33m404[0m 0.726 ms - 164[0m
2025-04-25 23:14:44 info: [0mGET /assets/images/slider-bg.jpg [33m404[0m 1.069 ms - 166[0m
2025-04-25 23:14:44 info: [0mGET /assets/js/jquery-3.4.1.min.js [33m404[0m 1.026 ms - 168[0m
2025-04-25 23:14:44 info: [0mGET /assets/js/bootstrap.js [33m404[0m 0.607 ms - 161[0m
2025-04-25 23:14:44 info: [0mGET /assets/js/custom.js [33m404[0m 0.807 ms - 158[0m
2025-04-25 23:15:33 info: 🚀 App listening on the port 8000. Current Env development.
2025-04-25 23:15:37 info: [0mGET /?theme=elegant [36m304[0m 36.746 ms - -[0m
2025-04-25 23:15:37 info: [0mGET /assets/css/bootstrap.css [33m404[0m 6.760 ms - 163[0m
2025-04-25 23:15:37 info: [0mGET /assets/css/style.css [33m404[0m 2.767 ms - 159[0m
2025-04-25 23:15:37 info: [0mGET /assets/css/font-awesome.min.css [33m404[0m 1.111 ms - 170[0m
2025-04-25 23:15:37 info: [0mGET /assets/js/bootstrap.js [33m404[0m 1.231 ms - 161[0m
2025-04-25 23:15:37 info: [0mGET /assets/css/responsive.css [33m404[0m 0.680 ms - 164[0m
2025-04-25 23:15:37 info: [0mGET /assets/images/slider-bg.jpg [33m404[0m 0.526 ms - 166[0m
2025-04-25 23:15:37 info: [0mGET /assets/js/jquery-3.4.1.min.js [33m404[0m 0.545 ms - 168[0m
2025-04-25 23:15:37 info: [0mGET /assets/js/custom.js [33m404[0m 1.475 ms - 158[0m
2025-04-25 23:16:40 info: [0mGET /?theme=elegant [36m304[0m 11.270 ms - -[0m
2025-04-25 23:16:40 info: [0mGET /assets/css/bootstrap.css [33m404[0m 0.998 ms - 163[0m
2025-04-25 23:16:40 info: [0mGET /assets/css/font-awesome.min.css [33m404[0m 0.652 ms - 170[0m
2025-04-25 23:16:40 info: [0mGET /assets/css/style.css [33m404[0m 0.909 ms - 159[0m
2025-04-25 23:16:40 info: [0mGET /assets/css/responsive.css [33m404[0m 1.605 ms - 164[0m
2025-04-25 23:16:40 info: [0mGET /assets/images/slider-bg.jpg [33m404[0m 0.608 ms - 166[0m
2025-04-25 23:16:40 info: [0mGET /assets/js/jquery-3.4.1.min.js [33m404[0m 0.673 ms - 168[0m
2025-04-25 23:16:40 info: [0mGET /assets/js/bootstrap.js [33m404[0m 0.824 ms - 161[0m
2025-04-25 23:16:40 info: [0mGET /assets/js/custom.js [33m404[0m 1.331 ms - 158[0m
2025-04-25 23:17:02 info: 🚀 App listening on the port 8000. Current Env development.
2025-04-25 23:17:10 info: [0mGET /debug?theme=elegant [32m200[0m 8.652 ms - 23[0m
2025-04-25 23:17:59 info: [0mGET /?theme=elegant [36m304[0m 26.503 ms - -[0m
2025-04-25 23:17:59 info: [0mGET /assets/css/bootstrap.css [33m404[0m 3.479 ms - 163[0m
2025-04-25 23:17:59 info: [0mGET /assets/css/font-awesome.min.css [33m404[0m 1.760 ms - 170[0m
2025-04-25 23:17:59 info: [0mGET /assets/css/style.css [33m404[0m 0.513 ms - 159[0m
2025-04-25 23:17:59 info: [0mGET /assets/css/responsive.css [33m404[0m 1.087 ms - 164[0m
2025-04-25 23:17:59 info: [0mGET /assets/images/slider-bg.jpg [33m404[0m 0.354 ms - 166[0m
2025-04-25 23:17:59 info: [0mGET /assets/js/jquery-3.4.1.min.js [33m404[0m 0.617 ms - 168[0m
2025-04-25 23:17:59 info: [0mGET /assets/js/bootstrap.js [33m404[0m 0.942 ms - 161[0m
2025-04-25 23:17:59 info: [0mGET /assets/js/custom.js [33m404[0m 1.373 ms - 158[0m
2025-04-25 23:18:58 info: 🚀 App listening on the port 8000. Current Env development.
2025-04-25 23:19:36 info: 🚀 App listening on the port 8000. Current Env development.
2025-04-25 23:19:38 info: [0mGET /?theme=elegant [36m304[0m 42.191 ms - -[0m
2025-04-25 23:19:40 info: [0mGET /?theme=elegant [36m304[0m 22.915 ms - -[0m
2025-04-25 23:20:03 info: 🚀 App listening on the port 8000. Current Env development.
2025-04-25 23:20:09 info: [0mGET /?theme=elegant [36m304[0m 19.046 ms - -[0m
2025-04-25 23:20:12 info: [0mGET /?theme=elegant [36m304[0m 15.324 ms - -[0m
2025-04-25 23:21:57 info: [0mGET /themes/elegant/assets/css/bootstrap.css [33m404[0m 4.051 ms - 178[0m
2025-04-25 23:25:45 info: [0mGET /themes/elegant/assets/ [33m404[0m 1.172 ms - 161[0m
2025-04-25 23:25:48 info: [0mGET /themes/elegant/assets/ [33m404[0m 0.574 ms - 161[0m
2025-04-25 23:25:52 info: [0mGET /themes/ [33m404[0m 0.815 ms - 146[0m
2025-04-25 23:25:56 info: [0mGET / [36m304[0m 9.935 ms - -[0m
2025-04-25 23:26:14 info: [0mGET /elegant/assets/css/bootstrap.css [33m404[0m 0.846 ms - 171[0m
2025-04-25 23:26:39 info: [0mGET /?theme=elegant/assets/css/bootstrap.css [31m500[0m 8.296 ms - -[0m
2025-04-25 23:26:56 info: [0mGET /?theme=elegant [36m304[0m 5.438 ms - -[0m
2025-04-25 23:27:06 info: [0mGET /?theme=elegant/assts [31m500[0m 2.547 ms - -[0m
2025-04-25 23:27:11 info: [0mGET /?theme=elegant/assets [31m500[0m 2.806 ms - -[0m
2025-04-25 23:27:17 info: [0mGET / [36m304[0m 7.016 ms - -[0m
2025-04-25 23:27:56 info: 🚀 App listening on the port 8000. Current Env development.
2025-04-25 23:28:05 info: [0mGET /?theme=elegant [36m304[0m 22.524 ms - -[0m
2025-04-25 23:28:15 info: [0mGET /?theme=elegant [36m304[0m 10.664 ms - -[0m
2025-04-25 23:28:42 info: 🚀 App listening on the port 8000. Current Env development.
2025-04-25 23:28:44 info: [0mGET /?theme=elegant [36m304[0m 23.236 ms - -[0m
2025-04-25 23:28:44 info: [0mGET /?theme=elegant [36m304[0m 9.805 ms - -[0m
2025-04-25 23:29:19 info: 🚀 App listening on the port 8000. Current Env development.
2025-04-25 23:29:42 info: 🚀 App listening on the port 8000. Current Env development.
2025-04-25 23:29:45 info: [0mGET /?theme=elegant [36m304[0m 19.557 ms - -[0m
2025-04-25 23:32:07 info: 🚀 App listening on the port 8000. Current Env development.
2025-04-25 23:32:13 info: [0mGET /?theme=elegant [36m304[0m 30.512 ms - -[0m
2025-04-25 23:32:38 info: 🚀 App listening on the port 8000. Current Env development.
2025-04-25 23:32:52 info: [0mGET /?theme=elegant [36m304[0m 25.877 ms - -[0m
2025-04-25 23:33:47 info: 🚀 App listening on the port 8000. Current Env development.
2025-04-25 23:33:57 info: [0mGET /?theme=elegant [36m304[0m 17.714 ms - -[0m
2025-04-25 23:34:35 info: 🚀 App listening on the port 8000. Current Env development.
2025-04-25 23:35:30 info: 🚀 App listening on the port 8000. Current Env development.
2025-04-25 23:36:25 info: [0mGET /?theme=elegant [36m304[0m 35.051 ms - -[0m
2025-04-25 23:37:43 info: [0mGET /?theme=elegant [36m304[0m 12.999 ms - -[0m
2025-04-25 23:38:09 info: 🚀 App listening on the port 8000. Current Env development.
2025-04-25 23:38:19 info: [0mGET /?theme=elegant [36m304[0m 34.184 ms - -[0m
2025-04-25 23:39:19 info: 🚀 App listening on the port 8000. Current Env development.
2025-04-25 23:39:32 info: [0mGET /?theme=elegant [36m304[0m 17.796 ms - -[0m
2025-04-25 23:40:48 info: 🚀 App listening on the port 8000. Current Env development.
2025-04-25 23:41:17 info: [0mGET /?theme=elegant [36m304[0m 39.811 ms - -[0m
2025-04-25 23:44:06 info: [0mGET /?theme=elegant [36m304[0m 10.093 ms - -[0m
2025-04-25 23:44:11 info: [0mGET /?theme=elegant [36m304[0m 5.019 ms - -[0m
2025-04-25 23:44:14 info: [0mGET /?theme=elegant [36m304[0m 6.970 ms - -[0m
2025-04-25 23:45:18 info: 🚀 App listening on the port 8000. Current Env development.
2025-04-25 23:45:31 info: [0mGET /?theme=elegant [36m304[0m 27.061 ms - -[0m
2025-04-25 23:46:27 info: 🚀 App listening on the port 8000. Current Env development.
2025-04-25 23:46:41 info: [0mGET /?theme=elegant [32m200[0m 30.666 ms - -[0m
2025-04-25 23:46:42 info: [0mGET /?theme=elegant [32m200[0m 19.780 ms - -[0m
2025-04-25 23:50:36 info: [0mGET /?themes=elegant [32m200[0m 10.220 ms - 512[0m
2025-04-25 23:50:43 info: [0mGET /?theme=elegant [32m200[0m 10.082 ms - -[0m
