2025-05-21 10:54:40 info: 🚀 App listening on the port 8000. Current Env development.
2025-05-21 10:55:00 info: 🚀 App listening on the port 8000. Current Env development.
2025-05-21 11:02:03 info: 🚀 App listening on the port 8000. Current Env development.
2025-05-21 11:02:39 info: 🚀 App listening on the port 8000. Current Env development.
2025-05-21 11:03:22 info: 🚀 App listening on the port 8000. Current Env development.
2025-05-21 11:03:25 info: 🚀 App listening on the port 8000. Current Env development.
2025-05-21 11:03:28 info: 🚀 App listening on the port 8000. Current Env development.
2025-05-21 11:03:35 info: 🚀 App listening on the port 8000. Current Env development.
2025-05-21 11:03:58 info: 🚀 App listening on the port 8000. Current Env development.
2025-05-21 11:04:19 info: 🚀 App listening on the port 8000. Current Env development.
2025-05-21 11:04:44 info: 🚀 App listening on the port 8000. Current Env development.
2025-05-21 11:04:56 info: [0mGET /api/v1/employee/insertemployee [33m404[0m 3.728 ms - 169[0m
2025-05-21 11:05:00 error: StatusCode : 400, Message : Data Invalid
2025-05-21 11:05:00 info: [0mPOST /api/v1/employee/insertemployee [33m400[0m 3.759 ms - 26[0m
2025-05-21 11:05:34 info: 🚀 App listening on the port 8000. Current Env development.
2025-05-21 11:05:42 info: 🚀 App listening on the port 8000. Current Env development.
2025-05-21 11:05:53 info: 🚀 App listening on the port 8000. Current Env development.
2025-05-21 11:06:03 info: 🚀 App listening on the port 8000. Current Env development.
2025-05-21 11:06:07 info: 🚀 App listening on the port 8000. Current Env development.
2025-05-21 11:06:15 info: 🚀 App listening on the port 8000. Current Env development.
2025-05-21 11:08:59 info: 🚀 App listening on the port 8000. Current Env development.
2025-05-21 11:09:07 info: 🚀 App listening on the port 8000. Current Env development.
2025-05-21 11:09:15 info: 🚀 App listening on the port 8000. Current Env development.
2025-05-21 11:14:47 info: 🚀 App listening on the port 8000. Current Env development.
2025-05-21 11:25:08 info: 🚀 App listening on the port 8000. Current Env development.
2025-05-21 11:25:33 info: 🚀 App listening on the port 8000. Current Env development.
2025-05-21 11:25:37 info: 🚀 App listening on the port 8000. Current Env development.
2025-05-21 11:25:45 info: 🚀 App listening on the port 8000. Current Env development.
2025-05-21 11:26:12 info: 🚀 App listening on the port 8000. Current Env development.
2025-05-21 11:32:39 info: [0mPOST /api/v1/employee/insertemployee [32m201[0m 28.769 ms - 277[0m
2025-05-21 11:34:44 info: 🚀 App listening on the port 8000. Current Env development.
2025-05-21 11:34:49 error: StatusCode : 500, Message : Undefined binding(s) detected when compiling FIRST. Undefined column(s): [email] query: select * from "employee" where "email" = ? limit ?
2025-05-21 11:34:49 info: [0mPOST /api/v1/employee/insertemployee [31m500[0m 16.259 ms - 156[0m
2025-05-21 11:35:56 error: StatusCode : 500, Message : Undefined binding(s) detected when compiling FIRST. Undefined column(s): [email] query: select * from "employee" where "email" = ? limit ?
2025-05-21 11:35:56 info: [0mPOST /api/v1/employee/insertemployee [31m500[0m 4.768 ms - 156[0m
2025-05-21 11:36:47 info: 🚀 App listening on the port 8000. Current Env development.
2025-05-21 11:36:56 info: 🚀 App listening on the port 8000. Current Env development.
2025-05-21 12:11:00 error: StatusCode : 500, Message : Undefined binding(s) detected when compiling FIRST. Undefined column(s): [email] query: select * from "employee" where "email" = ? limit ?
2025-05-21 12:11:00 info: [0mPOST /api/v1/employee/insertemployee [31m500[0m 16.881 ms - 156[0m
2025-05-21 12:12:56 error: StatusCode : 500, Message : Undefined binding(s) detected when compiling FIRST. Undefined column(s): [email] query: select * from "employee" where "email" = ? limit ?
2025-05-21 12:12:56 info: [0mPOST /api/v1/employee/insertemployee [31m500[0m 2.924 ms - 156[0m
2025-05-21 12:17:45 info: 🚀 App listening on the port 8000. Current Env development.
2025-05-21 12:17:49 error: StatusCode : 500, Message : Undefined binding(s) detected when compiling FIRST. Undefined column(s): [email] query: select * from "employee" where "email" = ? limit ?
2025-05-21 12:17:49 info: [0mPOST /api/v1/employee/insertemployee [31m500[0m 16.904 ms - 156[0m
