2025-07-05 11:16:34 info: 🚀 App listening on the port 8000. Current Env development.
2025-07-05 11:29:49 info: 🚀 App listening on the port 8000. Current Env development.
2025-07-05 11:45:24 info: 🚀 App listening on the port 8000. Current Env development.
2025-07-05 11:45:26 info: 🚀 App listening on the port 8000. Current Env development.
2025-07-05 11:48:16 info: [0mPOST /api/v1/users/login [32m200[0m 214.918 ms - -[0m
2025-07-05 11:50:02 error: StatusCode : 500, Message : role_service_1.default.getpermissionby is not a function
2025-07-05 11:50:02 info: [0mGET /api/v1/role/getpermission/1 [31m500[0m 17.704 ms - 70[0m
2025-07-05 11:53:35 info: 🚀 App listening on the port 8000. Current Env development.
2025-07-05 11:53:38 error: StatusCode : 500, Message : role_service_1.default.getpermissionby is not a function
2025-07-05 11:53:38 info: [0mGET /api/v1/role/getpermission/1 [31m500[0m 96.858 ms - 70[0m
2025-07-05 12:11:20 error: StatusCode : 500, Message : role_service_1.default.getpermissionby is not a function
2025-07-05 12:11:20 info: [0mGET /api/v1/role/getpermission/1 [31m500[0m 6.475 ms - 70[0m
2025-07-05 12:16:40 info: 🚀 App listening on the port 8000. Current Env development.
2025-07-05 12:23:00 info: 🚀 App listening on the port 8000. Current Env development.
2025-07-05 12:26:37 info: 🚀 App listening on the port 8000. Current Env development.
2025-07-05 12:26:42 error: StatusCode : 500, Message : role_service_1.default.assignPermissions is not a function
2025-07-05 12:26:42 info: [0mPOST /api/v1/role/insertpermission/1 [31m500[0m 96.145 ms - 72[0m
2025-07-05 12:28:31 info: 🚀 App listening on the port 8000. Current Env development.
2025-07-05 12:28:38 error: StatusCode : 500, Message : role_service_1.default.assignPermissions is not a function
2025-07-05 12:28:38 info: [0mPOST /api/v1/role/insertpermission/1 [31m500[0m 103.159 ms - 72[0m
2025-07-05 12:28:39 error: StatusCode : 500, Message : role_service_1.default.assignPermissions is not a function
2025-07-05 12:28:39 info: [0mPOST /api/v1/role/insertpermission/1 [31m500[0m 5.201 ms - 72[0m
2025-07-05 12:28:50 info: [0mPOST /api/v1/role/insertpermission [33m404[0m 5.080 ms - 168[0m
2025-07-05 12:28:51 info: [0mPOST /api/v1/role/insertpermission [33m404[0m 4.897 ms - 168[0m
2025-07-05 12:29:32 info: [0mPOST /api/v1/role/insertpermission [33m404[0m 4.416 ms - 168[0m
2025-07-05 12:29:33 info: [0mPOST /api/v1/role/insertpermission [33m404[0m 3.636 ms - 168[0m
2025-07-05 12:29:49 info: [0mGET /api/v1/role/getpermission [33m404[0m 3.975 ms - 164[0m
2025-07-05 12:29:59 error: StatusCode : 500, Message : role_service_1.default.getpermissionby is not a function
2025-07-05 12:29:59 info: [0mGET /api/v1/role/getpermission/1 [31m500[0m 4.799 ms - 70[0m
2025-07-05 12:32:31 info: [0mPOST /api/v1/role/insertpermission [33m404[0m 5.330 ms - 168[0m
2025-07-05 12:32:33 info: [0mPOST /api/v1/role/insertpermission [33m404[0m 4.342 ms - 168[0m
2025-07-05 12:33:18 info: 🚀 App listening on the port 8000. Current Env development.
2025-07-05 12:33:32 info: 🚀 App listening on the port 8000. Current Env development.
2025-07-05 12:34:33 info: 🚀 App listening on the port 8000. Current Env development.
2025-07-05 12:39:16 info: 🚀 App listening on the port 8000. Current Env development.
2025-07-05 12:41:56 info: 🚀 App listening on the port 8000. Current Env development.
2025-07-05 12:42:09 info: [0mPOST /api/v1/role/insertpermission [32m201[0m 135.514 ms - 68[0m
2025-07-05 12:43:54 error: StatusCode : 500, Message : role_service_1.default.getpermissionby is not a function
2025-07-05 12:43:54 info: [0mGET /api/v1/role/getpermission/1 [31m500[0m 5.950 ms - 70[0m
2025-07-05 12:46:17 info: [0mGET /api/v1/role/getpermission [33m404[0m 5.222 ms - 164[0m
2025-07-05 12:49:18 info: 🚀 App listening on the port 8000. Current Env development.
2025-07-05 12:49:24 error: StatusCode : 500, Message : Error fetching Role
2025-07-05 12:49:24 info: [0mGET /api/v1/role/getpermission [31m500[0m 118.609 ms - 33[0m
2025-07-05 13:00:26 info: 🚀 App listening on the port 8000. Current Env development.
2025-07-05 13:00:28 error: StatusCode : 500, Message : Error fetching Role
2025-07-05 13:00:28 info: [0mGET /api/v1/role/getpermission [31m500[0m 105.820 ms - 33[0m
2025-07-05 13:00:31 error: StatusCode : 500, Message : Error fetching Role
2025-07-05 13:00:31 info: [0mGET /api/v1/role/getpermission [31m500[0m 5.539 ms - 33[0m
2025-07-05 13:01:37 info: [0mGET /api/v1/role/getpermission/1 [33m404[0m 4.765 ms - 166[0m
2025-07-05 13:01:44 info: [0mGET /api/v1/role/getpermission/4 [33m404[0m 3.250 ms - 166[0m
2025-07-05 13:01:49 error: StatusCode : 500, Message : Error fetching Role
2025-07-05 13:01:49 info: [0mGET /api/v1/role/getpermission [31m500[0m 5.101 ms - 33[0m
2025-07-05 13:22:26 info: 🚀 App listening on the port 8000. Current Env development.
2025-07-05 13:24:16 info: 🚀 App listening on the port 8000. Current Env development.
2025-07-05 13:28:59 info: 🚀 App listening on the port 8000. Current Env development.
2025-07-05 13:29:04 info: [0mGET /api/v1/role/getpermission [33m404[0m 109.442 ms - 164[0m
2025-07-05 13:29:50 info: [0mGET /api/v1/role/getpermission [33m404[0m 21.081 ms - 164[0m
2025-07-05 13:30:00 info: [0mGET /api/v1/role/getpermission/2 [33m404[0m 3.855 ms - 166[0m
2025-07-05 13:30:29 info: [0mGET /api/v1/role/getpermission [33m404[0m 3.897 ms - 164[0m
2025-07-05 13:30:40 info: [0mGET /api/v1/role/getpermission [33m404[0m 5.076 ms - 164[0m
2025-07-05 13:32:56 info: 🚀 App listening on the port 8000. Current Env development.
2025-07-05 13:32:59 info: 🚀 App listening on the port 8000. Current Env development.
2025-07-05 13:33:00 info: [0mGET /api/v1/role/getpermission [33m404[0m 228.377 ms - 164[0m
2025-07-05 13:33:10 info: [0mGET /api/v1/role/getpermission [33m404[0m 6.201 ms - 164[0m
2025-07-05 13:33:38 info: [0mGET /api/v1/role/getpermission [33m404[0m 4.836 ms - 164[0m
2025-07-05 13:33:50 info: [0mGET /api/v1/role/getpermission [33m404[0m 7.133 ms - 164[0m
2025-07-05 13:33:53 info: [0mGET /api/v1/role/getpermission [33m404[0m 4.198 ms - 164[0m
2025-07-05 13:34:49 info: 🚀 App listening on the port 8000. Current Env development.
2025-07-05 13:34:51 info: 🚀 App listening on the port 8000. Current Env development.
2025-07-05 13:34:54 info: [0mGET /api/v1/role/getpermission [33m404[0m 196.709 ms - 164[0m
2025-07-05 13:34:59 info: [0mGET /api/v1/role/getpermission [33m404[0m 15.614 ms - 164[0m
2025-07-05 13:35:15 info: [0mGET /api/v1/role/getpermission [33m404[0m 4.848 ms - 164[0m
2025-07-05 13:35:30 info: [0mGET /api/v1/role/getpermission [33m404[0m 4.185 ms - 164[0m
2025-07-05 13:35:53 info: [0mGET /api/v1/role/getpermission [33m404[0m 5.577 ms - 164[0m
2025-07-05 13:36:00 info: [0mGET /api/v1/role/getpermission [33m404[0m 4.227 ms - 164[0m
2025-07-05 13:51:24 info: [0mGET /api/v1/role/getpermission [33m404[0m 4.841 ms - 164[0m
2025-07-05 13:52:26 info: 🚀 App listening on the port 8000. Current Env development.
2025-07-05 13:52:28 info: 🚀 App listening on the port 8000. Current Env development.
2025-07-05 13:52:30 info: [0mGET /api/v1/role/getpermission [33m404[0m 116.917 ms - 164[0m
2025-07-05 13:52:31 info: [0mGET /api/v1/role/getpermission [33m404[0m 5.624 ms - 164[0m
2025-07-05 13:52:55 info: [0mGET /api/v1/role/getpermission [33m404[0m 4.683 ms - 164[0m
2025-07-05 13:52:56 info: [0mGET /api/v1/role/getpermission [33m404[0m 9.286 ms - 164[0m
2025-07-05 13:57:02 info: [0mGET /api/v1/role/getpermission [33m404[0m 6.165 ms - 164[0m
2025-07-05 14:08:22 info: 🚀 App listening on the port 8000. Current Env development.
2025-07-05 14:08:31 info: [0mGET /api/v1/role/getpermission [33m404[0m 104.120 ms - 164[0m
2025-07-05 14:11:04 info: 🚀 App listening on the port 8000. Current Env development.
2025-07-05 14:11:08 info: 🚀 App listening on the port 8000. Current Env development.
2025-07-05 14:11:10 info: [0mGET /api/v1/role/getpermission [33m404[0m 111.657 ms - 164[0m
2025-07-05 14:11:12 info: [0mGET /api/v1/role/getpermission [33m404[0m 5.467 ms - 164[0m
2025-07-05 14:11:25 info: [0mGET /api/v1/role/getpermission/1 [33m404[0m 4.198 ms - 166[0m
2025-07-05 14:11:31 info: [0mGET /api/v1/role/getpermission/1 [33m404[0m 3.870 ms - 166[0m
2025-07-05 14:11:49 info: [0mGET /api/v1/role/getpermission [33m404[0m 5.468 ms - 164[0m
2025-07-05 14:14:26 info: 🚀 App listening on the port 8000. Current Env development.
2025-07-05 14:15:03 info: 🚀 App listening on the port 8000. Current Env development.
2025-07-05 14:16:02 info: 🚀 App listening on the port 8000. Current Env development.
2025-07-05 14:16:33 info: 🚀 App listening on the port 8000. Current Env development.
2025-07-05 14:16:35 info: [0mGET /api/v1/role/getpermission [32m200[0m 119.950 ms - 72[0m
2025-07-05 14:34:22 info: 🚀 App listening on the port 8000. Current Env development.
2025-07-05 15:51:32 info: 🚀 App listening on the port 8000. Current Env development.
2025-07-05 15:51:34 info: 🚀 App listening on the port 8000. Current Env development.
2025-07-05 15:52:04 info: 🚀 App listening on the port 8000. Current Env development.
2025-07-05 15:53:11 info: 🚀 App listening on the port 8000. Current Env development.
2025-07-05 15:54:22 info: [0mGET /api/v1/users/getrole [33m404[0m 140.576 ms - 159[0m
2025-07-05 15:54:41 info: [0mGET /api/v1/users/getrole [33m404[0m 5.718 ms - 159[0m
2025-07-05 15:54:56 info: [0mGET /api/v1/users/getrole [33m404[0m 3.964 ms - 159[0m
2025-07-05 16:00:41 info: 🚀 App listening on the port 8000. Current Env development.
2025-07-05 16:00:45 info: [0mGET /api/v1/users/getrole [33m404[0m 123.841 ms - 159[0m
2025-07-05 16:01:06 info: [0mGET /api/v1/users/getrole [33m404[0m 7.331 ms - 159[0m
2025-07-05 16:01:12 info: [0mGET /api/v1/users/getrole [33m404[0m 4.312 ms - 159[0m
2025-07-05 16:01:57 info: [0mGET /api/v1/users/getrole [33m404[0m 5.199 ms - 159[0m
2025-07-05 16:03:16 info: 🚀 App listening on the port 8000. Current Env development.
2025-07-05 16:04:50 info: 🚀 App listening on the port 8000. Current Env development.
2025-07-05 16:06:56 info: 🚀 App listening on the port 8000. Current Env development.
2025-07-05 16:06:57 info: [0mGET /api/v1/users/getrole [32m200[0m 105.289 ms - 26[0m
2025-07-05 16:07:27 info: 🚀 App listening on the port 8000. Current Env development.
2025-07-05 16:07:30 info: [0mGET /api/v1/users/getrole [33m404[0m 110.743 ms - 159[0m
2025-07-05 16:08:24 info: 🚀 App listening on the port 8000. Current Env development.
2025-07-05 16:08:27 info: [0mGET /api/v1/users/getrole [33m404[0m 108.654 ms - 159[0m
2025-07-05 16:08:47 info: 🚀 App listening on the port 8000. Current Env development.
2025-07-05 16:08:51 info: [0mGET /api/v1/users/getrole [33m404[0m 103.683 ms - 159[0m
2025-07-05 16:08:53 info: [0mGET /api/v1/users/getrole [33m404[0m 6.801 ms - 159[0m
2025-07-05 16:11:10 info: 🚀 App listening on the port 8000. Current Env development.
2025-07-05 16:11:12 info: [0mGET /api/v1/users/getrole [33m404[0m 110.809 ms - 159[0m
2025-07-05 16:12:11 info: 🚀 App listening on the port 8000. Current Env development.
2025-07-05 16:12:13 info: [0mGET /api/v1/users/getrole [32m200[0m 226.281 ms - 26[0m
2025-07-05 16:21:29 info: 🚀 App listening on the port 8000. Current Env development.
2025-07-05 16:21:34 info: 🚀 App listening on the port 8000. Current Env development.
2025-07-05 16:24:37 info: [0mPOST /api/v1/users/insertrole [32m201[0m 116.405 ms - 62[0m
2025-07-05 16:28:59 info: [0mGET /api/v1/users/getrole [32m200[0m 11.351 ms - 66[0m
2025-07-05 16:31:26 info: [0mPOST /api/v1/users/insertrole [32m201[0m 5.074 ms - 62[0m
