2025-07-03 10:38:02 info: 🚀 App listening on the port 8000. Current Env development.
2025-07-03 10:39:48 info: [0mPOST /api/v1/users/login [32m200[0m 317.894 ms - -[0m
2025-07-03 11:00:05 info: 🚀 App listening on the port 8000. Current Env development.
2025-07-03 11:00:12 info: 🚀 App listening on the port 8000. Current Env development.
2025-07-03 11:00:21 info: 🚀 App listening on the port 8000. Current Env development.
2025-07-03 11:03:57 error: StatusCode : 500, Message : insert into "role" ("created_at", "description", "is_active", "label", "name", "updated_at") values ($1, $2, $3, $4, $5, $6) returning * - duplicate key value violates unique constraint "role_name_unique"
2025-07-03 11:03:57 info: [0mPOST /api/v1/role/insertrole [31m500[0m 140.553 ms - 234[0m
2025-07-03 11:04:26 error: StatusCode : 500, Message : insert into "role" ("created_at", "description", "is_active", "label", "name") values ($1, $2, $3, $4, $5) returning * - duplicate key value violates unique constraint "role_name_unique"
2025-07-03 11:04:26 info: [0mPOST /api/v1/role/insertrole [31m500[0m 11.362 ms - 214[0m
2025-07-03 11:06:17 info: [0mPOST /api/v1/role/insertrole [32m201[0m 6.747 ms - 290[0m
2025-07-03 11:18:55 info: 🚀 App listening on the port 8000. Current Env development.
2025-07-03 11:18:58 info: 🚀 App listening on the port 8000. Current Env development.
2025-07-03 11:24:26 error: StatusCode : 500, Message : Undefined binding(s) detected when compiling UPDATE. Undefined column(s): [role_id] query: update "role" set "name" = ?, "label" = ?, "description" = ?, "is_active" = ?, "created_at" = ?, "updated_at" = ? where "role_id" = ? returning *
2025-07-03 11:24:26 info: [0mPUT /api/v1/role/updaterole/3 [31m500[0m 121.042 ms - 266[0m
2025-07-03 11:24:52 error: StatusCode : 500, Message : Undefined binding(s) detected when compiling UPDATE. Undefined column(s): [role_id] query: update "role" set "name" = ?, "label" = ?, "description" = ?, "is_active" = ?, "updated_at" = ? where "role_id" = ? returning *
2025-07-03 11:24:52 info: [0mPUT /api/v1/role/updaterole/3 [31m500[0m 8.084 ms - 246[0m
2025-07-03 11:25:01 error: StatusCode : 500, Message : Undefined binding(s) detected when compiling UPDATE. Undefined column(s): [role_id] query: update "role" set "name" = ?, "label" = ?, "description" = ?, "is_active" = ? where "role_id" = ? returning *
2025-07-03 11:25:01 info: [0mPUT /api/v1/role/updaterole/3 [31m500[0m 5.303 ms - 226[0m
2025-07-03 11:25:03 error: StatusCode : 500, Message : Undefined binding(s) detected when compiling UPDATE. Undefined column(s): [role_id] query: update "role" set "name" = ?, "label" = ?, "description" = ?, "is_active" = ? where "role_id" = ? returning *
2025-07-03 11:25:03 info: [0mPUT /api/v1/role/updaterole/3 [31m500[0m 4.493 ms - 226[0m
2025-07-03 11:26:58 info: [0mPUT /api/v1/role/updaterole/3 [32m200[0m 34.124 ms - 295[0m
2025-07-03 13:05:41 error: StatusCode : 400, Message : category_id should not be empty, category_id must be an integer number
2025-07-03 13:05:41 info: [0mPOST /api/v1/category/insertcategory [33m400[0m 56.526 ms - 84[0m
2025-07-03 13:09:43 error: StatusCode : 400, Message : category_id should not be empty, category_id must be an integer number
2025-07-03 13:09:43 info: [0mPOST /api/v1/category/insertcategory [33m400[0m 8.553 ms - 84[0m
2025-07-03 13:09:44 error: StatusCode : 400, Message : category_id should not be empty, category_id must be an integer number
2025-07-03 13:09:44 info: [0mPOST /api/v1/category/insertcategory [33m400[0m 4.570 ms - 84[0m
2025-07-03 13:13:00 error: StatusCode : 500, Message : insert into "category" ("category_id", "created_at", "created_by", "is_active", "name", "notes", "slug", "tags", "value") values ($1, $2, $3, $4, $5, $6, $7, $8, $9) returning * - column "tags" of relation "category" does not exist
2025-07-03 13:13:00 info: [0mPOST /api/v1/category/insertcategory [31m500[0m 31.353 ms - 269[0m
2025-07-03 13:13:02 error: StatusCode : 500, Message : insert into "category" ("category_id", "created_at", "created_by", "is_active", "name", "notes", "slug", "tags", "value") values ($1, $2, $3, $4, $5, $6, $7, $8, $9) returning * - column "tags" of relation "category" does not exist
2025-07-03 13:13:02 info: [0mPOST /api/v1/category/insertcategory [31m500[0m 11.413 ms - 269[0m
2025-07-03 13:14:21 info: 🚀 App listening on the port 8000. Current Env development.
2025-07-03 13:14:29 error: StatusCode : 500, Message : insert into "category" ("category_id", "created_at", "created_by", "is_active", "name", "notes", "slug", "tags", "value") values ($1, $2, $3, $4, $5, $6, $7, $8, $9) returning * - column "tags" of relation "category" does not exist
2025-07-03 13:14:29 info: [0mPOST /api/v1/category/insertcategory [31m500[0m 126.717 ms - 269[0m
2025-07-03 13:14:31 error: StatusCode : 500, Message : insert into "category" ("category_id", "created_at", "created_by", "is_active", "name", "notes", "slug", "tags", "value") values ($1, $2, $3, $4, $5, $6, $7, $8, $9) returning * - column "tags" of relation "category" does not exist
2025-07-03 13:14:31 info: [0mPOST /api/v1/category/insertcategory [31m500[0m 8.562 ms - 269[0m
2025-07-03 13:14:46 error: StatusCode : 400, Message : category_id should not be empty, category_id must be an integer number
2025-07-03 13:14:46 info: [0mPOST /api/v1/category/insertcategory [33m400[0m 5.484 ms - 84[0m
2025-07-03 13:14:47 error: StatusCode : 400, Message : category_id should not be empty, category_id must be an integer number
2025-07-03 13:14:47 info: [0mPOST /api/v1/category/insertcategory [33m400[0m 4.993 ms - 84[0m
2025-07-03 13:16:39 info: 🚀 App listening on the port 8000. Current Env development.
2025-07-03 13:17:40 info: 🚀 App listening on the port 8000. Current Env development.
2025-07-03 13:18:17 info: 🚀 App listening on the port 8000. Current Env development.
2025-07-03 13:18:39 error: StatusCode : 400, Message : category_id should not be empty, category_id must be an integer number
2025-07-03 13:18:39 info: [0mPOST /api/v1/category/insertcategory [33m400[0m 119.296 ms - 84[0m
2025-07-03 13:18:40 error: StatusCode : 400, Message : category_id should not be empty, category_id must be an integer number
2025-07-03 13:18:40 info: [0mPOST /api/v1/category/insertcategory [33m400[0m 7.317 ms - 84[0m
2025-07-03 13:28:07 error: StatusCode : 400, Message : category_id should not be empty, category_id must be an integer number
2025-07-03 13:28:07 info: [0mPOST /api/v1/category/insertcategory [33m400[0m 5.028 ms - 84[0m
2025-07-03 13:28:15 error: StatusCode : 400, Message : category_id should not be empty, category_id must be an integer number
2025-07-03 13:28:15 info: [0mPOST /api/v1/category/insertcategory [33m400[0m 4.710 ms - 84[0m
2025-07-03 13:29:21 error: StatusCode : 400, Message : category_id should not be empty, category_id must be an integer number
2025-07-03 13:29:21 info: [0mPOST /api/v1/category/insertcategory [33m400[0m 4.668 ms - 84[0m
2025-07-03 13:29:22 error: StatusCode : 400, Message : category_id should not be empty, category_id must be an integer number
2025-07-03 13:29:22 info: [0mPOST /api/v1/category/insertcategory [33m400[0m 5.365 ms - 84[0m
2025-07-03 13:30:58 info: 🚀 App listening on the port 8000. Current Env development.
2025-07-03 13:31:37 error: StatusCode : 400, Message : category_id should not be empty, category_id must be an integer number
2025-07-03 13:31:37 info: [0mPOST /api/v1/category/insertcategory [33m400[0m 31.459 ms - 84[0m
2025-07-03 13:31:40 error: StatusCode : 400, Message : category_id should not be empty, category_id must be an integer number
2025-07-03 13:31:40 info: [0mPOST /api/v1/category/insertcategory [33m400[0m 7.654 ms - 84[0m
2025-07-03 13:32:27 error: StatusCode : 400, Message : category_id should not be empty, category_id must be an integer number
2025-07-03 13:32:27 info: [0mPOST /api/v1/category/insertcategory [33m400[0m 6.165 ms - 84[0m
2025-07-03 13:32:28 error: StatusCode : 400, Message : category_id should not be empty, category_id must be an integer number
2025-07-03 13:32:28 info: [0mPOST /api/v1/category/insertcategory [33m400[0m 5.870 ms - 84[0m
2025-07-03 13:35:08 info: 🚀 App listening on the port 8000. Current Env development.
2025-07-03 13:36:08 info: 🚀 App listening on the port 8000. Current Env development.
2025-07-03 13:37:44 error: StatusCode : 400, Message : category_id should not be empty, category_id must be an integer number
2025-07-03 13:37:44 info: [0mPOST /api/v1/category/insertcategory [33m400[0m 38.050 ms - 84[0m
2025-07-03 13:37:47 error: StatusCode : 400, Message : category_id should not be empty, category_id must be an integer number
2025-07-03 13:37:47 info: [0mPOST /api/v1/category/insertcategory [33m400[0m 6.590 ms - 84[0m
2025-07-03 13:38:03 error: StatusCode : 400, Message : category_id should not be empty, category_id must be an integer number
2025-07-03 13:38:03 info: [0mPOST /api/v1/category/insertcategory [33m400[0m 6.040 ms - 84[0m
2025-07-03 13:38:05 error: StatusCode : 400, Message : category_id should not be empty, category_id must be an integer number
2025-07-03 13:38:05 info: [0mPOST /api/v1/category/insertcategory [33m400[0m 70.667 ms - 84[0m
2025-07-03 14:17:46 info: [0mGET /api/v1/role/getrole [32m200[0m 30.701 ms - -[0m
2025-07-03 15:39:36 info: [0mGET /api/v1/permission/getpermission [32m200[0m 30.978 ms - -[0m
2025-07-03 15:43:11 error: StatusCode : 401, Message : Wrong authentication token
2025-07-03 15:43:11 info: [0mPUT /api/v1/permission/updatepermissionid/4 [33m401[0m 12.170 ms - 40[0m
2025-07-03 15:43:31 info: [0mPUT /api/v1/permission/updatepermissionid/4 [32m200[0m 41.185 ms - 324[0m
2025-07-03 15:50:30 error: StatusCode : 500, Message : insert into "permission" ("created_at", "description", "is_critical", "label", "module", "name") values ($1, $2, $3, $4, $5, $6) returning * - duplicate key value violates unique constraint "permission_name_unique"
2025-07-03 15:50:30 info: [0mPOST /api/v1/permission/insertpermission [31m500[0m 29.110 ms - 244[0m
2025-07-03 15:51:54 info: [0mPOST /api/v1/permission/insertpermission [32m201[0m 7.835 ms - 320[0m
2025-07-03 16:09:02 info: [0mPOST /api/v1/notification/read-all [32m200[0m 12.879 ms - 53[0m
2025-07-03 16:15:37 info: [0mPOST /api/v1/notification/getnotification [32m200[0m 14.201 ms - 336[0m
2025-07-03 16:22:09 info: [0mGET /api/v1/notification/count/101 [32m200[0m 124.174 ms - 76[0m
2025-07-03 16:24:44 info: [0mGET /api/v1/notification/read/3 [32m200[0m 7.302 ms - 362[0m
2025-07-03 17:33:27 info: [0mGET /api/v1/blog/getallblogs [32m200[0m 40.582 ms - -[0m
2025-07-03 17:36:13 info: [0mPOST /api/v1/blog/insertblog [32m201[0m 33.732 ms - -[0m
2025-07-03 17:39:25 info: [0mPUT /api/v1/blog/updateblog [32m200[0m 12.758 ms - -[0m
2025-07-03 17:43:43 info: [0mGET /api/v1/blog/editblog/1 [32m200[0m 16.193 ms - -[0m
2025-07-03 17:48:29 info: [0mPOST /api/v1/blog/deleteblog [32m200[0m 11.319 ms - -[0m
2025-07-03 17:51:52 info: [0mGET /api/v1/blog/getDeletedblog [32m200[0m 7.652 ms - -[0m
2025-07-03 17:53:49 info: [0mGET /api/v1/blog/getblogby?category=video-production [32m200[0m 12.102 ms - 75[0m
2025-07-03 17:54:42 error: StatusCode : 400, Message : Category query param is required
2025-07-03 17:54:42 info: [0mGET /api/v1/blog/getblogtypes [33m400[0m 4.819 ms - 46[0m
2025-07-03 18:08:53 info: [0mGET /api/v1/blog/getblogby?category=Post-Production [32m200[0m 9.676 ms - -[0m
2025-07-03 18:13:23 info: [0mGET /api/v1/projectsTask/getprojecttypes [32m200[0m 7.763 ms - 26[0m
2025-07-03 18:14:59 info: [0mGET /api/v1/projectsTask/getprojecttypes/1 [33m404[0m 10.550 ms - 176[0m
2025-07-03 18:15:04 info: [0mGET /api/v1/projectsTask/getprojecttypes [32m200[0m 3.976 ms - 26[0m
2025-07-03 18:15:05 info: [0mGET /api/v1/projectsTask/getprojecttypes [32m200[0m 4.885 ms - 26[0m
2025-07-03 18:15:07 info: [0mGET /api/v1/projectsTask/getprojecttypes [32m200[0m 3.968 ms - 26[0m
2025-07-03 18:49:00 error: StatusCode : 401, Message : Wrong authentication token
2025-07-03 18:49:00 info: [0mPOST /api/v1/category/insertcategory [33m401[0m 14.440 ms - 40[0m
2025-07-03 18:49:28 error: StatusCode : 400, Message : category_id should not be empty, category_id must be an integer number
2025-07-03 18:49:28 info: [0mPOST /api/v1/category/insertcategory [33m400[0m 20.726 ms - 84[0m
2025-07-03 18:53:29 error: StatusCode : 400, Message : category_id should not be empty, category_id must be an integer number
2025-07-03 18:53:29 info: [0mPOST /api/v1/category/insertcategory [33m400[0m 6.586 ms - 84[0m
2025-07-03 19:14:07 info: 🚀 App listening on the port 8000. Current Env development.
2025-07-03 19:14:15 error: StatusCode : 400, Message : category_id should not be empty, category_id must be an integer number
2025-07-03 19:14:15 info: [0mPOST /api/v1/category/insertcategory [33m400[0m 221.835 ms - 84[0m
2025-07-03 19:14:17 error: StatusCode : 400, Message : category_id should not be empty, category_id must be an integer number
2025-07-03 19:14:17 info: [0mPOST /api/v1/category/insertcategory [33m400[0m 5.351 ms - 84[0m
2025-07-03 19:14:18 error: StatusCode : 400, Message : category_id should not be empty, category_id must be an integer number
2025-07-03 19:14:18 info: [0mPOST /api/v1/category/insertcategory [33m400[0m 3.898 ms - 84[0m
2025-07-03 19:14:20 error: StatusCode : 400, Message : category_id should not be empty, category_id must be an integer number
2025-07-03 19:14:20 info: [0mPOST /api/v1/category/insertcategory [33m400[0m 5.575 ms - 84[0m
2025-07-03 19:15:45 info: 🚀 App listening on the port 8000. Current Env development.
2025-07-03 19:16:01 info: 🚀 App listening on the port 8000. Current Env development.
2025-07-03 19:16:42 error: StatusCode : 400, Message : category_id should not be empty, category_id must be an integer number
2025-07-03 19:16:42 info: [0mPOST /api/v1/category/insertcategory [33m400[0m 106.951 ms - 84[0m
2025-07-03 19:41:10 info: 🚀 App listening on the port 8000. Current Env development.
2025-07-03 19:41:15 error: StatusCode : 500, Message : insert into "category" ("created_at", "created_by", "is_active", "name", "notes", "slug", "tags", "value") values ($1, $2, $3, $4, $5, $6, $7, $8) returning * - column "tags" of relation "category" does not exist
2025-07-03 19:41:15 info: [0mPOST /api/v1/category/insertcategory [31m500[0m 113.744 ms - 248[0m
2025-07-03 19:42:04 info: 🚀 App listening on the port 8000. Current Env development.
2025-07-03 19:42:05 error: StatusCode : 500, Message : insert into "category" ("created_at", "created_by", "is_active", "name", "notes", "slug", "tags", "value") values ($1, $2, $3, $4, $5, $6, $7, $8) returning * - column "tags" of relation "category" does not exist
2025-07-03 19:42:05 info: [0mPOST /api/v1/category/insertcategory [31m500[0m 111.024 ms - 248[0m
2025-07-03 19:43:11 info: 🚀 App listening on the port 8000. Current Env development.
2025-07-03 19:43:13 error: StatusCode : 400, Message : category_id should not be empty, category_id must be an integer number
2025-07-03 19:43:13 info: [0mPOST /api/v1/category/insertcategory [33m400[0m 206.364 ms - 84[0m
2025-07-03 19:48:19 error: StatusCode : 400, Message : category_id should not be empty, category_id must be an integer number
2025-07-03 19:48:19 info: [0mPOST /api/v1/category/insertcategory [33m400[0m 7.667 ms - 84[0m
2025-07-03 19:49:13 error: StatusCode : 500, Message : insert into "category" ("category_id", "created_at", "created_by", "is_active", "name", "notes", "slug", "tags", "value") values ($1, $2, $3, $4, $5, $6, $7, $8, $9) returning * - column "tags" of relation "category" does not exist
2025-07-03 19:49:13 info: [0mPOST /api/v1/category/insertcategory [31m500[0m 9.382 ms - 269[0m
2025-07-03 19:49:43 error: StatusCode : 400, Message : category_id should not be empty, category_id must be an integer number
2025-07-03 19:49:43 info: [0mPOST /api/v1/category/insertcategory [33m400[0m 4.838 ms - 84[0m
2025-07-03 19:49:57 error: StatusCode : 500, Message : insert into "blogs" ("author_name", "category", "comment_count", "content", "created_at", "created_by", "featured_image", "is_active", "is_featured", "notes", "reading_time", "scheduled_at", "seo_description", "seo_title", "short_description", "slug", "sub_section", "tags", "title", "views") values ($1, $2, $3, $4, $5, $6, $7, $8, $9, $10, $11, $12, $13, $14, $15, $16, $17, $18, $19, $20) returning * - duplicate key value violates unique constraint "blogs_slug_unique"
2025-07-03 19:49:57 info: [0mPOST /api/v1/blog/insertblog [31m500[0m 39.435 ms - 530[0m
2025-07-03 19:51:21 error: StatusCode : 400, Message : category_id should not be empty, category_id must be an integer number
2025-07-03 19:51:21 info: [0mPOST /api/v1/category/insertcategory [33m400[0m 5.270 ms - 84[0m
2025-07-03 19:51:23 error: StatusCode : 400, Message : category_id should not be empty, category_id must be an integer number
2025-07-03 19:51:23 info: [0mPOST /api/v1/category/insertcategory [33m400[0m 4.696 ms - 84[0m
2025-07-03 19:55:50 error: StatusCode : 400, Message : category_id should not be empty, category_id must be an integer number
2025-07-03 19:55:50 info: [0mPOST /api/v1/category/insertcategory [33m400[0m 5.845 ms - 84[0m
2025-07-03 19:55:59 error: StatusCode : 400, Message : category_id should not be empty, category_id must be an integer number
2025-07-03 19:55:59 info: [0mPOST /api/v1/category/insertcategory [33m400[0m 5.585 ms - 84[0m
