2025-04-26 21:10:15 info: 🚀 App listening on the port 8000. Current Env development.
2025-04-26 21:10:55 info: [0mGET / [32m200[0m 18.112 ms - 512[0m
2025-04-26 21:10:55 info: [0mGET /favicon.ico [33m404[0m 1.760 ms - 150[0m
2025-04-26 21:11:04 info: [0mGET /?theme=elegant [32m200[0m 13.647 ms - -[0m
2025-04-26 21:33:13 info: [0mGET / [32m200[0m 11.483 ms - 512[0m
2025-04-26 21:33:26 info: [0mGET /?theme=elegant [32m200[0m 17.118 ms - -[0m
2025-04-26 21:33:41 info: 🚀 App listening on the port 8000. Current Env development.
2025-04-26 21:33:53 info: [0mGET /?theme=elegant [32m200[0m 53.697 ms - -[0m
2025-04-26 21:40:09 info: [0mGET /?theme=elegant [32m200[0m 24.571 ms - -[0m
2025-04-26 21:42:56 info: 🚀 App listening on the port 8000. Current Env development.
2025-04-26 21:44:00 info: 🚀 App listening on the port 8000. Current Env development.
2025-04-26 21:44:05 error: StatusCode : 500, Message : Cannot read properties of undefined (reading 'theme')
2025-04-26 21:44:39 info: 🚀 App listening on the port 8000. Current Env development.
2025-04-26 21:44:48 info: [0mGET /?theme=elegant [32m200[0m 43.576 ms - -[0m
2025-04-26 21:44:50 info: [0mGET /?theme=elegant [36m304[0m 22.318 ms - -[0m
2025-04-26 21:44:50 info: [0mGET /?theme=elegant [36m304[0m 10.145 ms - -[0m
2025-04-26 21:45:37 info: 🚀 App listening on the port 8000. Current Env development.
2025-04-26 21:45:57 info: [0mGET /?theme=elegant [36m304[0m 38.222 ms - -[0m
2025-04-26 21:45:57 info: [0mGET /?theme=elegant [36m304[0m 21.105 ms - -[0m
2025-04-26 21:55:26 info: 🚀 App listening on the port 8000. Current Env development.
2025-04-26 21:55:35 info: [0mGET /?theme=elegant [36m304[0m 46.334 ms - -[0m
2025-04-26 21:55:35 info: [0mGET /?theme=elegant [36m304[0m 17.150 ms - -[0m
2025-04-26 21:59:25 info: [0mGET /?theme=elegant [32m200[0m 24.601 ms - -[0m
2025-04-26 21:59:25 info: [0mGET /?theme=elegant [36m304[0m 13.698 ms - -[0m
2025-04-26 21:59:29 info: [0mGET /shop [31m500[0m 17.744 ms - -[0m
2025-04-26 22:00:04 info: [0mGET /shop [31m500[0m 4.909 ms - -[0m
2025-04-26 22:01:47 info: 🚀 App listening on the port 8000. Current Env development.
2025-04-26 22:01:48 info: [0mGET /shop [33m404[0m 11.245 ms - 143[0m
2025-04-26 22:01:50 info: [0mGET /shop [33m404[0m 3.438 ms - 143[0m
2025-04-26 22:01:56 info: 🚀 App listening on the port 8000. Current Env development.
2025-04-26 22:02:09 info: 🚀 App listening on the port 8000. Current Env development.
2025-04-26 22:02:10 info: [0mGET /shop [31m500[0m 24.266 ms - -[0m
2025-04-26 22:02:11 info: [0mGET /shop [31m500[0m 6.019 ms - -[0m
2025-04-26 22:02:17 info: 🚀 App listening on the port 8000. Current Env development.
2025-04-26 22:02:42 info: [0mGET /?theme=elegant/shop [31m500[0m 10.331 ms - -[0m
2025-04-26 22:02:54 info: [0mGET /shop?theme=elegant [32m200[0m 22.301 ms - -[0m
2025-04-26 22:03:13 info: [0mGET /shop [31m500[0m 4.821 ms - -[0m
2025-04-26 22:05:03 info: [0mGET /shop [31m500[0m 4.407 ms - -[0m
2025-04-26 22:05:04 info: [0mGET /shop [31m500[0m 2.857 ms - -[0m
2025-04-26 22:05:05 info: [0mGET /shop [31m500[0m 2.502 ms - -[0m
2025-04-26 22:05:06 info: [0mGET /shop [31m500[0m 3.262 ms - -[0m
2025-04-26 22:05:08 info: [0mGET /?theme=elegant [36m304[0m 19.767 ms - -[0m
2025-04-26 22:05:10 info: [0mGET / [32m200[0m 19.971 ms - 512[0m
2025-04-26 22:05:21 info: [0mGET /?theme=elegant [36m304[0m 6.239 ms - -[0m
2025-04-26 22:05:24 info: [0mGET /?theme=elegant [36m304[0m 5.656 ms - -[0m
2025-04-26 22:05:30 info: [0mGET /?theme=elegant [36m304[0m 5.362 ms - -[0m
2025-04-26 22:05:38 info: [0mGET /?theme=elegant [36m304[0m 7.111 ms - -[0m
2025-04-26 22:05:40 info: [0mGET /?theme=elegant [36m304[0m 4.568 ms - -[0m
2025-04-26 22:06:25 info: [0mGET /?theme=elegant [36m304[0m 11.007 ms - -[0m
2025-04-26 22:06:26 info: [0mGET /?theme=elegant [36m304[0m 11.370 ms - -[0m
2025-04-26 22:06:31 info: [0mGET /?theme=elegant [36m304[0m 8.292 ms - -[0m
2025-04-26 22:06:50 info: 🚀 App listening on the port 8000. Current Env development.
2025-04-26 22:07:01 info: [0mGET /?theme=elegant [36m304[0m 45.631 ms - -[0m
2025-04-26 22:08:04 info: [0mGET /?theme=elegant [36m304[0m 20.488 ms - -[0m
2025-04-26 22:08:20 info: [0mGET /?theme=elegant [36m304[0m 21.066 ms - -[0m
2025-04-26 22:09:06 info: 🚀 App listening on the port 8000. Current Env development.
2025-04-26 22:09:12 info: [0mGET /?theme=elegant [36m304[0m 30.324 ms - -[0m
2025-04-26 22:09:13 info: [0mGET /?theme=elegant [36m304[0m 14.900 ms - -[0m
2025-04-26 22:10:33 info: [0mGET /?theme=elegant [32m200[0m 7.358 ms - -[0m
2025-04-26 22:11:11 info: [0mGET /?theme=elegant [32m200[0m 15.829 ms - -[0m
2025-04-26 22:12:20 info: [0mGET /?theme=elegant [32m200[0m 9.311 ms - -[0m
2025-04-26 22:12:21 info: [0mGET /?theme=elegant [36m304[0m 11.509 ms - -[0m
2025-04-26 22:12:49 info: [0mGET /?theme=elegant [32m200[0m 10.962 ms - -[0m
