2025-07-01 10:23:23 info: 🚀 App listening on the port 8000. Current Env development.
2025-07-01 10:35:02 info: [0mPOST /api/v1/users/login [32m200[0m 349.729 ms - -[0m
2025-07-01 10:35:49 error: StatusCode : 400, Message : Category query param is required
2025-07-01 10:35:49 info: [0mGET /api/v1/blog/getblogtypes [33m400[0m 14.203 ms - 46[0m
2025-07-01 11:33:03 info: 🚀 App listening on the port 8000. Current Env development.
2025-07-01 11:48:07 info: 🚀 App listening on the port 8000. Current Env development.
2025-07-01 11:48:22 info: 🚀 App listening on the port 8000. Current Env development.
2025-07-01 11:50:02 info: 🚀 App listening on the port 8000. Current Env development.
2025-07-01 11:56:22 info: 🚀 App listening on the port 8000. Current Env development.
2025-07-01 11:57:02 info: 🚀 App listening on the port 8000. Current Env development.
2025-07-01 11:58:02 info: 🚀 App listening on the port 8000. Current Env development.
2025-07-01 11:58:16 info: 🚀 App listening on the port 8000. Current Env development.
2025-07-01 11:58:57 info: 🚀 App listening on the port 8000. Current Env development.
2025-07-01 12:02:47 info: 🚀 App listening on the port 8000. Current Env development.
2025-07-01 12:11:35 info: 🚀 App listening on the port 8000. Current Env development.
2025-07-01 12:40:13 info: 🚀 App listening on the port 8000. Current Env development.
2025-07-01 12:40:15 info: 🚀 App listening on the port 8000. Current Env development.
2025-07-01 12:48:17 info: 🚀 App listening on the port 8000. Current Env development.
2025-07-01 12:48:19 info: 🚀 App listening on the port 8000. Current Env development.
2025-07-01 12:48:22 info: 🚀 App listening on the port 8000. Current Env development.
2025-07-01 12:51:13 info: [0mGET /api/v1/notification/getnotification [33m404[0m 107.380 ms - 174[0m
2025-07-01 13:06:24 info: 🚀 App listening on the port 8000. Current Env development.
2025-07-01 13:08:11 info: 🚀 App listening on the port 8000. Current Env development.
2025-07-01 13:08:13 info: 🚀 App listening on the port 8000. Current Env development.
2025-07-01 13:08:32 info: 🚀 App listening on the port 8000. Current Env development.
2025-07-01 13:19:19 info: [0mGET /api/v1/notification/getnotification [33m404[0m 104.882 ms - 174[0m
2025-07-01 13:19:38 info: [0mGET /api/v1/notification/getnotification [33m404[0m 4.442 ms - 174[0m
2025-07-01 13:20:51 info: [0mGET /api/v1/notification/getnotification [33m404[0m 3.193 ms - 174[0m
2025-07-01 13:29:10 info: 🚀 App listening on the port 8000. Current Env development.
2025-07-01 13:29:13 info: [0mGET /api/v1/notification/getnotification [33m404[0m 102.471 ms - 174[0m
2025-07-01 13:29:15 info: [0mGET /api/v1/notification/getnotification [33m404[0m 5.330 ms - 174[0m
2025-07-01 13:32:45 info: 🚀 App listening on the port 8000. Current Env development.
2025-07-01 13:33:02 info: 🚀 App listening on the port 8000. Current Env development.
2025-07-01 13:33:06 error: StatusCode : 500, Message : Error fetching Notification
2025-07-01 13:33:06 info: [0mGET /api/v1/notification/getnotification [31m500[0m 107.823 ms - 41[0m
2025-07-01 13:44:50 info: 🚀 App listening on the port 8000. Current Env development.
2025-07-01 13:44:58 error: StatusCode : 500, Message : Error fetching Notification
2025-07-01 13:44:58 info: [0mGET /api/v1/notification/getnotification [31m500[0m 106.432 ms - 41[0m
2025-07-01 13:44:59 error: StatusCode : 500, Message : Error fetching Notification
2025-07-01 13:44:59 info: [0mGET /api/v1/notification/getnotification [31m500[0m 6.306 ms - 41[0m
2025-07-01 13:45:01 error: StatusCode : 500, Message : Error fetching Notification
2025-07-01 13:45:01 info: [0mGET /api/v1/notification/getnotification [31m500[0m 6.465 ms - 41[0m
2025-07-01 13:48:07 info: 🚀 App listening on the port 8000. Current Env development.
2025-07-01 13:48:49 info: 🚀 App listening on the port 8000. Current Env development.
2025-07-01 13:48:58 error: StatusCode : 500, Message : Error fetching Notification
2025-07-01 13:48:58 info: [0mGET /api/v1/notification/getnotification [31m500[0m 109.611 ms - 41[0m
2025-07-01 13:48:59 error: StatusCode : 500, Message : Error fetching Notification
2025-07-01 13:48:59 info: [0mGET /api/v1/notification/getnotification [31m500[0m 6.499 ms - 41[0m
2025-07-01 13:49:01 error: StatusCode : 500, Message : Error fetching Notification
2025-07-01 13:49:01 info: [0mGET /api/v1/notification/getnotification [31m500[0m 6.046 ms - 41[0m
2025-07-01 13:49:21 info: 🚀 App listening on the port 8000. Current Env development.
2025-07-01 13:49:28 info: [0mGET /api/v1/notification/getnotification [32m200[0m 100.409 ms - 26[0m
2025-07-01 13:49:34 info: [0mGET /api/v1/notification/getnotification [32m200[0m 6.935 ms - 26[0m
2025-07-01 13:50:56 info: 🚀 App listening on the port 8000. Current Env development.
2025-07-01 13:50:58 info: [0mGET /api/v1/notification/getnotification [32m200[0m 105.902 ms - 26[0m
2025-07-01 13:51:20 info: 🚀 App listening on the port 8000. Current Env development.
2025-07-01 13:52:19 info: [0mGET /api/v1/notification/getnotification [32m200[0m 94.144 ms - 26[0m
2025-07-01 13:52:20 info: [0mGET /api/v1/notification/getnotification [32m200[0m 5.041 ms - 26[0m
2025-07-01 13:53:42 info: [0mGET /api/v1/notification/getnotification [32m200[0m 3.822 ms - 26[0m
2025-07-01 13:55:54 info: 🚀 App listening on the port 8000. Current Env development.
2025-07-01 13:56:11 info: [0mGET /api/v1/notification/getnotification [32m200[0m 99.402 ms - 26[0m
2025-07-01 13:56:13 info: [0mGET /api/v1/notification/getnotification [32m200[0m 6.901 ms - 26[0m
2025-07-01 13:57:53 info: [0mGET /api/v1/notification/getnotification [32m200[0m 4.795 ms - 26[0m
2025-07-01 13:57:55 info: [0mGET /api/v1/notification/getnotification [32m200[0m 4.422 ms - 26[0m
2025-07-01 14:01:05 info: 🚀 App listening on the port 8000. Current Env development.
2025-07-01 14:01:21 info: [0mGET /api/v1/notification/getnotification [32m200[0m 204.431 ms - 274[0m
2025-07-01 14:03:07 info: [0mGET /api/v1/notification/getnotification [32m200[0m 6.913 ms - 274[0m
2025-07-01 14:03:16 info: [0mGET /api/v1/notification/getnotification [32m200[0m 4.145 ms - 274[0m
2025-07-01 14:08:40 info: [0mGET /api/v1/notification/getnotification [32m200[0m 4.941 ms - 274[0m
2025-07-01 14:20:51 info: 🚀 App listening on the port 8000. Current Env development.
2025-07-01 14:20:58 info: 🚀 App listening on the port 8000. Current Env development.
2025-07-01 14:21:10 info: [0mGET /api/v1/notification/getnotification [33m404[0m 87.704 ms - 174[0m
2025-07-01 14:21:22 info: [0mGET /api/v1/notification/getnotification/1 [32m200[0m 12.994 ms - 274[0m
2025-07-01 14:21:43 info: [0mGET /api/v1/notification/getnotification [33m404[0m 4.729 ms - 174[0m
2025-07-01 14:22:39 info: 🚀 App listening on the port 8000. Current Env development.
2025-07-01 14:23:06 info: [0mGET /api/v1/notification/getnotification/101 [32m200[0m 102.554 ms - 274[0m
2025-07-01 14:23:12 info: [0mGET /api/v1/notification/getnotification/102 [32m200[0m 6.420 ms - 274[0m
2025-07-01 14:23:15 info: [0mGET /api/v1/notification/getnotification/102 [32m200[0m 4.165 ms - 274[0m
2025-07-01 14:23:26 info: [0mGET /api/v1/notification/getnotification/2 [32m200[0m 4.359 ms - 274[0m
2025-07-01 14:23:27 info: [0mGET /api/v1/notification/getnotification/2 [32m200[0m 5.185 ms - 274[0m
2025-07-01 14:23:29 info: [0mGET /api/v1/notification/getnotification/2 [32m200[0m 3.821 ms - 274[0m
2025-07-01 14:23:34 info: [0mGET /api/v1/notification/getnotification/2 [32m200[0m 3.521 ms - 274[0m
2025-07-01 14:23:47 info: 🚀 App listening on the port 8000. Current Env development.
2025-07-01 14:23:49 info: 🚀 App listening on the port 8000. Current Env development.
2025-07-01 14:23:55 info: [0mGET /api/v1/notification/getnotification/2 [32m200[0m 196.044 ms - 274[0m
2025-07-01 14:23:58 info: [0mGET /api/v1/notification/getnotification/2 [32m200[0m 9.575 ms - 274[0m
2025-07-01 14:24:03 info: [0mGET /api/v1/notification/getnotification/1 [32m200[0m 4.218 ms - 274[0m
2025-07-01 14:25:22 info: [0mGET /api/v1/notification/ [33m404[0m 3.784 ms - 159[0m
2025-07-01 14:25:38 info: [0mGET /api/v1/notification/getnotification [33m404[0m 4.030 ms - 174[0m
2025-07-01 14:25:45 info: [0mGET /api/v1/notification/getnotification/1 [32m200[0m 5.776 ms - 274[0m
2025-07-01 14:25:49 info: [0mGET /api/v1/notification/getnotification/2 [32m200[0m 24.503 ms - 274[0m
2025-07-01 14:25:50 info: [0mGET /api/v1/notification/getnotification/2 [32m200[0m 5.511 ms - 274[0m
2025-07-01 14:25:52 info: [0mGET /api/v1/notification/getnotification/2 [32m200[0m 3.885 ms - 274[0m
2025-07-01 14:25:53 info: [0mGET /api/v1/notification/getnotification/2 [32m200[0m 3.969 ms - 274[0m
2025-07-01 14:25:53 info: [0mGET /api/v1/notification/getnotification/2 [32m200[0m 4.704 ms - 274[0m
2025-07-01 14:25:54 info: [0mGET /api/v1/notification/getnotification/2 [32m200[0m 3.231 ms - 274[0m
2025-07-01 14:25:59 info: [0mGET /api/v1/notification/getnotification/3 [32m200[0m 3.207 ms - 274[0m
2025-07-01 14:26:11 info: [0mGET /api/v1/notification/getnotification/1 [32m200[0m 3.294 ms - 274[0m
2025-07-01 14:28:17 info: [0mGET /api/v1/notification/getnotification/3 [32m200[0m 4.320 ms - 274[0m
2025-07-01 14:28:19 info: [0mGET /api/v1/notification/getnotification/3 [32m200[0m 3.352 ms - 274[0m
2025-07-01 14:28:30 info: [0mGET /api/v1/notification/getnotification/5 [32m200[0m 3.254 ms - 274[0m
2025-07-01 15:26:06 info: [0mGET /api/v1/notification/getnotification/ [33m404[0m 8.415 ms - 175[0m
2025-07-01 15:26:10 info: [0mGET /api/v1/notification/getnotification/1 [32m200[0m 4.798 ms - 274[0m
2025-07-01 15:37:45 info: [0mGET /api/v1/notification/getnotification/1 [32m200[0m 5.281 ms - 274[0m
2025-07-01 15:42:56 info: 🚀 App listening on the port 8000. Current Env development.
2025-07-01 15:42:59 info: 🚀 App listening on the port 8000. Current Env development.
2025-07-01 15:43:05 info: [0mGET /api/v1/notification/getnotification [33m404[0m 94.590 ms - 174[0m
2025-07-01 15:43:26 info: [0mGET /api/v1/notification/getnotification/1 [32m200[0m 13.920 ms - 274[0m
2025-07-01 15:43:34 info: [0mGET /api/v1/notification/getnotification/2 [32m200[0m 4.425 ms - 274[0m
2025-07-01 15:44:13 info: [0mGET /api/v1/notification/getnotification/101 [32m200[0m 4.029 ms - 274[0m
2025-07-01 15:44:19 info: [0mGET /api/v1/notification/getnotification/102 [32m200[0m 5.200 ms - 274[0m
2025-07-01 15:45:04 info: [0mGET /api/v1/notification/getnotification [33m404[0m 22.585 ms - 174[0m
2025-07-01 15:46:14 info: 🚀 App listening on the port 8000. Current Env development.
2025-07-01 15:46:17 info: [0mGET /api/v1/notification/getnotification [33m404[0m 103.217 ms - 174[0m
2025-07-01 15:49:22 info: 🚀 App listening on the port 8000. Current Env development.
2025-07-01 15:49:34 info: 🚀 App listening on the port 8000. Current Env development.
2025-07-01 15:50:23 info: 🚀 App listening on the port 8000. Current Env development.
2025-07-01 15:50:41 info: 🚀 App listening on the port 8000. Current Env development.
2025-07-01 15:50:47 info: [0mPOST /api/v1/notification/getnotification [33m404[0m 207.684 ms - 175[0m
2025-07-01 15:50:59 info: [0mGET /api/v1/notification/getnotification [33m404[0m 5.069 ms - 174[0m
2025-07-01 15:51:04 info: [0mPOST /api/v1/notification/getnotification [33m404[0m 5.054 ms - 175[0m
2025-07-01 15:51:18 info: 🚀 App listening on the port 8000. Current Env development.
2025-07-01 15:54:54 info: 🚀 App listening on the port 8000. Current Env development.
2025-07-01 15:55:07 info: 🚀 App listening on the port 8000. Current Env development.
2025-07-01 15:55:29 info: 🚀 App listening on the port 8000. Current Env development.
2025-07-01 15:55:33 info: [0mPOST /api/v1/notification/getnotification [32m200[0m 109.734 ms - 26[0m
2025-07-01 15:55:41 info: [0mPOST /api/v1/notification/getnotification [32m200[0m 6.074 ms - 274[0m
2025-07-01 15:56:51 info: [0mPOST /api/v1/notification/getnotification [32m200[0m 5.924 ms - 26[0m
2025-07-01 15:57:13 info: 🚀 App listening on the port 8000. Current Env development.
2025-07-01 15:57:15 info: [0mPOST /api/v1/notification/getnotification [32m200[0m 120.473 ms - 26[0m
2025-07-01 15:57:19 info: [0mPOST /api/v1/notification/getnotification [32m200[0m 6.248 ms - 26[0m
2025-07-01 15:57:50 info: 🚀 App listening on the port 8000. Current Env development.
2025-07-01 15:58:58 info: [0mPOST /api/v1/notification/getnotification [32m200[0m 126.482 ms - 263[0m
2025-07-01 15:59:07 info: [0mPOST /api/v1/notification/getnotification [32m200[0m 5.435 ms - 274[0m
2025-07-01 16:22:35 info: 🚀 App listening on the port 8000. Current Env development.
2025-07-01 16:22:40 info: 🚀 App listening on the port 8000. Current Env development.
2025-07-01 16:27:32 info: 🚀 App listening on the port 8000. Current Env development.
2025-07-01 16:29:01 error: StatusCode : 500, Message : update "notification" set "is_read" = $1, "read_at" = $2 where "id" = $3 and "is_read" = $4 returning * - invalid input syntax for type integer: ":id"
2025-07-01 16:29:01 info: [0mPOST /api/v1/notification/read/:id [31m500[0m 104.219 ms - 176[0m
2025-07-01 16:29:09 error: StatusCode : 500, Message : update "notification" set "is_read" = $1, "read_at" = $2 where "id" = $3 and "is_read" = $4 returning * - record "new" has no field "updated_at"
2025-07-01 16:29:09 info: [0mPOST /api/v1/notification/read/1 [31m500[0m 10.496 ms - 172[0m
2025-07-01 16:29:11 error: StatusCode : 500, Message : update "notification" set "is_read" = $1, "read_at" = $2 where "id" = $3 and "is_read" = $4 returning * - record "new" has no field "updated_at"
2025-07-01 16:29:11 info: [0mPOST /api/v1/notification/read/1 [31m500[0m 5.757 ms - 172[0m
2025-07-01 16:29:18 error: StatusCode : 404, Message : Notification not found
2025-07-01 16:29:18 info: [0mPOST /api/v1/notification/read/2 [33m404[0m 7.638 ms - 36[0m
2025-07-01 16:29:24 error: StatusCode : 500, Message : update "notification" set "is_read" = $1, "read_at" = $2 where "id" = $3 and "is_read" = $4 returning * - record "new" has no field "updated_at"
2025-07-01 16:29:24 info: [0mPOST /api/v1/notification/read/3 [31m500[0m 6.007 ms - 172[0m
2025-07-01 16:29:29 error: StatusCode : 404, Message : Notification not found
2025-07-01 16:29:29 info: [0mPOST /api/v1/notification/read/2 [33m404[0m 6.279 ms - 36[0m
2025-07-01 16:38:37 error: StatusCode : 404, Message : Notification not found
2025-07-01 16:38:37 info: [0mPOST /api/v1/notification/read/2 [33m404[0m 5.573 ms - 36[0m
2025-07-01 16:40:21 error: StatusCode : 500, Message : update "notification" set "is_read" = $1, "read_at" = $2 where "id" = $3 and "is_read" = $4 returning * - record "new" has no field "updated_at"
2025-07-01 16:40:21 info: [0mPOST /api/v1/notification/read/1 [31m500[0m 4.583 ms - 172[0m
2025-07-01 16:40:40 error: StatusCode : 404, Message : Notification not found
2025-07-01 16:40:40 info: [0mPOST /api/v1/notification/read/2 [33m404[0m 13.334 ms - 36[0m
2025-07-01 16:41:40 error: StatusCode : 404, Message : Notification not found
2025-07-01 16:41:40 info: [0mPOST /api/v1/notification/read/2 [33m404[0m 4.127 ms - 36[0m
2025-07-01 16:43:29 info: 🚀 App listening on the port 8000. Current Env development.
2025-07-01 16:46:15 info: 🚀 App listening on the port 8000. Current Env development.
2025-07-01 16:46:21 error: StatusCode : 404, Message : Notification not found
2025-07-01 16:46:21 info: [0mPOST /api/v1/notification/read/2 [33m404[0m 203.945 ms - 36[0m
2025-07-01 16:46:22 error: StatusCode : 404, Message : Notification not found
2025-07-01 16:46:22 info: [0mPOST /api/v1/notification/read/2 [33m404[0m 6.105 ms - 36[0m
2025-07-01 16:46:25 error: StatusCode : 404, Message : Notification not found
2025-07-01 16:46:25 info: [0mPOST /api/v1/notification/read/2 [33m404[0m 4.864 ms - 36[0m
2025-07-01 16:46:31 error: StatusCode : 500, Message : update "notification" set "is_read" = $1, "read_at" = $2 where "id" = $3 and "is_read" = $4 returning * - record "new" has no field "updated_at"
2025-07-01 16:46:31 info: [0mPOST /api/v1/notification/read/1 [31m500[0m 8.935 ms - 172[0m
2025-07-01 16:46:47 error: StatusCode : 404, Message : Notification not found
2025-07-01 16:46:47 info: [0mPOST /api/v1/notification/read/2 [33m404[0m 7.448 ms - 36[0m
2025-07-01 16:50:00 info: 🚀 App listening on the port 8000. Current Env development.
2025-07-01 16:50:05 info: 🚀 App listening on the port 8000. Current Env development.
2025-07-01 16:50:08 error: StatusCode : 404, Message : Notification not found
2025-07-01 16:50:08 info: [0mPOST /api/v1/notification/read/2 [33m404[0m 199.186 ms - 36[0m
2025-07-01 16:50:40 error: StatusCode : 404, Message : Notification not found
2025-07-01 16:50:40 info: [0mPOST /api/v1/notification/read/2 [33m404[0m 12.656 ms - 36[0m
2025-07-01 16:51:09 info: 🚀 App listening on the port 8000. Current Env development.
2025-07-01 16:51:26 error: StatusCode : 500, Message : update "notification" set "is_read" = $1, "read_at" = $2 where "id" = $3 and "is_read" = $4 returning * - record "new" has no field "updated_at"
2025-07-01 16:51:26 info: [0mPOST /api/v1/notification/read/2 [31m500[0m 99.157 ms - 172[0m
2025-07-01 16:51:33 error: StatusCode : 404, Message : Notification not found
2025-07-01 16:51:33 info: [0mPOST /api/v1/notification/read/1 [33m404[0m 7.182 ms - 36[0m
2025-07-01 16:51:38 error: StatusCode : 404, Message : Notification not found
2025-07-01 16:51:38 info: [0mPOST /api/v1/notification/read/1 [33m404[0m 5.059 ms - 36[0m
2025-07-01 16:59:55 error: StatusCode : 404, Message : Notification not found
2025-07-01 16:59:55 info: [0mPOST /api/v1/notification/read/1 [33m404[0m 5.013 ms - 36[0m
2025-07-01 16:59:56 error: StatusCode : 404, Message : Notification not found
2025-07-01 16:59:56 info: [0mPOST /api/v1/notification/read/1 [33m404[0m 8.310 ms - 36[0m
2025-07-01 17:00:43 error: StatusCode : 404, Message : Notification not found
2025-07-01 17:00:43 info: [0mPOST /api/v1/notification/read/1 [33m404[0m 4.912 ms - 36[0m
2025-07-01 17:08:03 info: 🚀 App listening on the port 8000. Current Env development.
2025-07-01 17:08:07 error: StatusCode : 404, Message : Notification not found
2025-07-01 17:08:07 info: [0mPOST /api/v1/notification/read/1 [33m404[0m 109.816 ms - 36[0m
2025-07-01 17:10:00 error: StatusCode : 404, Message : Notification not found
2025-07-01 17:10:00 info: [0mPOST /api/v1/notification/read/1 [33m404[0m 6.810 ms - 36[0m
2025-07-01 17:10:43 info: 🚀 App listening on the port 8000. Current Env development.
2025-07-01 17:10:48 error: StatusCode : 404, Message : Notification not found
2025-07-01 17:10:48 info: [0mGET /api/v1/notification/read/1 [33m404[0m 206.228 ms - 36[0m
2025-07-01 17:12:14 info: 🚀 App listening on the port 8000. Current Env development.
2025-07-01 17:14:05 info: 🚀 App listening on the port 8000. Current Env development.
2025-07-01 17:15:09 info: 🚀 App listening on the port 8000. Current Env development.
2025-07-01 17:15:16 error: StatusCode : 500, Message : update "notification" set "is_read" = $1, "read_at" = $2 where "id" = $3 and "is_read" = $4 returning * - record "new" has no field "updated_at"
2025-07-01 17:15:16 info: [0mGET /api/v1/notification/read/1 [31m500[0m 104.384 ms - 172[0m
2025-07-01 17:18:01 info: 🚀 App listening on the port 8000. Current Env development.
2025-07-01 17:18:05 info: 🚀 App listening on the port 8000. Current Env development.
2025-07-01 17:18:07 error: StatusCode : 500, Message : update "notification" set "is_read" = $1 where "id" = $2 and "is_read" = $3 returning * - record "new" has no field "updated_at"
2025-07-01 17:18:07 info: [0mGET /api/v1/notification/read/1 [31m500[0m 103.120 ms - 154[0m
2025-07-01 17:20:38 info: 🚀 App listening on the port 8000. Current Env development.
2025-07-01 17:20:48 error: StatusCode : 500, Message : update "notification" set "is_read" = $1, "read_at" = $2 where "id" = $3 and "is_read" = $4 returning "id", "is_read", "read_at" - record "new" has no field "updated_at"
2025-07-01 17:20:48 info: [0mGET /api/v1/notification/read/1 [31m500[0m 102.940 ms - 203[0m
2025-07-01 17:24:38 info: 🚀 App listening on the port 8000. Current Env development.
2025-07-01 17:24:43 info: [0mGET /api/v1/notification/read/1 [32m200[0m 97.868 ms - 373[0m
2025-07-01 17:26:28 info: [0mPOST /api/v1/notification/read/1 [33m404[0m 26.109 ms - 166[0m
2025-07-01 17:26:37 error: StatusCode : 400, Message :  Notification is null
2025-07-01 17:26:37 info: [0mGET /api/v1/notification/read/1 [33m400[0m 7.129 ms - 35[0m
2025-07-01 17:26:40 error: StatusCode : 400, Message :  Notification is null
2025-07-01 17:26:40 info: [0mGET /api/v1/notification/read/1 [33m400[0m 4.632 ms - 35[0m
2025-07-01 17:26:43 error: StatusCode : 400, Message :  Notification is null
2025-07-01 17:26:43 info: [0mGET /api/v1/notification/read/1 [33m400[0m 4.923 ms - 35[0m
2025-07-01 17:27:06 error: StatusCode : 400, Message :  Notification is null
2025-07-01 17:27:06 info: [0mGET /api/v1/notification/read/1 [33m400[0m 4.963 ms - 35[0m
2025-07-01 17:27:07 error: StatusCode : 400, Message :  Notification is null
2025-07-01 17:27:07 info: [0mGET /api/v1/notification/read/1 [33m400[0m 4.115 ms - 35[0m
2025-07-01 17:27:12 error: StatusCode : 400, Message :  Notification is null
2025-07-01 17:27:12 info: [0mGET /api/v1/notification/read/2 [33m400[0m 5.375 ms - 35[0m
2025-07-01 17:27:17 info: [0mGET /api/v1/notification/read/3 [32m200[0m 5.742 ms - 362[0m
2025-07-01 17:28:25 error: StatusCode : 400, Message :  Notification is null
2025-07-01 17:28:25 info: [0mGET /api/v1/notification/read/2 [33m400[0m 4.859 ms - 35[0m
2025-07-01 17:28:26 error: StatusCode : 400, Message :  Notification is null
2025-07-01 17:28:26 info: [0mGET /api/v1/notification/read/2 [33m400[0m 6.406 ms - 35[0m
2025-07-01 17:28:32 error: StatusCode : 400, Message :  Notification is null
2025-07-01 17:28:32 info: [0mGET /api/v1/notification/read/1 [33m400[0m 3.566 ms - 35[0m
2025-07-01 17:28:52 error: StatusCode : 400, Message :  Notification is null
2025-07-01 17:28:52 info: [0mGET /api/v1/notification/read/3 [33m400[0m 4.534 ms - 35[0m
2025-07-01 17:28:56 error: StatusCode : 400, Message :  Notification is null
2025-07-01 17:28:56 info: [0mGET /api/v1/notification/read/3 [33m400[0m 5.943 ms - 35[0m
2025-07-01 17:30:01 error: StatusCode : 400, Message :  Notification is null
2025-07-01 17:30:01 info: [0mGET /api/v1/notification/read/3 [33m400[0m 4.035 ms - 35[0m
2025-07-01 17:30:09 error: StatusCode : 400, Message :  Notification is null
2025-07-01 17:30:09 info: [0mGET /api/v1/notification/read/3 [33m400[0m 4.130 ms - 35[0m
2025-07-01 17:30:31 error: StatusCode : 400, Message :  Notification is null
2025-07-01 17:30:31 info: [0mGET /api/v1/notification/read/2 [33m400[0m 4.030 ms - 35[0m
2025-07-01 17:30:37 error: StatusCode : 400, Message :  Notification is null
2025-07-01 17:30:37 info: [0mGET /api/v1/notification/read/1 [33m400[0m 3.812 ms - 35[0m
2025-07-01 17:32:10 info: 🚀 App listening on the port 8000. Current Env development.
2025-07-01 17:32:14 error: StatusCode : 400, Message :  Notification is null
2025-07-01 17:32:14 info: [0mGET /api/v1/notification/read/3 [33m400[0m 95.894 ms - 35[0m
2025-07-01 17:32:22 error: StatusCode : 400, Message :  Notification is null
2025-07-01 17:32:22 info: [0mGET /api/v1/notification/read/2 [33m400[0m 7.238 ms - 35[0m
2025-07-01 17:32:27 error: StatusCode : 400, Message :  Notification is null
2025-07-01 17:32:27 info: [0mGET /api/v1/notification/read/1 [33m400[0m 8.351 ms - 35[0m
2025-07-01 18:11:14 info: 🚀 App listening on the port 8000. Current Env development.
2025-07-01 18:11:22 info: 🚀 App listening on the port 8000. Current Env development.
2025-07-01 18:12:23 info: 🚀 App listening on the port 8000. Current Env development.
2025-07-01 18:12:25 info: 🚀 App listening on the port 8000. Current Env development.
2025-07-01 18:12:39 error: StatusCode : 400, Message :  Notification is null
2025-07-01 18:12:39 info: [0mGET /api/v1/notification/read/1 [33m400[0m 99.085 ms - 35[0m
2025-07-01 18:14:06 info: 🚀 App listening on the port 8000. Current Env development.
2025-07-01 18:14:32 error: StatusCode : 404, Message : Authentication token missing
2025-07-01 18:14:32 info: [0mGET /api/v1/notification/read-all [33m404[0m 4.996 ms - 42[0m
2025-07-01 18:15:00 info: [0mGET /api/v1/notification/read-all [33m404[0m 83.007 ms - 167[0m
2025-07-01 18:15:03 info: [0mGET /api/v1/notification/read-all [33m404[0m 4.391 ms - 167[0m
2025-07-01 18:18:57 info: [0mGET /api/v1/notification/read-all [33m404[0m 4.188 ms - 167[0m
2025-07-01 18:19:03 info: [0mGET /api/v1/notification/readall [33m404[0m 4.567 ms - 166[0m
2025-07-01 18:19:14 error: StatusCode : 400, Message : User ID is required
2025-07-01 18:19:14 info: [0mPOST /api/v1/notification/read-all [33m400[0m 5.152 ms - 33[0m
2025-07-01 18:19:19 error: StatusCode : 400, Message : User ID is required
2025-07-01 18:19:19 info: [0mPOST /api/v1/notification/read-all [33m400[0m 4.297 ms - 33[0m
2025-07-01 18:20:21 error: StatusCode : 400, Message : User ID is required
2025-07-01 18:20:21 info: [0mPOST /api/v1/notification/read-all [33m400[0m 3.999 ms - 33[0m
2025-07-01 18:23:44 info: 🚀 App listening on the port 8000. Current Env development.
2025-07-01 18:23:49 error: StatusCode : 400, Message : User ID is required
2025-07-01 18:23:49 info: [0mPOST /api/v1/notification/read-all [33m400[0m 92.101 ms - 33[0m
2025-07-01 18:24:43 error: StatusCode : 400, Message : User ID is required
2025-07-01 18:24:43 info: [0mPOST /api/v1/notification/read-all [33m400[0m 22.349 ms - 33[0m
2025-07-01 18:24:49 error: StatusCode : 400, Message : User ID is required
2025-07-01 18:24:49 info: [0mPOST /api/v1/notification/read-all [33m400[0m 6.056 ms - 33[0m
2025-07-01 18:24:54 error: StatusCode : 400, Message : User ID is required
2025-07-01 18:24:54 info: [0mPOST /api/v1/notification/read-all [33m400[0m 3.609 ms - 33[0m
2025-07-01 18:25:04 error: StatusCode : 400, Message : User ID is required
2025-07-01 18:25:04 info: [0mPOST /api/v1/notification/read-all [33m400[0m 3.558 ms - 33[0m
2025-07-01 18:25:13 error: StatusCode : 400, Message : User ID is required
2025-07-01 18:25:13 info: [0mPOST /api/v1/notification/read-all [33m400[0m 3.987 ms - 33[0m
2025-07-01 18:25:18 error: StatusCode : 400, Message : User ID is required
2025-07-01 18:25:18 info: [0mPOST /api/v1/notification/read-all [33m400[0m 3.608 ms - 33[0m
2025-07-01 18:25:32 error: StatusCode : 400, Message :  Notification is null
2025-07-01 18:25:32 info: [0mGET /api/v1/notification/read/1 [33m400[0m 11.696 ms - 35[0m
2025-07-01 18:25:33 error: StatusCode : 400, Message :  Notification is null
2025-07-01 18:25:33 info: [0mGET /api/v1/notification/read/1 [33m400[0m 5.538 ms - 35[0m
2025-07-01 18:25:35 error: StatusCode : 400, Message :  Notification is null
2025-07-01 18:25:35 info: [0mGET /api/v1/notification/read/1 [33m400[0m 4.865 ms - 35[0m
2025-07-01 18:27:41 error: StatusCode : 400, Message : User ID is required
2025-07-01 18:27:41 info: [0mPOST /api/v1/notification/read-all [33m400[0m 3.919 ms - 33[0m
2025-07-01 18:27:43 error: StatusCode : 400, Message : User ID is required
2025-07-01 18:27:43 info: [0mPOST /api/v1/notification/read-all [33m400[0m 3.763 ms - 33[0m
2025-07-01 18:27:48 error: StatusCode : 400, Message : User ID is required
2025-07-01 18:27:48 info: [0mPOST /api/v1/notification/read-all [33m400[0m 4.380 ms - 33[0m
2025-07-01 18:36:38 info: 🚀 App listening on the port 8000. Current Env development.
2025-07-01 18:36:49 error: StatusCode : 400, Message : User ID is required
2025-07-01 18:36:49 info: [0mPOST /api/v1/notification/read-all [33m400[0m 105.205 ms - 33[0m
2025-07-01 18:36:51 error: StatusCode : 400, Message : User ID is required
2025-07-01 18:36:51 info: [0mPOST /api/v1/notification/read-all [33m400[0m 5.183 ms - 33[0m
2025-07-01 18:36:52 error: StatusCode : 400, Message : User ID is required
2025-07-01 18:36:52 info: [0mPOST /api/v1/notification/read-all [33m400[0m 4.724 ms - 33[0m
2025-07-01 18:36:58 error: StatusCode : 400, Message : User ID is required
2025-07-01 18:36:58 info: [0mPOST /api/v1/notification/read-all [33m400[0m 6.146 ms - 33[0m
2025-07-01 18:37:00 error: StatusCode : 400, Message : User ID is required
2025-07-01 18:37:00 info: [0mPOST /api/v1/notification/read-all [33m400[0m 3.266 ms - 33[0m
2025-07-01 18:37:00 error: StatusCode : 400, Message : User ID is required
2025-07-01 18:37:00 info: [0mPOST /api/v1/notification/read-all [33m400[0m 3.250 ms - 33[0m
2025-07-01 18:37:01 error: StatusCode : 400, Message : User ID is required
2025-07-01 18:37:01 info: [0mPOST /api/v1/notification/read-all [33m400[0m 4.182 ms - 33[0m
2025-07-01 18:37:02 error: StatusCode : 400, Message : User ID is required
2025-07-01 18:37:02 info: [0mPOST /api/v1/notification/read-all [33m400[0m 5.440 ms - 33[0m
2025-07-01 18:37:03 error: StatusCode : 400, Message : User ID is required
2025-07-01 18:37:03 info: [0mPOST /api/v1/notification/read-all [33m400[0m 5.053 ms - 33[0m
2025-07-01 18:38:20 error: StatusCode : 400, Message : User ID is required
2025-07-01 18:38:20 info: [0mPOST /api/v1/notification/read-all [33m400[0m 4.250 ms - 33[0m
2025-07-01 18:38:22 error: StatusCode : 400, Message : User ID is required
2025-07-01 18:38:22 info: [0mPOST /api/v1/notification/read-all [33m400[0m 4.154 ms - 33[0m
2025-07-01 18:38:24 error: StatusCode : 400, Message : User ID is required
2025-07-01 18:38:24 info: [0mPOST /api/v1/notification/read-all [33m400[0m 3.411 ms - 33[0m
2025-07-01 18:40:47 info: 🚀 App listening on the port 8000. Current Env development.
2025-07-01 18:40:55 error: StatusCode : 400, Message : User ID is required
2025-07-01 18:40:55 info: [0mPOST /api/v1/notification/read-all [33m400[0m 93.846 ms - 33[0m
2025-07-01 18:41:13 info: [0mPOST /api/v1/notification/read-all/101 [33m404[0m 5.791 ms - 172[0m
2025-07-01 18:41:59 error: StatusCode : 400, Message : User ID is required
2025-07-01 18:41:59 info: [0mPOST /api/v1/notification/read-all [33m400[0m 4.755 ms - 33[0m
2025-07-01 18:42:48 info: [0mPOST /api/v1/notification/read-all/102 [33m404[0m 6.133 ms - 172[0m
2025-07-01 18:42:53 info: [0mPOST /api/v1/notification/read-all/103 [33m404[0m 5.587 ms - 172[0m
2025-07-01 18:43:00 info: [0mPOST /api/v1/notification/read-all/101 [33m404[0m 6.171 ms - 172[0m
2025-07-01 18:43:03 info: [0mPOST /api/v1/notification/read-all/1 [33m404[0m 2.782 ms - 170[0m
2025-07-01 18:43:07 info: [0mPOST /api/v1/notification/read-all/2 [33m404[0m 2.838 ms - 170[0m
2025-07-01 18:43:10 info: [0mPOST /api/v1/notification/read-all/3 [33m404[0m 3.937 ms - 170[0m
2025-07-01 18:43:11 info: [0mPOST /api/v1/notification/read-all/3 [33m404[0m 3.271 ms - 170[0m
2025-07-01 18:45:45 info: 🚀 App listening on the port 8000. Current Env development.
2025-07-01 18:45:50 error: StatusCode : 400, Message : User ID is required
2025-07-01 18:45:50 info: [0mPOST /api/v1/notification/read-all [33m400[0m 107.435 ms - 33[0m
2025-07-01 18:46:00 info: [0mPOST /api/v1/notification/read-all [32m200[0m 34.250 ms - 53[0m
2025-07-01 18:46:20 info: [0mPOST /api/v1/notification/read-all [32m200[0m 6.035 ms - 53[0m
2025-07-01 18:46:29 info: [0mPOST /api/v1/notification/read-all [32m200[0m 4.092 ms - 53[0m
2025-07-01 18:47:00 info: [0mPOST /api/v1/notification/read-all [32m200[0m 4.997 ms - 53[0m
2025-07-01 18:47:17 info: [0mPOST /api/v1/notification/read-all [32m200[0m 4.975 ms - 53[0m
2025-07-01 18:47:21 info: [0mPOST /api/v1/notification/read-all [32m200[0m 3.449 ms - 53[0m
2025-07-01 18:48:08 info: [0mPOST /api/v1/notification/read-all [32m200[0m 5.752 ms - 53[0m
2025-07-01 18:48:14 info: [0mPOST /api/v1/notification/read-all [32m200[0m 92.925 ms - 53[0m
2025-07-01 18:49:19 info: [0mPOST /api/v1/notification/read-all [32m200[0m 5.149 ms - 53[0m
2025-07-01 18:51:03 info: 🚀 App listening on the port 8000. Current Env development.
2025-07-01 18:51:06 info: [0mPOST /api/v1/notification/read-all [32m200[0m 110.447 ms - 53[0m
2025-07-01 18:54:08 info: [0mPOST /api/v1/notification/read-all [32m200[0m 6.366 ms - 53[0m
2025-07-01 19:05:06 info: 🚀 App listening on the port 8000. Current Env development.
2025-07-01 19:05:09 info: 🚀 App listening on the port 8000. Current Env development.
2025-07-01 19:05:12 error: StatusCode : 404, Message : Notification not found
2025-07-01 19:05:12 info: [0mPOST /api/v1/notification/read-all [33m404[0m 106.306 ms - 36[0m
2025-07-01 19:05:19 error: StatusCode : 404, Message : Notification not found
2025-07-01 19:05:19 info: [0mPOST /api/v1/notification/read-all [33m404[0m 7.900 ms - 36[0m
2025-07-01 19:05:29 error: StatusCode : 404, Message : Notification not found
2025-07-01 19:05:29 info: [0mPOST /api/v1/notification/read-all [33m404[0m 4.890 ms - 36[0m
2025-07-01 19:05:40 error: StatusCode : 404, Message : Notification not found
2025-07-01 19:05:40 info: [0mPOST /api/v1/notification/read-all [33m404[0m 4.269 ms - 36[0m
2025-07-01 19:05:41 error: StatusCode : 404, Message : Notification not found
2025-07-01 19:05:41 info: [0mPOST /api/v1/notification/read-all [33m404[0m 5.515 ms - 36[0m
2025-07-01 19:05:57 error: StatusCode : 404, Message : Notification not found
2025-07-01 19:05:57 info: [0mPOST /api/v1/notification/read-all [33m404[0m 4.839 ms - 36[0m
2025-07-01 19:06:04 error: StatusCode : 404, Message : Notification not found
2025-07-01 19:06:04 info: [0mPOST /api/v1/notification/read-all [33m404[0m 4.803 ms - 36[0m
2025-07-01 19:06:24 error: StatusCode : 404, Message : Notification not found
2025-07-01 19:06:24 info: [0mPOST /api/v1/notification/read-all [33m404[0m 4.291 ms - 36[0m
2025-07-01 19:06:34 error: StatusCode : 404, Message : Notification not found
2025-07-01 19:06:34 info: [0mPOST /api/v1/notification/read-all [33m404[0m 5.625 ms - 36[0m
2025-07-01 19:06:43 error: StatusCode : 404, Message : Notification not found
2025-07-01 19:06:43 info: [0mPOST /api/v1/notification/read-all [33m404[0m 5.524 ms - 36[0m
2025-07-01 19:07:51 error: StatusCode : 404, Message : Notification not found
2025-07-01 19:07:51 info: [0mPOST /api/v1/notification/read-all [33m404[0m 5.501 ms - 36[0m
2025-07-01 19:07:58 info: [0mPOST /api/v1/notification/read-all [32m200[0m 5.456 ms - 53[0m
2025-07-01 19:08:14 error: StatusCode : 404, Message : Notification not found
2025-07-01 19:08:14 info: [0mPOST /api/v1/notification/read-all [33m404[0m 3.807 ms - 36[0m
2025-07-01 19:08:16 error: StatusCode : 404, Message : Notification not found
2025-07-01 19:08:16 info: [0mPOST /api/v1/notification/read-all [33m404[0m 5.780 ms - 36[0m
2025-07-01 19:08:18 error: StatusCode : 404, Message : Notification not found
2025-07-01 19:08:18 info: [0mPOST /api/v1/notification/read-all [33m404[0m 7.544 ms - 36[0m
2025-07-01 19:09:31 info: 🚀 App listening on the port 8000. Current Env development.
2025-07-01 19:09:34 error: StatusCode : 404, Message : Notification not found
2025-07-01 19:09:34 info: [0mPOST /api/v1/notification/read-all [33m404[0m 207.657 ms - 36[0m
2025-07-01 19:09:35 error: StatusCode : 404, Message : Notification not found
2025-07-01 19:09:35 info: [0mPOST /api/v1/notification/read-all [33m404[0m 16.653 ms - 36[0m
2025-07-01 19:09:41 info: [0mPOST /api/v1/notification/read-all [32m200[0m 7.022 ms - 53[0m
2025-07-01 19:09:55 error: StatusCode : 404, Message : Notification not found
2025-07-01 19:09:55 info: [0mPOST /api/v1/notification/read-all [33m404[0m 6.096 ms - 36[0m
2025-07-01 19:09:56 error: StatusCode : 404, Message : Notification not found
2025-07-01 19:09:56 info: [0mPOST /api/v1/notification/read-all [33m404[0m 5.809 ms - 36[0m
2025-07-01 19:17:31 info: 🚀 App listening on the port 8000. Current Env development.
2025-07-01 19:17:34 error: StatusCode : 404, Message : Notification not found
2025-07-01 19:17:34 info: [0mPOST /api/v1/notification/read-all [33m404[0m 210.314 ms - 36[0m
2025-07-01 19:17:36 error: StatusCode : 404, Message : Notification not found
2025-07-01 19:17:36 info: [0mPOST /api/v1/notification/read-all [33m404[0m 6.775 ms - 36[0m
2025-07-01 19:17:42 error: StatusCode : 404, Message : Notification not found
2025-07-01 19:17:42 info: [0mPOST /api/v1/notification/read-all [33m404[0m 6.751 ms - 36[0m
2025-07-01 19:17:43 error: StatusCode : 404, Message : Notification not found
2025-07-01 19:17:43 info: [0mPOST /api/v1/notification/read-all [33m404[0m 4.519 ms - 36[0m
2025-07-01 19:17:51 error: StatusCode : 404, Message : Notification not found
2025-07-01 19:17:51 info: [0mPOST /api/v1/notification/read-all [33m404[0m 6.024 ms - 36[0m
2025-07-01 19:18:27 info: 🚀 App listening on the port 8000. Current Env development.
2025-07-01 19:22:21 info: 🚀 App listening on the port 8000. Current Env development.
2025-07-01 19:29:38 info: 🚀 App listening on the port 8000. Current Env development.
2025-07-01 19:29:39 error: StatusCode : 404, Message : Notification not found
2025-07-01 19:29:39 info: [0mPOST /api/v1/notification/read-all [33m404[0m 208.824 ms - 36[0m
2025-07-01 19:34:12 error: StatusCode : 404, Message : Notification not found
2025-07-01 19:34:12 info: [0mPOST /api/v1/notification/read-all [33m404[0m 7.411 ms - 36[0m
2025-07-01 19:34:20 error: StatusCode : 404, Message : Notification not found
2025-07-01 19:34:20 info: [0mPOST /api/v1/notification/read-all [33m404[0m 4.912 ms - 36[0m
2025-07-01 19:34:32 error: StatusCode : 404, Message : Notification not found
2025-07-01 19:34:32 info: [0mPOST /api/v1/notification/read-all [33m404[0m 6.003 ms - 36[0m
2025-07-01 19:36:25 info: 🚀 App listening on the port 8000. Current Env development.
2025-07-01 19:36:32 info: [0mPOST /api/v1/notification/readall [33m404[0m 102.857 ms - 167[0m
2025-07-01 19:36:40 error: StatusCode : 404, Message : Notification not found
2025-07-01 19:36:40 info: [0mPOST /api/v1/notification/read-all [33m404[0m 12.905 ms - 36[0m
2025-07-01 19:38:24 info: 🚀 App listening on the port 8000. Current Env development.
2025-07-01 19:38:30 error: StatusCode : 404, Message : Notification not found
2025-07-01 19:38:30 info: [0mPOST /api/v1/notification/read-all [33m404[0m 111.507 ms - 36[0m
2025-07-01 19:38:31 error: StatusCode : 404, Message : Notification not found
2025-07-01 19:38:31 info: [0mPOST /api/v1/notification/read-all [33m404[0m 6.473 ms - 36[0m
2025-07-01 19:39:47 info: 🚀 App listening on the port 8000. Current Env development.
2025-07-01 19:39:49 error: StatusCode : 404, Message : Notification not found
2025-07-01 19:39:49 info: [0mPOST /api/v1/notification/read-all [33m404[0m 106.189 ms - 36[0m
2025-07-01 19:39:50 error: StatusCode : 404, Message : Notification not found
2025-07-01 19:39:50 info: [0mPOST /api/v1/notification/read-all [33m404[0m 6.484 ms - 36[0m
2025-07-01 19:39:58 error: StatusCode : 404, Message : Notification not found
2025-07-01 19:39:58 info: [0mPOST /api/v1/notification/read-all [33m404[0m 4.987 ms - 36[0m
2025-07-01 19:40:26 info: [0mPOST /api/v1/notification/read-all [32m200[0m 8.406 ms - 53[0m
2025-07-01 19:40:34 error: StatusCode : 404, Message : Notification not found
2025-07-01 19:40:34 info: [0mPOST /api/v1/notification/read-all [33m404[0m 5.430 ms - 36[0m
2025-07-01 19:40:38 error: StatusCode : 404, Message : Notification not found
2025-07-01 19:40:38 info: [0mPOST /api/v1/notification/read-all [33m404[0m 4.223 ms - 36[0m
2025-07-01 19:40:44 info: [0mPOST /api/v1/notification/read-all [32m200[0m 5.268 ms - 53[0m
2025-07-01 19:41:08 error: StatusCode : 400, Message :  Notification is null
2025-07-01 19:41:08 info: [0mGET /api/v1/notification/read/2 [33m400[0m 10.262 ms - 35[0m
2025-07-01 19:42:43 info: 🚀 App listening on the port 8000. Current Env development.
2025-07-01 19:43:06 info: [0mPOST /api/v1/notification/read-all/103 [33m404[0m 99.225 ms - 172[0m
2025-07-01 19:43:11 info: [0mPOST /api/v1/notification/read-all/101 [33m404[0m 4.876 ms - 172[0m
2025-07-01 19:43:14 info: [0mPOST /api/v1/notification/read-all/1 [33m404[0m 4.335 ms - 170[0m
2025-07-01 19:43:15 info: [0mPOST /api/v1/notification/read-all/1 [33m404[0m 2.972 ms - 170[0m
2025-07-01 19:43:38 info: 🚀 App listening on the port 8000. Current Env development.
2025-07-01 19:43:43 info: [0mPOST /api/v1/notification/read-all/1 [33m404[0m 90.164 ms - 170[0m
2025-07-01 19:43:49 info: [0mPOST /api/v1/notification/read-all/101 [33m404[0m 5.621 ms - 172[0m
2025-07-01 19:43:55 info: [0mPOST /api/v1/notification/read-all/103 [33m404[0m 3.623 ms - 172[0m
2025-07-01 19:44:26 info: 🚀 App listening on the port 8000. Current Env development.
2025-07-01 19:45:00 error: StatusCode : 404, Message : Notification not found
2025-07-01 19:45:00 info: [0mPOST /api/v1/notification/read-all [33m404[0m 120.266 ms - 36[0m
2025-07-01 19:45:53 info: 🚀 App listening on the port 8000. Current Env development.
2025-07-01 19:45:57 info: [0mPOST /api/v1/notification/read-all [32m200[0m 107.208 ms - 53[0m
2025-07-01 19:45:59 info: [0mPOST /api/v1/notification/read-all [32m200[0m 5.778 ms - 53[0m
2025-07-01 19:46:01 info: [0mPOST /api/v1/notification/read-all [32m200[0m 6.060 ms - 53[0m
2025-07-01 19:46:02 info: [0mPOST /api/v1/notification/read-all [32m200[0m 5.857 ms - 53[0m
2025-07-01 19:46:13 info: [0mPOST /api/v1/notification/read-all [32m200[0m 4.442 ms - 53[0m
2025-07-01 19:49:36 info: 🚀 App listening on the port 8000. Current Env development.
2025-07-01 19:49:39 info: [0mPOST /api/v1/notification/read-all [32m200[0m 103.663 ms - 53[0m
2025-07-01 20:00:17 info: [0mPOST /api/v1/notification/read-all [32m200[0m 12.425 ms - 53[0m
2025-07-01 20:00:24 info: [0mGET /api/v1/notification/read/1 [32m200[0m 9.134 ms - 373[0m
2025-07-01 20:15:57 info: 🚀 App listening on the port 8000. Current Env development.
2025-07-01 20:15:59 info: 🚀 App listening on the port 8000. Current Env development.
2025-07-01 20:22:52 info: 🚀 App listening on the port 8000. Current Env development.
2025-07-01 20:22:55 info: 🚀 App listening on the port 8000. Current Env development.
2025-07-01 20:31:38 info: 🚀 App listening on the port 8000. Current Env development.
2025-07-01 20:36:13 info: 🚀 App listening on the port 8000. Current Env development.
2025-07-01 20:38:50 info: [0mGET /api/v1/notification/count/101 [33m404[0m 207.678 ms - 168[0m
2025-07-01 20:43:28 info: 🚀 App listening on the port 8000. Current Env development.
2025-07-01 20:43:45 info: 🚀 App listening on the port 8000. Current Env development.
2025-07-01 20:43:49 info: [0mPOST /api/v1/notification/read-all [32m200[0m 123.207 ms - 53[0m
