2025-06-26 10:46:08 info: 🚀 App listening on the port 8000. Current Env development.
2025-06-26 10:46:32 info: 🚀 App listening on the port 8000. Current Env development.
2025-06-26 10:46:37 info: 🚀 App listening on the port 8000. Current Env development.
2025-06-26 10:47:26 info: [0mPUT /api/v1/category/updatecategory [32m200[0m 212.860 ms - 466[0m
2025-06-26 10:47:42 info: [0mPUT /api/v1/category/deletecategory [33m404[0m 7.794 ms - 169[0m
2025-06-26 10:59:16 error: StatusCode : 401, Message : Wrong authentication token
2025-06-26 10:59:16 info: [0mPUT /api/v1/category/deletecategory [33m401[0m 4.881 ms - 40[0m
2025-06-26 10:59:36 error: StatusCode : 401, Message : Wrong authentication token
2025-06-26 10:59:36 info: [0mPOST /api/v1/category/deletecategory [33m401[0m 11.074 ms - 40[0m
2025-06-26 10:59:49 info: [0mPOST /api/v1/users/login [32m200[0m 111.866 ms - -[0m
2025-06-26 11:00:27 error: StatusCode : 400, Message : is_deleted must be a boolean value
2025-06-26 11:00:27 info: [0mPOST /api/v1/category/deletecategory [33m400[0m 8.324 ms - 48[0m
2025-06-26 11:00:32 error: StatusCode : 400, Message : is_deleted must be a boolean value
2025-06-26 11:00:32 info: [0mPOST /api/v1/category/deletecategory [33m400[0m 4.951 ms - 48[0m
2025-06-26 11:17:56 error: StatusCode : 400, Message : is_deleted must be a boolean value
2025-06-26 11:17:56 info: [0mPOST /api/v1/category/deletecategory [33m400[0m 9.037 ms - 48[0m
2025-06-26 11:18:00 error: StatusCode : 400, Message : is_deleted must be a boolean value
2025-06-26 11:18:00 info: [0mPOST /api/v1/category/deletecategory [33m400[0m 7.459 ms - 48[0m
2025-06-26 11:18:02 error: StatusCode : 400, Message : is_deleted must be a boolean value
2025-06-26 11:18:02 info: [0mPOST /api/v1/category/deletecategory [33m400[0m 3.975 ms - 48[0m
2025-06-26 11:18:02 error: StatusCode : 400, Message : is_deleted must be a boolean value
2025-06-26 11:18:02 info: [0mPOST /api/v1/category/deletecategory [33m400[0m 4.155 ms - 48[0m
2025-06-26 11:18:04 error: StatusCode : 400, Message : is_deleted must be a boolean value
2025-06-26 11:18:04 info: [0mPOST /api/v1/category/deletecategory [33m400[0m 4.447 ms - 48[0m
2025-06-26 11:18:05 error: StatusCode : 400, Message : is_deleted must be a boolean value
2025-06-26 11:18:05 info: [0mPOST /api/v1/category/deletecategory [33m400[0m 5.115 ms - 48[0m
2025-06-26 11:18:32 error: StatusCode : 400, Message : Unexpected token '}', ..."ete_at":
}
" is not valid JSON
2025-06-26 11:18:32 info: [0mPOST /api/v1/category/deletecategory [33m400[0m 12.086 ms - 79[0m
2025-06-26 11:18:48 error: StatusCode : 400, Message : is_deleted must be a boolean value
2025-06-26 11:18:48 info: [0mPOST /api/v1/category/deletecategory [33m400[0m 4.762 ms - 48[0m
2025-06-26 11:47:21 error: StatusCode : 400, Message : Category ID is required
2025-06-26 11:47:21 info: [0mPOST /api/v1/category/deletecategory [33m400[0m 30.011 ms - 37[0m
2025-06-26 11:50:17 info: 🚀 App listening on the port 8000. Current Env development.
2025-06-26 11:50:39 error: StatusCode : 400, Message : Category ID is required
2025-06-26 11:50:39 info: [0mPOST /api/v1/category/deletecategory [33m400[0m 215.888 ms - 37[0m
2025-06-26 11:52:20 info: 🚀 App listening on the port 8000. Current Env development.
2025-06-26 11:52:29 info: 🚀 App listening on the port 8000. Current Env development.
2025-06-26 11:52:47 error: StatusCode : 400, Message : Category ID is required
2025-06-26 11:52:47 info: [0mPOST /api/v1/category/deletecategory [33m400[0m 111.661 ms - 37[0m
2025-06-26 11:54:06 error: StatusCode : 401, Message : Wrong authentication token
2025-06-26 11:54:06 info: [0mPUT /api/v1/category/updatecategory [33m401[0m 3.670 ms - 40[0m
2025-06-26 11:54:10 info: [0mPOST /api/v1/users/login [32m200[0m 79.390 ms - -[0m
2025-06-26 11:54:28 info: [0mPUT /api/v1/category/updatecategory [32m200[0m 15.386 ms - 458[0m
2025-06-26 11:56:32 error: StatusCode : 400, Message : Category ID is required
2025-06-26 11:56:32 info: [0mPOST /api/v1/category/deletecategory [33m400[0m 9.672 ms - 37[0m
2025-06-26 12:04:51 info: 🚀 App listening on the port 8000. Current Env development.
2025-06-26 12:04:55 error: StatusCode : 400, Message : Update data is empty
2025-06-26 12:04:55 info: [0mPOST /api/v1/category/deletecategory [33m400[0m 110.060 ms - 34[0m
2025-06-26 12:06:01 info: 🚀 App listening on the port 8000. Current Env development.
2025-06-26 12:06:05 error: StatusCode : 400, Message : Category ID is required
2025-06-26 12:06:05 info: [0mPOST /api/v1/category/deletecategory [33m400[0m 231.276 ms - 37[0m
2025-06-26 12:12:59 error: StatusCode : 400, Message : Category ID is required
2025-06-26 12:12:59 info: [0mPOST /api/v1/category/deletecategory [33m400[0m 9.363 ms - 37[0m
2025-06-26 12:16:21 info: 🚀 App listening on the port 8000. Current Env development.
2025-06-26 12:16:27 error: StatusCode : 400, Message : Category ID is required
2025-06-26 12:16:27 info: [0mPOST /api/v1/category/deletecategory [33m400[0m 106.230 ms - 37[0m
2025-06-26 12:21:42 info: 🚀 App listening on the port 8000. Current Env development.
2025-06-26 12:21:46 error: StatusCode : 400, Message : Category ID is required
2025-06-26 12:21:46 info: [0mPOST /api/v1/category/deletecategory [33m400[0m 122.115 ms - 37[0m
2025-06-26 12:32:41 info: 🚀 App listening on the port 8000. Current Env development.
2025-06-26 12:34:09 info: 🚀 App listening on the port 8000. Current Env development.
2025-06-26 12:35:42 info: 🚀 App listening on the port 8000. Current Env development.
2025-06-26 12:36:09 info: 🚀 App listening on the port 8000. Current Env development.
2025-06-26 12:36:14 info: [0mPOST /api/v1/category/deletecategory [32m200[0m 121.720 ms - 455[0m
2025-06-26 13:36:21 info: 🚀 App listening on the port 8000. Current Env development.
2025-06-26 13:51:10 info: 🚀 App listening on the port 8000. Current Env development.
2025-06-26 13:51:47 info: 🚀 App listening on the port 8000. Current Env development.
2025-06-26 13:51:58 info: 🚀 App listening on the port 8000. Current Env development.
2025-06-26 13:52:28 info: 🚀 App listening on the port 8000. Current Env development.
2025-06-26 14:00:32 error: StatusCode : 400, Message : client_id must be an integer number, editor_id must be an integer number, project_title should not be empty, project_title must be a string, Deadline must be a valid ISO 8601 date string, project_description should not be empty, project_description must be a string, Budget must be an integer number, each value in skills_required must be a string, skills_required should not be empty, skills_required must be an array, each value in reference_links must be a URL address, reference_links should not be empty, reference_links must be an array, additional_notes should not be empty, additional_notes must be a string, status must be an object, projects_type should not be empty, projects_type must be a string, project_format should not be empty, project_format must be a string, audio_voiceover should not be empty, audio_voiceover must be a string, video_length must be an integer number, preferred_video_style should not be empty, preferred_video_style must be a string, project_files must be an array, sample_project_file must be an array, show_all_files must be an array, created_by must be an integer number
2025-06-26 14:00:32 info: [0mPOST /api/v1/projectsTask/insertprojects_task [33m400[0m 110.566 ms - -[0m
2025-06-26 14:01:54 error: StatusCode : 400, Message : client_id must be an integer number, editor_id must be an integer number, project_title should not be empty, project_title must be a string, Deadline must be a valid ISO 8601 date string, project_description should not be empty, project_description must be a string, Budget must be an integer number, each value in skills_required must be a string, skills_required should not be empty, skills_required must be an array, each value in reference_links must be a URL address, reference_links should not be empty, reference_links must be an array, additional_notes should not be empty, additional_notes must be a string, status must be an object, projects_type should not be empty, projects_type must be a string, project_format should not be empty, project_format must be a string, audio_voiceover should not be empty, audio_voiceover must be a string, video_length must be an integer number, preferred_video_style should not be empty, preferred_video_style must be a string, project_files must be an array, sample_project_file must be an array, show_all_files must be an array, created_by must be an integer number
2025-06-26 14:01:54 info: [0mPOST /api/v1/projectsTask/insertprojects_task [33m400[0m 6.783 ms - -[0m
2025-06-26 14:03:58 error: StatusCode : 400, Message : client_id must be an integer number, editor_id must be an integer number, project_title should not be empty, project_title must be a string, Deadline must be a valid ISO 8601 date string, project_description should not be empty, project_description must be a string, Budget must be an integer number, each value in skills_required must be a string, skills_required should not be empty, skills_required must be an array, each value in reference_links must be a URL address, reference_links should not be empty, reference_links must be an array, additional_notes should not be empty, additional_notes must be a string, status must be an object, projects_type should not be empty, projects_type must be a string, project_format should not be empty, project_format must be a string, audio_voiceover should not be empty, audio_voiceover must be a string, video_length must be an integer number, preferred_video_style should not be empty, preferred_video_style must be a string, project_files must be an array, sample_project_file must be an array, show_all_files must be an array, created_by must be an integer number
2025-06-26 14:03:58 info: [0mPOST /api/v1/projectsTask/insertprojects_task [33m400[0m 7.382 ms - -[0m
2025-06-26 14:11:20 error: StatusCode : 404, Message : Authentication token missing
2025-06-26 14:11:20 info: [0mGET /api/v1/projectsTask/insertprojects_task [33m404[0m 1.664 ms - 42[0m
2025-06-26 14:12:56 info: [0mGET /api/v1/projectsTask/insertprojects_task [33m404[0m 23.451 ms - 178[0m
2025-06-26 14:17:58 info: [0mGET /api/v1/projectsTask/insertprojects_task [33m404[0m 5.519 ms - 178[0m
2025-06-26 14:34:14 info: 🚀 App listening on the port 8000. Current Env development.
2025-06-26 14:43:47 info: 🚀 App listening on the port 8000. Current Env development.
2025-06-26 14:50:36 info: 🚀 App listening on the port 8000. Current Env development.
2025-06-26 14:50:44 info: 🚀 App listening on the port 8000. Current Env development.
2025-06-26 14:52:53 info: 🚀 App listening on the port 8000. Current Env development.
2025-06-26 14:54:51 info: 🚀 App listening on the port 8000. Current Env development.
2025-06-26 14:56:06 info: 🚀 App listening on the port 8000. Current Env development.
2025-06-26 14:56:18 info: 🚀 App listening on the port 8000. Current Env development.
2025-06-26 16:13:53 info: 🚀 App listening on the port 8000. Current Env development.
2025-06-26 17:13:23 info: 🚀 App listening on the port 8000. Current Env development.
2025-06-26 17:24:50 info: 🚀 App listening on the port 8000. Current Env development.
2025-06-26 17:29:39 info: 🚀 App listening on the port 8000. Current Env development.
2025-06-26 17:41:08 info: 🚀 App listening on the port 8000. Current Env development.
2025-06-26 17:45:39 error: StatusCode : 404, Message : Authentication token missing
2025-06-26 17:45:39 info: [0mPOST /api/v1/category/getprojects/category [33m404[0m 5.747 ms - 42[0m
2025-06-26 17:52:25 info: 🚀 App listening on the port 8000. Current Env development.
2025-06-26 17:53:02 info: 🚀 App listening on the port 8000. Current Env development.
2025-06-26 17:53:54 info: 🚀 App listening on the port 8000. Current Env development.
2025-06-26 17:54:48 info: [0mPOST /api/v1/category/deletecategory [32m200[0m 153.234 ms - 455[0m
2025-06-26 17:58:07 info: 🚀 App listening on the port 8000. Current Env development.
2025-06-26 17:58:56 info: 🚀 App listening on the port 8000. Current Env development.
2025-06-26 17:59:28 info: [0mPOST /api/v1/category/getprojectcategory [33m404[0m 111.827 ms - 174[0m
2025-06-26 17:59:56 info: 🚀 App listening on the port 8000. Current Env development.
2025-06-26 18:03:49 info: 🚀 App listening on the port 8000. Current Env development.
2025-06-26 18:08:09 info: 🚀 App listening on the port 8000. Current Env development.
2025-06-26 18:13:49 info: 🚀 App listening on the port 8000. Current Env development.
2025-06-26 18:19:29 info: 🚀 App listening on the port 8000. Current Env development.
2025-06-26 18:22:04 info: 🚀 App listening on the port 8000. Current Env development.
2025-06-26 18:25:12 info: 🚀 App listening on the port 8000. Current Env development.
2025-06-26 18:26:29 info: 🚀 App listening on the port 8000. Current Env development.
2025-06-26 18:26:58 info: 🚀 App listening on the port 8000. Current Env development.
2025-06-26 18:35:39 info: 🚀 App listening on the port 8000. Current Env development.
2025-06-26 18:37:10 info: 🚀 App listening on the port 8000. Current Env development.
2025-06-26 18:39:55 info: 🚀 App listening on the port 8000. Current Env development.
2025-06-26 18:40:38 info: 🚀 App listening on the port 8000. Current Env development.
2025-06-26 18:41:32 info: 🚀 App listening on the port 8000. Current Env development.
2025-06-26 18:41:37 info: [0mPOST /api/v1/category/getprojectcategory/1 [33m404[0m 107.203 ms - 176[0m
2025-06-26 18:41:47 info: [0mPOST /api/v1/category/getprojectcategory/1 [33m404[0m 5.874 ms - 176[0m
2025-06-26 18:42:21 info: [0mPOST /api/v1/category/getprojectcategory/1 [33m404[0m 5.536 ms - 176[0m
2025-06-26 18:42:22 info: [0mPOST /api/v1/category/getprojectcategory/1 [33m404[0m 5.956 ms - 176[0m
2025-06-26 18:42:32 info: 🚀 App listening on the port 8000. Current Env development.
2025-06-26 18:42:34 info: [0mPOST /api/v1/category/getprojectcategory/1 [33m404[0m 239.790 ms - 176[0m
2025-06-26 18:42:37 info: [0mPOST /api/v1/category/getprojectcategory/1 [33m404[0m 4.055 ms - 176[0m
2025-06-26 18:42:57 info: [0mPOST /api/v1/category/getprojectcategory/16 [33m404[0m 5.759 ms - 177[0m
2025-06-26 18:43:34 info: [0mPOST /api/v1/category/getprojectcategory/1 [33m404[0m 4.932 ms - 176[0m
2025-06-26 18:43:35 info: [0mPOST /api/v1/category/getprojectcategory/1 [33m404[0m 3.444 ms - 176[0m
2025-06-26 18:43:43 info: [0mPOST /api/v1/category/getprojectcategory/1 [33m404[0m 2.898 ms - 176[0m
2025-06-26 18:50:52 info: [0mPOST /api/v1/category/getprojectcategory/1 [33m404[0m 4.574 ms - 176[0m
2025-06-26 18:51:14 info: [0mPOST /api/v1/category/getprojectcategory/15 [33m404[0m 5.638 ms - 177[0m
2025-06-26 18:52:05 info: 🚀 App listening on the port 8000. Current Env development.
2025-06-26 18:52:09 info: [0mPOST /api/v1/category/getprojectcategory/15 [33m404[0m 131.459 ms - 177[0m
2025-06-26 18:52:11 info: [0mPOST /api/v1/category/getprojectcategory/15 [33m404[0m 4.194 ms - 177[0m
2025-06-26 18:52:19 info: [0mPOST /api/v1/category/getprojectcategory/1 [33m404[0m 5.405 ms - 176[0m
2025-06-26 18:52:23 info: [0mPOST /api/v1/category/getprojectcategory/ [33m404[0m 4.380 ms - 175[0m
2025-06-26 18:52:31 info: [0mPOST /api/v1/category/getprojectcategory/15 [33m404[0m 5.218 ms - 177[0m
2025-06-26 18:52:56 info: 🚀 App listening on the port 8000. Current Env development.
2025-06-26 19:05:23 info: 🚀 App listening on the port 8000. Current Env development.
2025-06-26 19:05:48 info: 🚀 App listening on the port 8000. Current Env development.
2025-06-26 19:05:51 info: 🚀 App listening on the port 8000. Current Env development.
2025-06-26 19:06:37 info: 🚀 App listening on the port 8000. Current Env development.
2025-06-26 19:06:38 info: [0mPOST /api/v1/category/getprojectcategory/15 [33m404[0m 100.761 ms - 177[0m
2025-06-26 19:19:43 info: 🚀 App listening on the port 8000. Current Env development.
2025-06-26 19:24:53 info: 🚀 App listening on the port 8000. Current Env development.
2025-06-26 19:25:40 info: 🚀 App listening on the port 8000. Current Env development.
2025-06-26 19:25:49 info: 🚀 App listening on the port 8000. Current Env development.
2025-06-26 19:26:05 info: 🚀 App listening on the port 8000. Current Env development.
2025-06-26 19:46:30 info: 🚀 App listening on the port 8000. Current Env development.
2025-06-26 19:46:51 info: [0mGET /api/v1/category/getprojectcategory/video-length [33m404[0m 130.726 ms - 186[0m
2025-06-26 19:47:08 info: [0mGET /api/v1/category/getprojectcategory/15 [33m404[0m 5.039 ms - 176[0m
2025-06-26 19:47:29 info: 🚀 App listening on the port 8000. Current Env development.
2025-06-26 19:47:37 info: [0mGET /api/v1/category/getprojectcategory/1 [33m404[0m 252.945 ms - 175[0m
2025-06-26 19:54:37 info: [0mGET /api/v1/category/getprojectcategory/1 [33m404[0m 4.709 ms - 175[0m
2025-06-26 20:06:46 info: 🚀 App listening on the port 8000. Current Env development.
2025-06-26 20:10:12 info: 🚀 App listening on the port 8000. Current Env development.
2025-06-26 20:37:51 info: 🚀 App listening on the port 8000. Current Env development.
2025-06-26 20:41:31 info: 🚀 App listening on the port 8000. Current Env development.
2025-06-26 20:42:05 info: 🚀 App listening on the port 8000. Current Env development.
2025-06-26 20:45:08 info: 🚀 App listening on the port 8000. Current Env development.
2025-06-26 20:45:41 info: 🚀 App listening on the port 8000. Current Env development.
2025-06-26 20:49:46 info: 🚀 App listening on the port 8000. Current Env development.
2025-06-26 20:50:23 info: 🚀 App listening on the port 8000. Current Env development.
2025-06-26 20:51:40 info: 🚀 App listening on the port 8000. Current Env development.
2025-06-26 20:53:32 info: 🚀 App listening on the port 8000. Current Env development.
2025-06-26 21:29:06 info: 🚀 App listening on the port 8000. Current Env development.
