2025-06-28 10:21:54 info: 🚀 App listening on the port 8000. Current Env development.
2025-06-28 10:24:55 info: [0mPOST /api/v1/users/login [32m200[0m 209.000 ms - -[0m
2025-06-28 10:26:00 info: [0mPOST /api/v1/blog/insertblog [33m404[0m 9.880 ms - 162[0m
2025-06-28 10:28:14 error: StatusCode : 400, Message : Expected ',' or ']' after array element in JSON at position 915 (line 17 column 16)
2025-06-28 10:28:14 info: [0mPOST /api/v1/blog/insertblog [33m400[0m 7.611 ms - 97[0m
2025-06-28 10:28:43 error: StatusCode : 400, Message : Expected ',' or ']' after array element in JSON at position 915 (line 17 column 16)
2025-06-28 10:28:43 info: [0mPOST /api/v1/blog/insertblog [33m400[0m 1.591 ms - 97[0m
2025-06-28 10:29:02 error: StatusCode : 400, Message : Expected ',' or ']' after array element in JSON at position 915 (line 17 column 16)
2025-06-28 10:29:02 info: [0mPOST /api/v1/blog/insertblog [33m400[0m 1.460 ms - 97[0m
2025-06-28 10:29:42 info: [0mPOST /api/v1/blog/insertblog [33m404[0m 12.675 ms - 162[0m
2025-06-28 10:38:04 info: [0mPOST /api/v1/blog/insertblog [33m404[0m 5.838 ms - 162[0m
2025-06-28 10:57:36 error: StatusCode : 400, Message : Expected ',' or ']' after array element in JSON at position 914 (line 17 column 16)
2025-06-28 10:57:36 info: [0mPOST /api/v1/blog/insertblog [33m400[0m 2.593 ms - 97[0m
2025-06-28 10:58:06 info: [0mPOST /api/v1/blog/insertblog [33m404[0m 4.613 ms - 162[0m
2025-06-28 11:04:24 info: [0mPOST /api/v1/blog/insertblog [33m404[0m 3.717 ms - 162[0m
2025-06-28 11:06:03 info: 🚀 App listening on the port 8000. Current Env development.
2025-06-28 11:06:26 info: 🚀 App listening on the port 8000. Current Env development.
2025-06-28 11:06:40 info: [0mPOST /api/v1/blog/insertblog [33m404[0m 115.937 ms - 162[0m
2025-06-28 11:09:01 info: [0mPOST /api/v1/blog/insertblog [33m404[0m 5.551 ms - 162[0m
2025-06-28 11:14:55 info: 🚀 App listening on the port 8000. Current Env development.
2025-06-28 11:15:04 info: 🚀 App listening on the port 8000. Current Env development.
2025-06-28 11:16:10 info: 🚀 App listening on the port 8000. Current Env development.
2025-06-28 11:16:23 info: [0mPOST /api/v1/blog/insertblog [33m404[0m 117.622 ms - 162[0m
2025-06-28 11:16:25 info: [0mPOST /api/v1/blog/insertblog [33m404[0m 4.494 ms - 162[0m
2025-06-28 11:16:26 info: [0mPOST /api/v1/blog/insertblog [33m404[0m 7.080 ms - 162[0m
2025-06-28 11:19:09 info: [0mPOST /api/v1/blog/insertblog [33m404[0m 3.710 ms - 162[0m
2025-06-28 11:19:10 info: [0mPOST /api/v1/blog/insertblog [33m404[0m 3.547 ms - 162[0m
2025-06-28 11:19:13 info: [0mPOST /api/v1/blog/insertblog [33m404[0m 3.197 ms - 162[0m
2025-06-28 11:27:45 info: [0mPOST /api/v1/blog/insertblog [33m404[0m 3.821 ms - 162[0m
2025-06-28 11:27:47 info: [0mPOST /api/v1/blog/insertblog [33m404[0m 39.963 ms - 162[0m
2025-06-28 11:27:48 info: [0mPOST /api/v1/blog/insertblog [33m404[0m 6.604 ms - 162[0m
2025-06-28 11:29:42 info: [0mPOST /api/v1/blog/insertblog [33m404[0m 5.533 ms - 162[0m
2025-06-28 11:36:08 info: [0mPOST /api/v1/blog/insertblog [33m404[0m 5.914 ms - 162[0m
2025-06-28 11:39:50 info: 🚀 App listening on the port 8000. Current Env development.
2025-06-28 11:39:55 error: StatusCode : 400, Message : author_name must be an integer number, sub_section must be an object, tags must be an object, notes must be an object, created_by must be an integer number, updated_by must be an integer number
2025-06-28 11:39:55 info: [0mPOST /api/v1/blog/insertblog [33m400[0m 331.902 ms - 207[0m
2025-06-28 11:40:44 info: 🚀 App listening on the port 8000. Current Env development.
2025-06-28 11:40:53 error: StatusCode : 400, Message : author_name must be an integer number, sub_section must be an object, tags must be an object, notes must be an object, created_by must be an integer number, updated_by must be an integer number
2025-06-28 11:40:53 info: [0mPOST /api/v1/blog/insertblog [33m400[0m 119.975 ms - 207[0m
2025-06-28 11:40:56 error: StatusCode : 400, Message : author_name must be an integer number, sub_section must be an object, tags must be an object, notes must be an object, created_by must be an integer number, updated_by must be an integer number
2025-06-28 11:40:56 info: [0mPOST /api/v1/blog/insertblog [33m400[0m 7.354 ms - 207[0m
2025-06-28 11:59:59 error: StatusCode : 400, Message : author_name must be an integer number, sub_section must be an object, tags must be an object, notes must be an object, updated_by must be an integer number
2025-06-28 11:59:59 info: [0mPOST /api/v1/blog/insertblog [33m400[0m 10.244 ms - 169[0m
2025-06-28 12:00:02 error: StatusCode : 400, Message : author_name must be an integer number, sub_section must be an object, tags must be an object, notes must be an object, updated_by must be an integer number
2025-06-28 12:00:02 info: [0mPOST /api/v1/blog/insertblog [33m400[0m 6.345 ms - 169[0m
2025-06-28 12:04:13 info: 🚀 App listening on the port 8000. Current Env development.
2025-06-28 12:05:50 info: 🚀 App listening on the port 8000. Current Env development.
2025-06-28 12:05:57 error: StatusCode : 400, Message : author_name must be an integer number, sub_section must be an object, tags must be an object, notes must be an object, updated_by must be an integer number
2025-06-28 12:05:57 info: [0mPOST /api/v1/blog/insertblog [33m400[0m 120.118 ms - 169[0m
2025-06-28 12:05:59 error: StatusCode : 400, Message : author_name must be an integer number, sub_section must be an object, tags must be an object, notes must be an object, updated_by must be an integer number
2025-06-28 12:05:59 info: [0mPOST /api/v1/blog/insertblog [33m400[0m 10.394 ms - 169[0m
2025-06-28 12:08:38 error: StatusCode : 400, Message : author_name must be an integer number, sub_section must be an object, tags must be an object, notes must be an object, updated_by must be an integer number
2025-06-28 12:08:38 info: [0mPOST /api/v1/blog/insertblog [33m400[0m 6.903 ms - 169[0m
2025-06-28 12:10:55 info: 🚀 App listening on the port 8000. Current Env development.
2025-06-28 12:12:24 info: 🚀 App listening on the port 8000. Current Env development.
2025-06-28 12:12:57 info: 🚀 App listening on the port 8000. Current Env development.
2025-06-28 12:15:45 error: StatusCode : 400, Message : author_name must be an integer number, sub_section must be an object, tags must be an object, notes must be an object, updated_by must be an integer number
2025-06-28 12:15:45 info: [0mPOST /api/v1/blog/insertblog [33m400[0m 208.865 ms - 169[0m
2025-06-28 12:15:47 error: StatusCode : 400, Message : author_name must be an integer number, sub_section must be an object, tags must be an object, notes must be an object, updated_by must be an integer number
2025-06-28 12:15:47 info: [0mPOST /api/v1/blog/insertblog [33m400[0m 8.917 ms - 169[0m
2025-06-28 12:21:20 info: 🚀 App listening on the port 8000. Current Env development.
2025-06-28 12:27:29 info: 🚀 App listening on the port 8000. Current Env development.
2025-06-28 12:28:47 info: 🚀 App listening on the port 8000. Current Env development.
2025-06-28 12:28:52 error: StatusCode : 400, Message : sub_section must be an object, tags must be an object, notes must be an object, updated_by must be an integer number
2025-06-28 12:28:52 info: [0mPOST /api/v1/blog/insertblog [33m400[0m 112.702 ms - 130[0m
2025-06-28 12:31:54 info: 🚀 App listening on the port 8000. Current Env development.
2025-06-28 12:32:00 error: StatusCode : 400, Message : sub_section must be an object, tags must be an object, notes must be an object
2025-06-28 12:32:00 info: [0mPOST /api/v1/blog/insertblog [33m400[0m 122.794 ms - 92[0m
2025-06-28 12:37:21 info: 🚀 App listening on the port 8000. Current Env development.
2025-06-28 12:37:25 error: StatusCode : 400, Message : sub_section must be an object, tags must be a string, notes must be an object
2025-06-28 12:37:25 info: [0mPOST /api/v1/blog/insertblog [33m400[0m 121.282 ms - 91[0m
2025-06-28 12:37:26 error: StatusCode : 400, Message : sub_section must be an object, tags must be a string, notes must be an object
2025-06-28 12:37:26 info: [0mPOST /api/v1/blog/insertblog [33m400[0m 7.253 ms - 91[0m
2025-06-28 12:38:11 info: 🚀 App listening on the port 8000. Current Env development.
2025-06-28 12:43:42 info: 🚀 App listening on the port 8000. Current Env development.
2025-06-28 12:43:45 error: StatusCode : 400, Message : sub_section must be an object, notes must be an object
2025-06-28 12:43:45 info: [0mPOST /api/v1/blog/insertblog [33m400[0m 307.640 ms - 68[0m
2025-06-28 12:44:04 info: 🚀 App listening on the port 8000. Current Env development.
2025-06-28 12:44:06 error: StatusCode : 400, Message : sub_section must be an object
2025-06-28 12:44:06 info: [0mPOST /api/v1/blog/insertblog [33m400[0m 122.772 ms - 43[0m
2025-06-28 12:44:29 info: 🚀 App listening on the port 8000. Current Env development.
2025-06-28 12:44:31 info: [0mPOST /api/v1/blog/insertblog [32m201[0m 230.663 ms - -[0m
2025-06-28 12:50:00 error: StatusCode : 400, Message : created_by must be an integer number
2025-06-28 12:50:00 info: [0mPUT /api/v1/blog/updateblog [33m400[0m 10.255 ms - 50[0m
2025-06-28 12:54:14 info: 🚀 App listening on the port 8000. Current Env development.
2025-06-28 12:54:19 error: StatusCode : 500, Message : Undefined binding(s) detected when compiling UPDATE. Undefined column(s): [blog_id] query: update "blogs" set "title" = ?, "slug" = ?, "featured_image" = ?, "content" = ?, "short_description" = ?, "author_name" = ?, "category" = ?, "is_featured" = ?, "views" = ?, "seo_title" = ?, "seo_description" = ?, "reading_time" = ?, "comment_count" = ?, "scheduled_at" = ?, "sub_section" = ?, "tags" = ?, "notes" = ?, "is_active" = ?, "updated_by" = ?, "updated_at" = ? where "blog_id" = ? returning *
2025-06-28 12:54:19 info: [0mPUT /api/v1/blog/updateblog [31m500[0m 112.504 ms - 550[0m
2025-06-28 12:54:52 info: 🚀 App listening on the port 8000. Current Env development.
2025-06-28 12:54:54 error: StatusCode : 500, Message : Undefined binding(s) detected when compiling UPDATE. Undefined column(s): [blog_id] query: update "blogs" set "title" = ?, "slug" = ?, "featured_image" = ?, "content" = ?, "short_description" = ?, "author_name" = ?, "category" = ?, "is_featured" = ?, "views" = ?, "seo_title" = ?, "seo_description" = ?, "reading_time" = ?, "comment_count" = ?, "scheduled_at" = ?, "sub_section" = ?, "tags" = ?, "notes" = ?, "is_active" = ?, "updated_by" = ?, "updated_at" = ? where "blog_id" = ? returning *
2025-06-28 12:54:54 info: [0mPUT /api/v1/blog/updateblog [31m500[0m 224.963 ms - 550[0m
2025-06-28 12:54:56 error: StatusCode : 500, Message : Undefined binding(s) detected when compiling UPDATE. Undefined column(s): [blog_id] query: update "blogs" set "title" = ?, "slug" = ?, "featured_image" = ?, "content" = ?, "short_description" = ?, "author_name" = ?, "category" = ?, "is_featured" = ?, "views" = ?, "seo_title" = ?, "seo_description" = ?, "reading_time" = ?, "comment_count" = ?, "scheduled_at" = ?, "sub_section" = ?, "tags" = ?, "notes" = ?, "is_active" = ?, "updated_by" = ?, "updated_at" = ? where "blog_id" = ? returning *
2025-06-28 12:54:56 info: [0mPUT /api/v1/blog/updateblog [31m500[0m 9.008 ms - 550[0m
2025-06-28 12:57:05 info: 🚀 App listening on the port 8000. Current Env development.
2025-06-28 12:57:09 error: StatusCode : 500, Message : Undefined binding(s) detected when compiling UPDATE. Undefined column(s): [blog_id] query: update "blogs" set "title" = ?, "slug" = ?, "featured_image" = ?, "content" = ?, "short_description" = ?, "author_name" = ?, "category" = ?, "is_featured" = ?, "views" = ?, "seo_title" = ?, "seo_description" = ?, "reading_time" = ?, "comment_count" = ?, "scheduled_at" = ?, "sub_section" = ?, "tags" = ?, "notes" = ?, "is_active" = ?, "updated_by" = ?, "updated_at" = ? where "blog_id" = ? returning *
2025-06-28 12:57:09 info: [0mPUT /api/v1/blog/updateblog [31m500[0m 112.175 ms - 550[0m
2025-06-28 12:57:11 error: StatusCode : 500, Message : Undefined binding(s) detected when compiling UPDATE. Undefined column(s): [blog_id] query: update "blogs" set "title" = ?, "slug" = ?, "featured_image" = ?, "content" = ?, "short_description" = ?, "author_name" = ?, "category" = ?, "is_featured" = ?, "views" = ?, "seo_title" = ?, "seo_description" = ?, "reading_time" = ?, "comment_count" = ?, "scheduled_at" = ?, "sub_section" = ?, "tags" = ?, "notes" = ?, "is_active" = ?, "updated_by" = ?, "updated_at" = ? where "blog_id" = ? returning *
2025-06-28 12:57:11 info: [0mPUT /api/v1/blog/updateblog [31m500[0m 5.883 ms - 550[0m
2025-06-28 12:57:45 info: 🚀 App listening on the port 8000. Current Env development.
2025-06-28 12:57:49 error: StatusCode : 400, Message : created_by must be an integer number
2025-06-28 12:57:49 info: [0mPUT /api/v1/blog/updateblog [33m400[0m 108.741 ms - 50[0m
2025-06-28 13:02:37 info: 🚀 App listening on the port 8000. Current Env development.
2025-06-28 13:02:39 error: StatusCode : 400, Message : created_by must be an integer number
2025-06-28 13:02:39 info: [0mPUT /api/v1/blog/updateblog [33m400[0m 107.544 ms - 50[0m
2025-06-28 13:02:43 error: StatusCode : 400, Message : created_by must be an integer number
2025-06-28 13:02:43 info: [0mPUT /api/v1/blog/updateblog [33m400[0m 8.222 ms - 50[0m
2025-06-28 13:03:12 info: 🚀 App listening on the port 8000. Current Env development.
2025-06-28 13:03:17 error: StatusCode : 400, Message : created_by must be an integer number
2025-06-28 13:03:17 info: [0mPUT /api/v1/blog/updateblog [33m400[0m 104.903 ms - 50[0m
2025-06-28 13:11:08 info: 🚀 App listening on the port 8000. Current Env development.
2025-06-28 13:11:16 error: StatusCode : 500, Message : Undefined binding(s) detected when compiling UPDATE. Undefined column(s): [blog_id] query: update "blogs" set "title" = ?, "slug" = ?, "featured_image" = ?, "content" = ?, "short_description" = ?, "author_name" = ?, "category" = ?, "is_featured" = ?, "views" = ?, "seo_title" = ?, "seo_description" = ?, "reading_time" = ?, "comment_count" = ?, "scheduled_at" = ?, "sub_section" = ?, "tags" = ?, "notes" = ?, "is_active" = ?, "updated_by" = ?, "updated_at" = ? where "blog_id" = ? returning *
2025-06-28 13:11:16 info: [0mPUT /api/v1/blog/updateblog [31m500[0m 232.676 ms - 550[0m
2025-06-28 13:12:04 info: 🚀 App listening on the port 8000. Current Env development.
2025-06-28 13:12:05 error: StatusCode : 400, Message : created_by must be an integer number
2025-06-28 13:12:05 info: [0mPUT /api/v1/blog/updateblog [33m400[0m 103.478 ms - 50[0m
2025-06-28 13:19:53 info: 🚀 App listening on the port 8000. Current Env development.
2025-06-28 13:19:55 error: StatusCode : 500, Message : Undefined binding(s) detected when compiling UPDATE. Undefined column(s): [blog_id] query: update "blogs" set "title" = ?, "slug" = ?, "featured_image" = ?, "content" = ?, "short_description" = ?, "author_name" = ?, "category" = ?, "is_featured" = ?, "views" = ?, "seo_title" = ?, "seo_description" = ?, "reading_time" = ?, "comment_count" = ?, "scheduled_at" = ?, "sub_section" = ?, "tags" = ?, "notes" = ?, "is_active" = ?, "updated_by" = ?, "updated_at" = ? where "blog_id" = ? returning *
2025-06-28 13:19:55 info: [0mPUT /api/v1/blog/updateblog [31m500[0m 138.097 ms - 550[0m
2025-06-28 13:22:12 info: 🚀 App listening on the port 8000. Current Env development.
2025-06-28 13:22:13 error: StatusCode : 500, Message : Undefined binding(s) detected when compiling UPDATE. Undefined column(s): [blog_id] query: update "blogs" set "title" = ?, "slug" = ?, "featured_image" = ?, "content" = ?, "short_description" = ?, "author_name" = ?, "category" = ?, "is_featured" = ?, "views" = ?, "seo_title" = ?, "seo_description" = ?, "reading_time" = ?, "comment_count" = ?, "scheduled_at" = ?, "sub_section" = ?, "tags" = ?, "notes" = ?, "is_active" = ?, "updated_by" = ?, "updated_at" = ? where "blog_id" = ? returning *
2025-06-28 13:22:13 info: [0mPUT /api/v1/blog/updateblog [31m500[0m 106.045 ms - 550[0m
2025-06-28 13:22:30 info: 🚀 App listening on the port 8000. Current Env development.
2025-06-28 13:22:32 error: StatusCode : 400, Message : created_by must be an integer number
2025-06-28 13:22:32 info: [0mPUT /api/v1/blog/updateblog [33m400[0m 98.920 ms - 50[0m
2025-06-28 13:33:00 info: 🚀 App listening on the port 8000. Current Env development.
2025-06-28 13:33:03 error: StatusCode : 500, Message : Undefined binding(s) detected when compiling UPDATE. Undefined column(s): [blog_id] query: update "blogs" set "title" = ?, "slug" = ?, "featured_image" = ?, "content" = ?, "short_description" = ?, "author_name" = ?, "category" = ?, "is_featured" = ?, "views" = ?, "seo_title" = ?, "seo_description" = ?, "reading_time" = ?, "comment_count" = ?, "scheduled_at" = ?, "sub_section" = ?, "tags" = ?, "notes" = ?, "is_active" = ?, "updated_by" = ?, "updated_at" = ? where "blog_id" = ? returning *
2025-06-28 13:33:03 info: [0mPUT /api/v1/blog/updateblog [31m500[0m 209.238 ms - 550[0m
2025-06-28 13:33:35 info: 🚀 App listening on the port 8000. Current Env development.
2025-06-28 13:33:46 error: StatusCode : 400, Message : created_by must be an integer number
2025-06-28 13:33:46 info: [0mPUT /api/v1/blog/updateblog [33m400[0m 106.127 ms - 50[0m
2025-06-28 13:42:09 info: 🚀 App listening on the port 8000. Current Env development.
2025-06-28 13:42:19 info: [0mPUT /api/v1/blog/updateblog [33m404[0m 107.736 ms - 161[0m
2025-06-28 13:42:27 error: StatusCode : 400, Message : created_by must be an integer number
2025-06-28 13:42:27 info: [0mPUT /api/v1/blog/updateblog/1 [33m400[0m 13.476 ms - 50[0m
2025-06-28 13:43:03 info: 🚀 App listening on the port 8000. Current Env development.
2025-06-28 13:59:48 error: StatusCode : 400, Message : created_by must be an integer number
2025-06-28 13:59:48 info: [0mPUT /api/v1/blog/updateblog [33m400[0m 155.789 ms - 50[0m
2025-06-28 14:14:28 info: 🚀 App listening on the port 8000. Current Env development.
2025-06-28 14:14:41 info: 🚀 App listening on the port 8000. Current Env development.
2025-06-28 14:14:56 info: 🚀 App listening on the port 8000. Current Env development.
2025-06-28 14:15:10 info: 🚀 App listening on the port 8000. Current Env development.
2025-06-28 14:15:30 info: 🚀 App listening on the port 8000. Current Env development.
2025-06-28 15:36:47 error: StatusCode : 400, Message : created_by must be an integer number
2025-06-28 15:36:47 info: [0mPUT /api/v1/blog/updateblog [33m400[0m 158.355 ms - 50[0m
2025-06-28 15:52:23 info: 🚀 App listening on the port 8000. Current Env development.
2025-06-28 15:52:30 error: StatusCode : 500, Message : Undefined binding(s) detected when compiling UPDATE. Undefined column(s): [blog_id] query: update "blogs" set "title" = ?, "slug" = ?, "featured_image" = ?, "content" = ?, "short_description" = ?, "author_name" = ?, "category" = ?, "is_featured" = ?, "views" = ?, "seo_title" = ?, "seo_description" = ?, "reading_time" = ?, "comment_count" = ?, "scheduled_at" = ?, "sub_section" = ?, "tags" = ?, "notes" = ?, "is_active" = ?, "updated_by" = ?, "updated_at" = ? where "blog_id" = ? returning *
2025-06-28 15:52:30 info: [0mPUT /api/v1/blog/updateblog [31m500[0m 128.580 ms - 550[0m
2025-06-28 16:00:58 info: 🚀 App listening on the port 8000. Current Env development.
2025-06-28 16:01:02 error: StatusCode : 500, Message : Undefined binding(s) detected when compiling UPDATE. Undefined column(s): [blog_id] query: update "blogs" set "title" = ?, "slug" = ?, "featured_image" = ?, "content" = ?, "short_description" = ?, "author_name" = ?, "category" = ?, "is_featured" = ?, "views" = ?, "seo_title" = ?, "seo_description" = ?, "reading_time" = ?, "comment_count" = ?, "scheduled_at" = ?, "sub_section" = ?, "tags" = ?, "notes" = ?, "is_active" = ?, "updated_by" = ?, "updated_at" = ? where "blog_id" = ? returning *
2025-06-28 16:01:02 info: [0mPUT /api/v1/blog/updateblog [31m500[0m 216.399 ms - 550[0m
2025-06-28 16:01:05 error: StatusCode : 500, Message : Undefined binding(s) detected when compiling UPDATE. Undefined column(s): [blog_id] query: update "blogs" set "title" = ?, "slug" = ?, "featured_image" = ?, "content" = ?, "short_description" = ?, "author_name" = ?, "category" = ?, "is_featured" = ?, "views" = ?, "seo_title" = ?, "seo_description" = ?, "reading_time" = ?, "comment_count" = ?, "scheduled_at" = ?, "sub_section" = ?, "tags" = ?, "notes" = ?, "is_active" = ?, "updated_by" = ?, "updated_at" = ? where "blog_id" = ? returning *
2025-06-28 16:01:05 info: [0mPUT /api/v1/blog/updateblog [31m500[0m 12.070 ms - 550[0m
2025-06-28 16:01:10 error: StatusCode : 500, Message : Undefined binding(s) detected when compiling UPDATE. Undefined column(s): [blog_id] query: update "blogs" set "title" = ?, "slug" = ?, "featured_image" = ?, "content" = ?, "short_description" = ?, "author_name" = ?, "category" = ?, "is_featured" = ?, "views" = ?, "seo_title" = ?, "seo_description" = ?, "reading_time" = ?, "comment_count" = ?, "scheduled_at" = ?, "sub_section" = ?, "tags" = ?, "notes" = ?, "is_active" = ?, "updated_by" = ?, "updated_at" = ? where "blog_id" = ? returning *
2025-06-28 16:01:10 info: [0mPUT /api/v1/blog/updateblog [31m500[0m 6.674 ms - 550[0m
2025-06-28 16:19:53 info: 🚀 App listening on the port 8000. Current Env development.
2025-06-28 16:19:55 info: 🚀 App listening on the port 8000. Current Env development.
2025-06-28 16:19:57 info: 🚀 App listening on the port 8000. Current Env development.
2025-06-28 16:39:48 info: 🚀 App listening on the port 8000. Current Env development.
2025-06-28 16:39:52 info: 🚀 App listening on the port 8000. Current Env development.
2025-06-28 16:39:55 error: StatusCode : 404, Message : Blog not found or not updated
2025-06-28 16:39:55 info: [0mPUT /api/v1/blog/updateblog [33m404[0m 139.794 ms - 43[0m
2025-06-28 16:40:18 error: StatusCode : 400, Message : blog_id is required for update
2025-06-28 16:40:18 info: [0mPUT /api/v1/blog/updateblog [33m400[0m 8.482 ms - 44[0m
2025-06-28 16:40:23 error: StatusCode : 400, Message : blog_id is required for update
2025-06-28 16:40:23 info: [0mPUT /api/v1/blog/updateblog [33m400[0m 5.186 ms - 44[0m
2025-06-28 16:40:58 error: StatusCode : 400, Message : blog_id is required for update
2025-06-28 16:40:58 info: [0mPUT /api/v1/blog/updateblog [33m400[0m 8.090 ms - 44[0m
2025-06-28 16:41:00 error: StatusCode : 400, Message : blog_id is required for update
2025-06-28 16:41:00 info: [0mPUT /api/v1/blog/updateblog [33m400[0m 6.019 ms - 44[0m
2025-06-28 16:42:46 error: StatusCode : 404, Message : Blog not found or not updated
2025-06-28 16:42:46 info: [0mPUT /api/v1/blog/updateblog [33m404[0m 7.114 ms - 43[0m
2025-06-28 16:52:06 info: [0mPUT /api/v1/blog/updateblog [32m200[0m 19.379 ms - -[0m
2025-06-28 17:01:11 info: [0mPOST /api/v1/blog [33m404[0m 6.515 ms - 151[0m
2025-06-28 17:01:19 info: [0mPOST /api/v1/blog [33m404[0m 5.575 ms - 151[0m
2025-06-28 17:01:30 info: [0mPOST /api/v1/blog [33m404[0m 5.056 ms - 151[0m
2025-06-28 17:01:36 info: [0mPOST /api/v1/blog [33m404[0m 4.126 ms - 151[0m
2025-06-28 17:20:36 info: [0mPOST /api/v1/blog [33m404[0m 5.400 ms - 151[0m
2025-06-28 17:21:05 info: [0mPOST /api/v1/blog/deleteblog [32m200[0m 5.834 ms - -[0m
2025-06-28 17:26:03 info: [0mGET /api/v1/blog//editblog/1 [33m404[0m 4.702 ms - 162[0m
2025-06-28 17:26:37 info: [0mGET /api/v1/blog//editblog/1 [33m404[0m 3.037 ms - 162[0m
2025-06-28 17:28:44 info: [0mGET /api/v1/blog/editblog/1 [32m200[0m 8.119 ms - -[0m
2025-06-28 17:31:08 info: [0mGET /api/v1/blog/editblog/1 [32m200[0m 5.377 ms - -[0m
2025-06-28 17:31:33 info: [0mPOST /api/v1/blog/deleteblog [32m200[0m 5.229 ms - -[0m
2025-06-28 17:36:57 info: [0mPUT /api/v1/blog/updateblog [32m200[0m 5.343 ms - -[0m
2025-06-28 17:51:39 info: 🚀 App listening on the port 8000. Current Env development.
2025-06-28 18:13:45 info: 🚀 App listening on the port 8000. Current Env development.
2025-06-28 18:14:29 info: 🚀 App listening on the port 8000. Current Env development.
2025-06-28 18:15:59 info: 🚀 App listening on the port 8000. Current Env development.
2025-06-28 18:45:06 info: 🚀 App listening on the port 8000. Current Env development.
2025-06-28 18:45:53 info: 🚀 App listening on the port 8000. Current Env development.
2025-06-28 18:45:59 info: 🚀 App listening on the port 8000. Current Env development.
2025-06-28 18:46:01 info: 🚀 App listening on the port 8000. Current Env development.
2025-06-28 18:47:34 info: 🚀 App listening on the port 8000. Current Env development.
2025-06-28 18:52:30 info: [0mGET /api/v1/blog/getallblogs [32m200[0m 107.801 ms - 26[0m
2025-06-28 19:10:49 info: [0mGET /api/v1/blog/getallblogs [32m200[0m 8.578 ms - 26[0m
2025-06-28 19:10:59 info: [0mGET /api/v1/blog/getallblogs/1 [33m404[0m 5.762 ms - 164[0m
2025-06-28 19:11:07 info: [0mGET /api/v1/blog/getallblogs [32m200[0m 5.204 ms - 26[0m
2025-06-28 19:11:24 info: [0mGET /api/v1/blog/getallblogs:1 [33m404[0m 3.786 ms - 164[0m
2025-06-28 19:11:42 info: [0mGET /api/v1/blog/getallblogs [32m200[0m 3.622 ms - 26[0m
2025-06-28 19:11:54 info: 🚀 App listening on the port 8000. Current Env development.
2025-06-28 19:11:57 info: [0mGET /api/v1/blog/getallblogs [32m200[0m 97.833 ms - 26[0m
2025-06-28 19:12:36 info: 🚀 App listening on the port 8000. Current Env development.
2025-06-28 19:12:42 info: [0mGET /api/v1/blog/getallblogs/1 [32m200[0m 200.506 ms - 26[0m
2025-06-28 19:12:45 info: [0mGET /api/v1/blog/getallblogs/1 [32m200[0m 5.742 ms - 26[0m
2025-06-28 19:13:01 info: 🚀 App listening on the port 8000. Current Env development.
2025-06-28 19:14:59 info: 🚀 App listening on the port 8000. Current Env development.
2025-06-28 19:15:01 info: [0mGET /api/v1/blog/getallblogs [32m200[0m 106.541 ms - 26[0m
2025-06-28 19:17:35 info: [0mGET /api/v1/blog/getallblogs [32m200[0m 9.401 ms - -[0m
2025-06-28 19:54:59 info: 🚀 App listening on the port 8000. Current Env development.
2025-06-28 19:55:10 info: 🚀 App listening on the port 8000. Current Env development.
2025-06-28 19:55:52 info: 🚀 App listening on the port 8000. Current Env development.
2025-06-28 19:56:07 info: 🚀 App listening on the port 8000. Current Env development.
2025-06-28 19:59:51 info: 🚀 App listening on the port 8000. Current Env development.
2025-06-28 20:00:07 info: 🚀 App listening on the port 8000. Current Env development.
2025-06-28 20:01:45 info: 🚀 App listening on the port 8000. Current Env development.
2025-06-28 20:01:54 info: 🚀 App listening on the port 8000. Current Env development.
2025-06-28 20:02:11 info: 🚀 App listening on the port 8000. Current Env development.
2025-06-28 20:04:15 info: 🚀 App listening on the port 8000. Current Env development.
2025-06-28 20:05:09 info: 🚀 App listening on the port 8000. Current Env development.
2025-06-28 20:06:54 info: 🚀 App listening on the port 8000. Current Env development.
2025-06-28 20:07:01 info: 🚀 App listening on the port 8000. Current Env development.
2025-06-28 20:07:05 info: 🚀 App listening on the port 8000. Current Env development.
2025-06-28 20:09:12 info: 🚀 App listening on the port 8000. Current Env development.
2025-06-28 20:09:16 info: 🚀 App listening on the port 8000. Current Env development.
2025-06-28 20:14:51 info: 🚀 App listening on the port 8000. Current Env development.
2025-06-28 20:16:00 info: 🚀 App listening on the port 8000. Current Env development.
2025-06-28 20:16:40 info: 🚀 App listening on the port 8000. Current Env development.
2025-06-28 20:16:49 info: 🚀 App listening on the port 8000. Current Env development.
2025-06-28 20:17:22 info: 🚀 App listening on the port 8000. Current Env development.
2025-06-28 20:26:25 info: 🚀 App listening on the port 8000. Current Env development.
2025-06-28 20:26:31 info: 🚀 App listening on the port 8000. Current Env development.
2025-06-28 20:26:39 info: 🚀 App listening on the port 8000. Current Env development.
2025-06-28 20:28:06 info: [0mGET /api/v1/blog/getDeletedblog [32m200[0m 215.631 ms - 26[0m
2025-06-28 20:39:44 info: 🚀 App listening on the port 8000. Current Env development.
