2025-07-02 10:21:27 info: 🚀 App listening on the port 8000. Current Env development.
2025-07-02 10:29:20 info: [0mPOST /api/v1/users/login [32m200[0m 325.450 ms - -[0m
2025-07-02 10:30:43 info: [0mPOST /api/v1/notification/getnotification [32m200[0m 13.495 ms - 644[0m
2025-07-02 10:32:11 info: [0mGET /api/v1/notification/read/1 [32m200[0m 39.196 ms - 373[0m
2025-07-02 10:32:22 error: StatusCode : 400, Message :  Notification is null
2025-07-02 10:32:22 info: [0mGET /api/v1/notification/read/1 [33m400[0m 6.394 ms - 35[0m
2025-07-02 10:32:24 error: StatusCode : 400, Message :  Notification is null
2025-07-02 10:32:24 info: [0mGET /api/v1/notification/read/1 [33m400[0m 6.829 ms - 35[0m
2025-07-02 10:32:27 error: StatusCode : 400, Message :  Notification is null
2025-07-02 10:32:27 info: [0mGET /api/v1/notification/read/1 [33m400[0m 5.801 ms - 35[0m
2025-07-02 10:32:56 info: [0mPOST /api/v1/notification/read-all [32m200[0m 7.205 ms - 53[0m
2025-07-02 10:33:00 info: [0mPOST /api/v1/notification/read-all [32m200[0m 4.995 ms - 53[0m
2025-07-02 10:33:02 info: [0mPOST /api/v1/notification/read-all [32m200[0m 11.301 ms - 53[0m
2025-07-02 10:33:05 info: [0mPOST /api/v1/notification/read-all [32m200[0m 6.319 ms - 53[0m
2025-07-02 10:33:10 info: [0mPOST /api/v1/notification/read-all [32m200[0m 4.209 ms - 53[0m
2025-07-02 10:35:24 error: StatusCode : 401, Message : Wrong authentication token
2025-07-02 10:35:24 info: [0mGET /api/v1/notification/count [33m401[0m 4.302 ms - 40[0m
2025-07-02 10:37:51 info: 🚀 App listening on the port 8000. Current Env development.
2025-07-02 10:37:59 info: [0mGET /api/v1/notification/count/1 [33m404[0m 98.313 ms - 166[0m
2025-07-02 10:38:12 info: [0mGET /api/v1/notification/count/101 [33m404[0m 4.852 ms - 168[0m
2025-07-02 10:38:13 info: [0mGET /api/v1/notification/count/101 [33m404[0m 3.399 ms - 168[0m
2025-07-02 10:38:14 info: [0mGET /api/v1/notification/count/101 [33m404[0m 4.082 ms - 168[0m
2025-07-02 10:38:15 info: [0mGET /api/v1/notification/count/101 [33m404[0m 3.919 ms - 168[0m
2025-07-02 10:38:15 info: [0mGET /api/v1/notification/count/101 [33m404[0m 4.136 ms - 168[0m
2025-07-02 10:38:16 info: [0mGET /api/v1/notification/count/101 [33m404[0m 5.635 ms - 168[0m
2025-07-02 10:38:16 info: [0mGET /api/v1/notification/count/101 [33m404[0m 4.853 ms - 168[0m
2025-07-02 10:49:13 info: 🚀 App listening on the port 8000. Current Env development.
2025-07-02 10:49:19 error: StatusCode : 404, Message : Notification not found
2025-07-02 10:49:19 info: [0mGET /api/v1/notification/count/1 [33m404[0m 110.018 ms - 36[0m
2025-07-02 10:49:21 error: StatusCode : 404, Message : Notification not found
2025-07-02 10:49:21 info: [0mGET /api/v1/notification/count/1 [33m404[0m 7.974 ms - 36[0m
2025-07-02 10:49:23 error: StatusCode : 404, Message : Notification not found
2025-07-02 10:49:23 info: [0mGET /api/v1/notification/count/1 [33m404[0m 8.118 ms - 36[0m
2025-07-02 10:49:35 error: StatusCode : 404, Message : Notification not found
2025-07-02 10:49:35 info: [0mGET /api/v1/notification/count/2 [33m404[0m 4.885 ms - 36[0m
2025-07-02 10:49:41 error: StatusCode : 404, Message : Notification not found
2025-07-02 10:49:41 info: [0mGET /api/v1/notification/count/1 [33m404[0m 5.202 ms - 36[0m
2025-07-02 10:59:27 error: StatusCode : 404, Message : Notification not found
2025-07-02 10:59:27 info: [0mGET /api/v1/notification/count/1 [33m404[0m 5.356 ms - 36[0m
2025-07-02 10:59:29 error: StatusCode : 404, Message : Notification not found
2025-07-02 10:59:29 info: [0mGET /api/v1/notification/count/1 [33m404[0m 3.953 ms - 36[0m
2025-07-02 11:01:13 info: 🚀 App listening on the port 8000. Current Env development.
2025-07-02 11:01:26 error: StatusCode : 404, Message : Notification not found
2025-07-02 11:01:26 info: [0mGET /api/v1/notification/count/1 [33m404[0m 206.860 ms - 36[0m
2025-07-02 11:01:27 error: StatusCode : 404, Message : Notification not found
2025-07-02 11:01:27 info: [0mGET /api/v1/notification/count/1 [33m404[0m 7.418 ms - 36[0m
2025-07-02 11:01:38 info: [0mPOST /api/v1/notification/read-all [32m200[0m 54.249 ms - 53[0m
2025-07-02 11:01:39 info: [0mPOST /api/v1/notification/read-all [32m200[0m 6.304 ms - 53[0m
2025-07-02 11:01:40 info: [0mPOST /api/v1/notification/read-all [32m200[0m 5.563 ms - 53[0m
2025-07-02 11:14:07 info: 🚀 App listening on the port 8000. Current Env development.
2025-07-02 11:14:13 info: [0mGET /api/v1/notification/read/1 [32m200[0m 114.474 ms - 373[0m
2025-07-02 11:14:19 error: StatusCode : 400, Message :  Notification is null
2025-07-02 11:14:19 info: [0mGET /api/v1/notification/read/1 [33m400[0m 6.904 ms - 35[0m
2025-07-02 11:14:20 error: StatusCode : 400, Message :  Notification is null
2025-07-02 11:14:20 info: [0mGET /api/v1/notification/read/1 [33m400[0m 5.024 ms - 35[0m
2025-07-02 11:14:38 info: [0mGET /api/v1/notification/read/2 [32m200[0m 6.111 ms - 370[0m
2025-07-02 11:15:02 error: StatusCode : 400, Message :  Notification is null
2025-07-02 11:15:02 info: [0mGET /api/v1/notification/read/101 [33m400[0m 6.451 ms - 35[0m
2025-07-02 11:15:07 error: StatusCode : 400, Message :  Notification is null
2025-07-02 11:15:07 info: [0mGET /api/v1/notification/read/103 [33m400[0m 5.252 ms - 35[0m
2025-07-02 11:15:09 error: StatusCode : 400, Message :  Notification is null
2025-07-02 11:15:09 info: [0mGET /api/v1/notification/read/103 [33m400[0m 4.620 ms - 35[0m
2025-07-02 11:15:15 error: StatusCode : 400, Message :  Notification is null
2025-07-02 11:15:15 info: [0mGET /api/v1/notification/read/1 [33m400[0m 4.987 ms - 35[0m
2025-07-02 11:15:20 error: StatusCode : 400, Message :  Notification is null
2025-07-02 11:15:20 info: [0mGET /api/v1/notification/read/3 [33m400[0m 8.494 ms - 35[0m
2025-07-02 11:16:51 info: 🚀 App listening on the port 8000. Current Env development.
2025-07-02 11:18:36 info: 🚀 App listening on the port 8000. Current Env development.
2025-07-02 11:20:19 info: 🚀 App listening on the port 8000. Current Env development.
2025-07-02 11:28:48 info: 🚀 App listening on the port 8000. Current Env development.
2025-07-02 11:29:19 info: 🚀 App listening on the port 8000. Current Env development.
2025-07-02 11:31:03 info: [0mGET /api/v1/notification/count [33m404[0m 135.661 ms - 164[0m
2025-07-02 11:31:18 info: [0mGET /api/v1/notification/count [33m404[0m 5.118 ms - 164[0m
2025-07-02 11:31:26 info: [0mGET /api/v1/notification/count [33m404[0m 4.542 ms - 164[0m
2025-07-02 11:33:32 info: 🚀 App listening on the port 8000. Current Env development.
2025-07-02 11:34:21 info: 🚀 App listening on the port 8000. Current Env development.
2025-07-02 11:34:39 info: 🚀 App listening on the port 8000. Current Env development.
2025-07-02 11:34:43 info: [0mGET /api/v1/notification/count [33m404[0m 115.290 ms - 164[0m
2025-07-02 11:34:51 info: [0mGET /api/v1/notification/count [33m404[0m 4.918 ms - 164[0m
2025-07-02 11:34:59 info: [0mGET /api/v1/notification/count [33m404[0m 5.473 ms - 164[0m
2025-07-02 11:37:48 info: 🚀 App listening on the port 8000. Current Env development.
2025-07-02 11:38:27 info: 🚀 App listening on the port 8000. Current Env development.
2025-07-02 11:40:50 info: 🚀 App listening on the port 8000. Current Env development.
2025-07-02 11:40:54 info: 🚀 App listening on the port 8000. Current Env development.
2025-07-02 11:46:52 info: 🚀 App listening on the port 8000. Current Env development.
2025-07-02 11:51:24 info: 🚀 App listening on the port 8000. Current Env development.
2025-07-02 11:56:47 info: 🚀 App listening on the port 8000. Current Env development.
2025-07-02 11:58:18 info: 🚀 App listening on the port 8000. Current Env development.
2025-07-02 11:58:56 info: 🚀 App listening on the port 8000. Current Env development.
2025-07-02 11:58:59 error: StatusCode : 404, Message : Notification not found
2025-07-02 11:58:59 info: [0mGET /api/v1/notification/count/101 [33m404[0m 110.070 ms - 36[0m
2025-07-02 11:59:26 error: StatusCode : 404, Message : Notification not found
2025-07-02 11:59:26 info: [0mGET /api/v1/notification/count/102 [33m404[0m 6.712 ms - 36[0m
2025-07-02 12:01:31 info: 🚀 App listening on the port 8000. Current Env development.
2025-07-02 12:01:37 error: StatusCode : 404, Message : Notification not found
2025-07-02 12:01:37 info: [0mGET /api/v1/notification/count/102 [33m404[0m 96.131 ms - 36[0m
2025-07-02 12:01:39 error: StatusCode : 404, Message : Notification not found
2025-07-02 12:01:39 info: [0mGET /api/v1/notification/count/102 [33m404[0m 5.968 ms - 36[0m
2025-07-02 12:01:43 error: StatusCode : 404, Message : Notification not found
2025-07-02 12:01:43 info: [0mGET /api/v1/notification/count/101 [33m404[0m 6.031 ms - 36[0m
2025-07-02 12:01:45 error: StatusCode : 404, Message : Notification not found
2025-07-02 12:01:45 info: [0mGET /api/v1/notification/count/101 [33m404[0m 4.388 ms - 36[0m
2025-07-02 12:04:25 info: 🚀 App listening on the port 8000. Current Env development.
2025-07-02 12:04:31 error: StatusCode : 404, Message : Notification not found
2025-07-02 12:04:31 info: [0mGET /api/v1/notification/count/101 [33m404[0m 97.427 ms - 36[0m
2025-07-02 12:05:33 info: [0mGET /api/v1/notification/count/101 [32m200[0m 6.510 ms - 67[0m
2025-07-02 12:05:44 info: [0mGET /api/v1/notification/count/101 [32m200[0m 4.412 ms - 67[0m
2025-07-02 12:05:45 info: [0mGET /api/v1/notification/count/101 [32m200[0m 3.854 ms - 67[0m
2025-07-02 12:05:48 info: [0mGET /api/v1/notification/count/101 [32m200[0m 4.269 ms - 67[0m
2025-07-02 12:05:54 info: [0mGET /api/v1/notification/count/101 [32m200[0m 3.918 ms - 67[0m
2025-07-02 12:06:20 info: [0mGET /api/v1/notification/count/101 [32m200[0m 3.624 ms - 67[0m
2025-07-02 12:10:27 info: 🚀 App listening on the port 8000. Current Env development.
2025-07-02 12:10:30 info: [0mGET /api/v1/notification/count/101 [32m200[0m 98.400 ms - 76[0m
2025-07-02 12:10:31 info: [0mGET /api/v1/notification/count/101 [32m200[0m 15.741 ms - 76[0m
2025-07-02 12:10:35 info: [0mGET /api/v1/notification/count/101 [32m200[0m 4.980 ms - 76[0m
2025-07-02 12:10:36 info: [0mGET /api/v1/notification/count/101 [32m200[0m 4.075 ms - 76[0m
2025-07-02 12:10:41 info: [0mGET /api/v1/notification/count/101 [32m200[0m 5.275 ms - 76[0m
2025-07-02 12:10:44 info: [0mGET /api/v1/notification/count/101 [32m200[0m 3.687 ms - 76[0m
2025-07-02 13:23:53 info: 🚀 App listening on the port 8000. Current Env development.
2025-07-02 13:40:12 info: 🚀 App listening on the port 8000. Current Env development.
2025-07-02 13:44:15 info: 🚀 App listening on the port 8000. Current Env development.
2025-07-02 13:44:22 info: 🚀 App listening on the port 8000. Current Env development.
2025-07-02 13:45:24 info: 🚀 App listening on the port 8000. Current Env development.
2025-07-02 13:48:46 info: 🚀 App listening on the port 8000. Current Env development.
2025-07-02 13:48:54 info: 🚀 App listening on the port 8000. Current Env development.
2025-07-02 13:50:52 info: 🚀 App listening on the port 8000. Current Env development.
2025-07-02 13:51:46 info: 🚀 App listening on the port 8000. Current Env development.
2025-07-02 13:52:22 info: 🚀 App listening on the port 8000. Current Env development.
2025-07-02 13:53:21 info: 🚀 App listening on the port 8000. Current Env development.
2025-07-02 13:53:41 info: 🚀 App listening on the port 8000. Current Env development.
2025-07-02 13:54:09 info: 🚀 App listening on the port 8000. Current Env development.
2025-07-02 13:54:43 info: 🚀 App listening on the port 8000. Current Env development.
2025-07-02 13:55:03 info: 🚀 App listening on the port 8000. Current Env development.
2025-07-02 13:59:10 info: 🚀 App listening on the port 8000. Current Env development.
2025-07-02 14:00:00 info: 🚀 App listening on the port 8000. Current Env development.
2025-07-02 14:07:33 info: 🚀 App listening on the port 8000. Current Env development.
2025-07-02 15:36:37 info: 🚀 App listening on the port 8000. Current Env development.
2025-07-02 15:38:32 info: 🚀 App listening on the port 8000. Current Env development.
2025-07-02 15:39:57 info: 🚀 App listening on the port 8000. Current Env development.
2025-07-02 15:46:27 info: 🚀 App listening on the port 8000. Current Env development.
2025-07-02 15:50:49 info: 🚀 App listening on the port 8000. Current Env development.
2025-07-02 15:51:10 info: 🚀 App listening on the port 8000. Current Env development.
2025-07-02 16:06:19 info: 🚀 App listening on the port 8000. Current Env development.
2025-07-02 16:07:25 info: [0mGET /api/v1/permission/getpermission/1 [33m404[0m 112.773 ms - 172[0m
2025-07-02 16:07:27 info: [0mGET /api/v1/permission/getpermission/1 [33m404[0m 4.959 ms - 172[0m
2025-07-02 16:14:47 info: [0mGET /api/v1/permission/getpermission/1 [33m404[0m 3.906 ms - 172[0m
2025-07-02 16:16:48 info: 🚀 App listening on the port 8000. Current Env development.
2025-07-02 16:16:51 info: [0mGET /api/v1/permission/getpermission [33m404[0m 100.392 ms - 170[0m
2025-07-02 16:16:53 info: [0mGET /api/v1/permission/getpermission [33m404[0m 5.468 ms - 170[0m
2025-07-02 16:28:54 info: 🚀 App listening on the port 8000. Current Env development.
2025-07-02 16:28:59 info: [0mGET /api/v1/permission/getpermission [33m404[0m 103.430 ms - 170[0m
2025-07-02 16:30:14 info: [0mGET /api/v1/permission/getpermission [33m404[0m 5.709 ms - 170[0m
2025-07-02 16:37:29 info: 🚀 App listening on the port 8000. Current Env development.
2025-07-02 16:37:55 info: [0mGET /api/v1/permission/getpermission [33m404[0m 207.064 ms - 170[0m
2025-07-02 16:41:34 info: 🚀 App listening on the port 8000. Current Env development.
2025-07-02 16:42:20 info: [0mGET /api/v1/permission/getpermission [33m404[0m 111.469 ms - 170[0m
2025-07-02 16:42:57 info: 🚀 App listening on the port 8000. Current Env development.
2025-07-02 16:47:13 info: 🚀 App listening on the port 8000. Current Env development.
2025-07-02 16:47:53 error: StatusCode : 500, Message : Error fetching Permission
2025-07-02 16:47:53 info: [0mGET /api/v1/permission/getpermission [31m500[0m 148.074 ms - 39[0m
2025-07-02 16:47:57 error: StatusCode : 500, Message : Error fetching Permission
2025-07-02 16:47:57 info: [0mGET /api/v1/permission/getpermission [31m500[0m 16.257 ms - 39[0m
2025-07-02 16:47:59 error: StatusCode : 500, Message : Error fetching Permission
2025-07-02 16:47:59 info: [0mGET /api/v1/permission/getpermission [31m500[0m 5.574 ms - 39[0m
2025-07-02 16:48:22 info: 🚀 App listening on the port 8000. Current Env development.
2025-07-02 16:50:15 info: 🚀 App listening on the port 8000. Current Env development.
2025-07-02 16:50:22 info: [0mGET /api/v1/permission/getpermission [32m200[0m 121.330 ms - 537[0m
2025-07-02 16:50:33 info: [0mGET /api/v1/permission/getpermission [32m200[0m 7.549 ms - 537[0m
2025-07-02 16:51:34 info: [0mGET /api/v1/permission/getpermission [32m200[0m 13.072 ms - -[0m
2025-07-02 17:35:17 info: 🚀 App listening on the port 8000. Current Env development.
2025-07-02 17:35:20 info: 🚀 App listening on the port 8000. Current Env development.
2025-07-02 17:35:30 info: 🚀 App listening on the port 8000. Current Env development.
2025-07-02 17:39:22 info: [0mPOST /api/v1/permission/insertpermission [32m201[0m 153.449 ms - 314[0m
2025-07-02 17:42:17 error: StatusCode : 500, Message : insert into "permission" ("created_at", "description", "is_critical", "label", "module", "name") values ($1, $2, $3, $4, $5, $6) returning * - duplicate key value violates unique constraint "permission_name_unique"
2025-07-02 17:42:17 info: [0mPOST /api/v1/permission/insertpermission [31m500[0m 17.137 ms - 244[0m
2025-07-02 17:42:18 error: StatusCode : 500, Message : insert into "permission" ("created_at", "description", "is_critical", "label", "module", "name") values ($1, $2, $3, $4, $5, $6) returning * - duplicate key value violates unique constraint "permission_name_unique"
2025-07-02 17:42:18 info: [0mPOST /api/v1/permission/insertpermission [31m500[0m 11.118 ms - 244[0m
2025-07-02 18:01:10 info: 🚀 App listening on the port 8000. Current Env development.
2025-07-02 18:01:50 info: 🚀 App listening on the port 8000. Current Env development.
2025-07-02 18:01:52 info: 🚀 App listening on the port 8000. Current Env development.
2025-07-02 18:01:59 info: 🚀 App listening on the port 8000. Current Env development.
2025-07-02 18:03:36 error: StatusCode : 400, Message : name should not be empty, name must be a string
2025-07-02 18:03:36 info: [0mPUT /api/v1/permission/updatepermissionid [33m400[0m 116.964 ms - 61[0m
2025-07-02 18:05:27 info: 🚀 App listening on the port 8000. Current Env development.
2025-07-02 18:05:54 error: StatusCode : 400, Message : name should not be empty, name must be a string
2025-07-02 18:05:54 info: [0mPUT /api/v1/permission/updatepermissionid [33m400[0m 203.178 ms - 61[0m
2025-07-02 18:05:55 error: StatusCode : 400, Message : name should not be empty, name must be a string
2025-07-02 18:05:55 info: [0mPUT /api/v1/permission/updatepermissionid [33m400[0m 7.197 ms - 61[0m
2025-07-02 18:09:08 info: 🚀 App listening on the port 8000. Current Env development.
2025-07-02 18:09:24 error: StatusCode : 500, Message : Undefined binding(s) detected when compiling UPDATE. Undefined column(s): [permission_id] query: update "permission" set "name" = ?, "label" = ?, "module" = ?, "description" = ?, "is_critical" = ?, "updated_at" = ?, "updated_by" = ? where "permission_id" = ? returning *
2025-07-02 18:09:24 info: [0mPUT /api/v1/permission/updatepermissionid/1 [31m500[0m 131.817 ms - 302[0m
2025-07-02 18:09:27 error: StatusCode : 500, Message : Undefined binding(s) detected when compiling UPDATE. Undefined column(s): [permission_id] query: update "permission" set "name" = ?, "label" = ?, "module" = ?, "description" = ?, "is_critical" = ?, "updated_at" = ?, "updated_by" = ? where "permission_id" = ? returning *
2025-07-02 18:09:27 info: [0mPUT /api/v1/permission/updatepermissionid/1 [31m500[0m 12.784 ms - 302[0m
2025-07-02 18:09:46 error: StatusCode : 500, Message : Undefined binding(s) detected when compiling UPDATE. Undefined column(s): [permission_id] query: update "permission" set "name" = ?, "label" = ?, "module" = ?, "description" = ?, "is_critical" = ?, "updated_at" = ?, "updated_by" = ? where "permission_id" = ? returning *
2025-07-02 18:09:46 info: [0mPUT /api/v1/permission/updatepermissionid/4 [31m500[0m 4.868 ms - 302[0m
2025-07-02 18:09:47 error: StatusCode : 500, Message : Undefined binding(s) detected when compiling UPDATE. Undefined column(s): [permission_id] query: update "permission" set "name" = ?, "label" = ?, "module" = ?, "description" = ?, "is_critical" = ?, "updated_at" = ?, "updated_by" = ? where "permission_id" = ? returning *
2025-07-02 18:09:47 info: [0mPUT /api/v1/permission/updatepermissionid/4 [31m500[0m 6.863 ms - 302[0m
2025-07-02 18:10:36 error: StatusCode : 404, Message : Permission not found or not updated
2025-07-02 18:10:36 info: [0mPUT /api/v1/permission/updatepermissionid/4 [33m404[0m 9.829 ms - 49[0m
2025-07-02 18:11:59 info: [0mPUT /api/v1/permission/updatepermissionid/4 [32m200[0m 8.324 ms - 324[0m
2025-07-02 19:20:36 info: 🚀 App listening on the port 8000. Current Env development.
2025-07-02 19:24:32 info: 🚀 App listening on the port 8000. Current Env development.
2025-07-02 19:26:45 info: 🚀 App listening on the port 8000. Current Env development.
2025-07-02 19:32:39 info: 🚀 App listening on the port 8000. Current Env development.
2025-07-02 19:33:37 info: 🚀 App listening on the port 8000. Current Env development.
2025-07-02 19:34:22 info: 🚀 App listening on the port 8000. Current Env development.
2025-07-02 20:04:28 info: 🚀 App listening on the port 8000. Current Env development.
2025-07-02 20:05:52 info: 🚀 App listening on the port 8000. Current Env development.
2025-07-02 20:14:40 info: [0mGET /api/v1/role//getrole [33m404[0m 292.642 ms - 159[0m
2025-07-02 20:18:06 info: [0mGET /api/v1/role//getrole [33m404[0m 5.037 ms - 159[0m
2025-07-02 20:18:07 info: [0mGET /api/v1/role//getrole [33m404[0m 3.820 ms - 159[0m
2025-07-02 20:18:32 error: StatusCode : 500, Message : Error fetching Role
2025-07-02 20:18:32 info: [0mGET /api/v1/role/getrole [31m500[0m 17.525 ms - 33[0m
2025-07-02 20:19:55 info: 🚀 App listening on the port 8000. Current Env development.
2025-07-02 20:19:59 info: [0mGET /api/v1/role/getrole [32m200[0m 114.807 ms - 944[0m
