2025-07-04 10:32:48 info: 🚀 App listening on the port 8000. Current Env development.
2025-07-04 10:33:24 info: [0mPOST /api/v1/users/login [32m200[0m 186.999 ms - -[0m
2025-07-04 10:34:08 error: StatusCode : 400, Message : category_id should not be empty, category_id must be an integer number
2025-07-04 10:34:08 info: [0mPOST /api/v1/category/insertcategory [33m400[0m 15.320 ms - 84[0m
2025-07-04 11:26:04 error: StatusCode : 400, Message : category_id should not be empty, category_id must be an integer number
2025-07-04 11:26:04 info: [0mPOST /api/v1/category/insertcategory [33m400[0m 27.896 ms - 84[0m
2025-07-04 11:44:46 error: StatusCode : 400, Message : category_id should not be empty, category_id must be an integer number
2025-07-04 11:44:46 info: [0mPOST /api/v1/category/insertcategory [33m400[0m 7.182 ms - 84[0m
2025-07-04 11:47:56 info: 🚀 App listening on the port 8000. Current Env development.
2025-07-04 11:48:01 error: StatusCode : 400, Message : category_id should not be empty, category_id must be an integer number
2025-07-04 11:48:01 info: [0mPOST /api/v1/category/insertcategory [33m400[0m 117.800 ms - 84[0m
2025-07-04 11:48:20 error: StatusCode : 400, Message : category_id should not be empty, category_id must be an integer number
2025-07-04 11:48:20 info: [0mPOST /api/v1/category/insertcategory [33m400[0m 7.012 ms - 84[0m
2025-07-04 11:49:31 info: 🚀 App listening on the port 8000. Current Env development.
2025-07-04 11:49:33 error: StatusCode : 400, Message : category_id should not be empty, category_id must be an integer number
2025-07-04 11:49:33 info: [0mPOST /api/v1/category/insertcategory [33m400[0m 113.821 ms - 84[0m
2025-07-04 11:51:09 info: 🚀 App listening on the port 8000. Current Env development.
2025-07-04 11:52:21 info: 🚀 App listening on the port 8000. Current Env development.
2025-07-04 11:52:47 info: 🚀 App listening on the port 8000. Current Env development.
2025-07-04 11:53:16 info: [0mPOST /api/v1/category/insertcategory [0m-[0m - ms - -[0m
2025-07-04 11:54:46 info: [0mPOST /api/v1/category/insertcategory [0m-[0m - ms - -[0m
2025-07-04 11:54:59 info: 🚀 App listening on the port 8000. Current Env development.
2025-07-04 11:55:42 info: 🚀 App listening on the port 8000. Current Env development.
2025-07-04 11:57:43 info: 🚀 App listening on the port 8000. Current Env development.
2025-07-04 11:58:07 info: [0mPOST /api/v1/category/insertcategory [0m-[0m - ms - -[0m
2025-07-04 11:59:48 info: 🚀 App listening on the port 8000. Current Env development.
2025-07-04 11:59:57 info: 🚀 App listening on the port 8000. Current Env development.
2025-07-04 12:00:02 info: 🚀 App listening on the port 8000. Current Env development.
2025-07-04 12:00:06 info: 🚀 App listening on the port 8000. Current Env development.
2025-07-04 12:00:15 info: 🚀 App listening on the port 8000. Current Env development.
2025-07-04 12:00:41 info: 🚀 App listening on the port 8000. Current Env development.
2025-07-04 12:00:57 info: 🚀 App listening on the port 8000. Current Env development.
2025-07-04 12:01:27 info: 🚀 App listening on the port 8000. Current Env development.
2025-07-04 12:01:35 info: 🚀 App listening on the port 8000. Current Env development.
2025-07-04 12:02:16 info: 🚀 App listening on the port 8000. Current Env development.
2025-07-04 12:02:19 info: 🚀 App listening on the port 8000. Current Env development.
2025-07-04 12:02:58 info: 🚀 App listening on the port 8000. Current Env development.
2025-07-04 12:04:28 error: StatusCode : 500, Message : insert into "category" ("created_by", "is_active", "name", "notes", "slug", "tags", "value") values ($1, $2, $3, $4, $5, $6, $7) returning * - column "tags" of relation "category" does not exist
2025-07-04 12:04:28 info: [0mPOST /api/v1/category/insertcategory [31m500[0m 132.550 ms - 228[0m
2025-07-04 12:05:00 info: [0mPOST /api/v1/category/insertcategory [32m201[0m 23.071 ms - 426[0m
2025-07-04 12:24:54 info: [0mPOST /api/v1/category/insertcategory [32m201[0m 7.779 ms - 486[0m
2025-07-04 12:29:51 info: [0mPUT /api/v1/category/updatecategory [32m200[0m 29.658 ms - 470[0m
2025-07-04 12:34:29 info: [0mGET /api/v1/category/editcategory/1 [32m200[0m 7.477 ms - 470[0m
2025-07-04 12:37:31 info: [0mPOST /api/v1/category/deletecategory [32m200[0m 5.295 ms - 468[0m
2025-07-04 12:40:58 info: [0mPOST /api/v1/category/getprojectcategory/1 [32m200[0m 6.194 ms - 63[0m
2025-07-04 12:41:14 info: [0mPOST /api/v1/category/getprojectcategory/1 [32m200[0m 9.223 ms - 63[0m
2025-07-04 12:43:13 info: [0mPOST /api/v1/category/getprojectcategory/1 [32m200[0m 5.396 ms - 63[0m
2025-07-04 12:43:15 info: [0mPOST /api/v1/category/getprojectcategory/1 [32m200[0m 3.623 ms - 63[0m
2025-07-04 12:43:39 info: [0mPOST /api/v1/category/getprojectcategory/2 [32m200[0m 3.920 ms - 63[0m
2025-07-04 12:43:47 info: [0mPOST /api/v1/category/getprojectcategory [33m404[0m 5.524 ms - 174[0m
2025-07-04 12:43:56 info: [0mPOST /api/v1/category/getprojectcategory/1 [32m200[0m 3.085 ms - 63[0m
2025-07-04 12:44:28 info: [0mPOST /api/v1/category/getprojectcategory/1 [32m200[0m 3.872 ms - 63[0m
2025-07-04 12:47:41 info: [0mGET /api/v1/category/projects?category=video-editing [32m200[0m 5.153 ms - 75[0m
2025-07-04 15:10:21 info: 🚀 App listening on the port 8000. Current Env development.
2025-07-04 15:16:42 info: 🚀 App listening on the port 8000. Current Env development.
2025-07-04 15:18:42 info: 🚀 App listening on the port 8000. Current Env development.
2025-07-04 15:19:46 info: 🚀 App listening on the port 8000. Current Env development.
2025-07-04 15:20:12 info: 🚀 App listening on the port 8000. Current Env development.
2025-07-04 15:22:24 info: 🚀 App listening on the port 8000. Current Env development.
2025-07-04 15:23:08 info: 🚀 App listening on the port 8000. Current Env development.
2025-07-04 15:23:32 info: 🚀 App listening on the port 8000. Current Env development.
2025-07-04 15:23:57 info: 🚀 App listening on the port 8000. Current Env development.
2025-07-04 15:33:39 info: 🚀 App listening on the port 8000. Current Env development.
2025-07-04 15:33:55 info: 🚀 App listening on the port 8000. Current Env development.
2025-07-04 15:42:11 info: 🚀 App listening on the port 8000. Current Env development.
2025-07-04 15:42:36 info: 🚀 App listening on the port 8000. Current Env development.
2025-07-04 15:43:28 info: 🚀 App listening on the port 8000. Current Env development.
2025-07-04 15:43:35 info: 🚀 App listening on the port 8000. Current Env development.
2025-07-04 15:51:22 info: 🚀 App listening on the port 8000. Current Env development.
2025-07-04 15:51:57 info: 🚀 App listening on the port 8000. Current Env development.
2025-07-04 15:56:08 info: 🚀 App listening on the port 8000. Current Env development.
2025-07-04 16:14:25 info: 🚀 App listening on the port 8000. Current Env development.
2025-07-04 16:15:46 info: 🚀 App listening on the port 8000. Current Env development.
2025-07-04 16:46:40 info: 🚀 App listening on the port 8000. Current Env development.
2025-07-04 16:46:49 info: 🚀 App listening on the port 8000. Current Env development.
2025-07-04 16:47:09 info: 🚀 App listening on the port 8000. Current Env development.
2025-07-04 16:59:04 info: 🚀 App listening on the port 8000. Current Env development.
2025-07-04 16:59:07 info: 🚀 App listening on the port 8000. Current Env development.
2025-07-04 17:04:01 error: StatusCode : 500, Message : Method not implemented.
2025-07-04 17:04:01 info: [0mPOST /api/v1/role/assignpermission/1 [31m500[0m 98.152 ms - 37[0m
2025-07-04 17:04:26 error: StatusCode : 500, Message : Method not implemented.
2025-07-04 17:04:26 info: [0mPOST /api/v1/role/assignpermission/2 [31m500[0m 5.206 ms - 37[0m
2025-07-04 17:18:07 info: 🚀 App listening on the port 8000. Current Env development.
2025-07-04 17:18:09 info: 🚀 App listening on the port 8000. Current Env development.
2025-07-04 17:33:54 info: [0mPOST /api/v1/role/assignpermission [33m404[0m 99.877 ms - 168[0m
2025-07-04 17:34:03 error: StatusCode : 500, Message : Method not implemented.
2025-07-04 17:34:03 info: [0mPOST /api/v1/role/assignpermission/1 [31m500[0m 7.878 ms - 37[0m
2025-07-04 17:45:09 info: 🚀 App listening on the port 8000. Current Env development.
2025-07-04 18:01:39 info: 🚀 App listening on the port 8000. Current Env development.
2025-07-04 18:01:50 info: 🚀 App listening on the port 8000. Current Env development.
2025-07-04 18:03:07 info: 🚀 App listening on the port 8000. Current Env development.
2025-07-04 18:05:16 error: StatusCode : 500, Message : Method not implemented.
2025-07-04 18:05:16 info: [0mPOST /api/v1/role/assignpermission/1 [31m500[0m 90.935 ms - 37[0m
2025-07-04 18:14:27 info: 🚀 App listening on the port 8000. Current Env development.
2025-07-04 18:16:09 error: StatusCode : 500, Message : Method not implemented.
2025-07-04 18:16:09 info: [0mPOST /api/v1/role/assignpermission/1 [31m500[0m 101.191 ms - 37[0m
2025-07-04 18:16:11 error: StatusCode : 500, Message : Method not implemented.
2025-07-04 18:16:11 info: [0mPOST /api/v1/role/assignpermission/1 [31m500[0m 63.938 ms - 37[0m
2025-07-04 18:22:15 info: 🚀 App listening on the port 8000. Current Env development.
2025-07-04 18:22:25 error: StatusCode : 500, Message : Method not implemented.
2025-07-04 18:22:25 info: [0mPOST /api/v1/role/assignpermission/1 [31m500[0m 100.501 ms - 37[0m
2025-07-04 18:22:28 error: StatusCode : 500, Message : Method not implemented.
2025-07-04 18:22:28 info: [0mPOST /api/v1/role/assignpermission/1 [31m500[0m 5.384 ms - 37[0m
2025-07-04 18:22:29 error: StatusCode : 500, Message : Method not implemented.
2025-07-04 18:22:29 info: [0mPOST /api/v1/role/assignpermission/1 [31m500[0m 4.410 ms - 37[0m
2025-07-04 18:22:35 error: StatusCode : 500, Message : Method not implemented.
2025-07-04 18:22:35 info: [0mPOST /api/v1/role/assignpermission/1 [31m500[0m 5.783 ms - 37[0m
2025-07-04 18:22:36 error: StatusCode : 500, Message : Method not implemented.
2025-07-04 18:22:36 info: [0mPOST /api/v1/role/assignpermission/1 [31m500[0m 3.871 ms - 37[0m
2025-07-04 18:23:00 error: StatusCode : 400, Message : Unexpected end of JSON input
2025-07-04 18:23:00 info: [0mPOST /api/v1/role/assignpermission/1 [33m400[0m 4.197 ms - 42[0m
2025-07-04 18:58:17 info: 🚀 App listening on the port 8000. Current Env development.
2025-07-04 18:58:18 error: StatusCode : 400, Message : Unexpected end of JSON input
2025-07-04 18:58:18 info: [0mPOST /api/v1/role/assignpermission/1 [33m400[0m 21.639 ms - 42[0m
2025-07-04 18:58:29 error: StatusCode : 500, Message : Method not implemented.
2025-07-04 18:58:29 info: [0mPOST /api/v1/role/assignpermission/1 [31m500[0m 82.909 ms - 37[0m
2025-07-04 19:15:21 error: StatusCode : 500, Message : Method not implemented.
2025-07-04 19:15:21 info: [0mPOST /api/v1/role/assignpermission/ALL [31m500[0m 6.343 ms - 37[0m
2025-07-04 19:15:27 info: [0mPOST /api/v1/role/assignpermission [33m404[0m 4.595 ms - 168[0m
2025-07-04 19:15:31 info: [0mPOST /api/v1/role/assignpermission [33m404[0m 3.023 ms - 168[0m
2025-07-04 19:15:36 error: StatusCode : 500, Message : Method not implemented.
2025-07-04 19:15:36 info: [0mPOST /api/v1/role/assignpermission/5 [31m500[0m 5.645 ms - 37[0m
2025-07-04 19:15:42 error: StatusCode : 500, Message : Method not implemented.
2025-07-04 19:15:42 info: [0mPOST /api/v1/role/assignpermission/3 [31m500[0m 3.834 ms - 37[0m
2025-07-04 19:16:12 info: [0mGET /api/v1/role/assignpermission/3 [33m404[0m 2.942 ms - 169[0m
2025-07-04 19:16:17 info: [0mGET /api/v1/role/assignpermission [33m404[0m 2.976 ms - 167[0m
2025-07-04 19:16:23 info: [0mGET /api/v1/role/assignpermission/1 [33m404[0m 3.695 ms - 169[0m
2025-07-04 19:16:27 info: [0mPUT /api/v1/role/assignpermission/1 [33m404[0m 3.182 ms - 169[0m
2025-07-04 19:16:31 error: StatusCode : 500, Message : Method not implemented.
2025-07-04 19:16:31 info: [0mPOST /api/v1/role/assignpermission/1 [31m500[0m 3.838 ms - 37[0m
2025-07-04 19:20:31 error: StatusCode : 500, Message : Method not implemented.
2025-07-04 19:20:31 info: [0mPOST /api/v1/role/assignpermission/1 [31m500[0m 4.602 ms - 37[0m
2025-07-04 19:22:40 error: StatusCode : 500, Message : Method not implemented.
2025-07-04 19:22:40 info: [0mPOST /api/v1/role/assignpermission/1 [31m500[0m 3.750 ms - 37[0m
2025-07-04 19:22:42 error: StatusCode : 500, Message : Method not implemented.
2025-07-04 19:22:42 info: [0mPOST /api/v1/role/assignpermission/1 [31m500[0m 3.704 ms - 37[0m
2025-07-04 19:25:03 error: StatusCode : 500, Message : Method not implemented.
2025-07-04 19:25:03 info: [0mPOST /api/v1/role/assignpermission/1 [31m500[0m 4.621 ms - 37[0m
2025-07-04 19:25:16 info: [0mPOST /api/v1/role/1/assignpermission/ [33m404[0m 3.890 ms - 171[0m
2025-07-04 19:25:18 info: [0mPOST /api/v1/role/1/assignpermission/ [33m404[0m 3.016 ms - 171[0m
2025-07-04 19:25:27 error: StatusCode : 500, Message : Method not implemented.
2025-07-04 19:25:27 info: [0mPOST /api/v1/role/assignpermission/1 [31m500[0m 3.274 ms - 37[0m
2025-07-04 19:47:26 info: 🚀 App listening on the port 8000. Current Env development.
2025-07-04 19:47:56 info: 🚀 App listening on the port 8000. Current Env development.
2025-07-04 19:51:05 info: 🚀 App listening on the port 8000. Current Env development.
2025-07-04 19:51:10 info: 🚀 App listening on the port 8000. Current Env development.
2025-07-04 19:51:13 info: 🚀 App listening on the port 8000. Current Env development.
2025-07-04 19:51:33 info: 🚀 App listening on the port 8000. Current Env development.
2025-07-04 19:51:43 info: [0mPOST /api/v1/role/assignpermission/1 [33m404[0m 157.924 ms - 170[0m
2025-07-04 19:51:54 error: StatusCode : 400, Message : Unexpected end of JSON input
2025-07-04 19:51:54 info: [0mPOST /api/v1/role/assignpermission/1 [33m400[0m 6.365 ms - 42[0m
2025-07-04 19:52:06 info: [0mPOST /api/v1/role/assignpermission [33m404[0m 4.434 ms - 168[0m
2025-07-04 19:53:59 info: [0mPOST /api/v1/role/assignpermission [33m404[0m 3.601 ms - 168[0m
2025-07-04 19:54:09 info: [0mPOST /api/v1/role/assignpermission [33m404[0m 4.683 ms - 168[0m
2025-07-04 19:54:18 info: [0mPOST /api/v1/role/assignpermission [33m404[0m 4.419 ms - 168[0m
2025-07-04 19:55:25 info: 🚀 App listening on the port 8000. Current Env development.
2025-07-04 19:57:40 info: 🚀 App listening on the port 8000. Current Env development.
2025-07-04 19:57:42 info: [0mPOST /api/v1/role/insertpermission/1 [33m404[0m 206.685 ms - 170[0m
2025-07-04 19:57:49 info: [0mPOST /api/v1/role/insertpermission/1 [33m404[0m 14.019 ms - 170[0m
2025-07-04 19:57:52 info: [0mPOST /api/v1/role/insertpermission/1 [33m404[0m 4.003 ms - 170[0m
2025-07-04 19:59:07 info: 🚀 App listening on the port 8000. Current Env development.
2025-07-04 19:59:11 info: [0mPOST /api/v1/role/insertpermission/2 [33m404[0m 100.846 ms - 170[0m
2025-07-04 20:00:03 info: [0mPOST /api/v1/role/insertpermission/1 [33m404[0m 5.038 ms - 170[0m
2025-07-04 20:00:05 info: [0mPOST /api/v1/role/insertpermission/1 [33m404[0m 5.058 ms - 170[0m
2025-07-04 20:00:10 info: [0mPOST /api/v1/role/insertpermission/1 [33m404[0m 3.164 ms - 170[0m
2025-07-04 20:01:29 info: [0mPOST /api/v1/role/insertpermission/1 [33m404[0m 3.926 ms - 170[0m
2025-07-04 20:07:59 info: 🚀 App listening on the port 8000. Current Env development.
2025-07-04 20:08:08 info: 🚀 App listening on the port 8000. Current Env development.
2025-07-04 20:09:20 info: 🚀 App listening on the port 8000. Current Env development.
2025-07-04 20:12:40 info: 🚀 App listening on the port 8000. Current Env development.
2025-07-04 20:12:45 info: [0mPOST /api/v1/role/insertpermission/1 [33m404[0m 97.602 ms - 170[0m
2025-07-04 20:12:59 info: [0mPOST /api/v1/role/insertpermission/1 [33m404[0m 5.624 ms - 170[0m
2025-07-04 20:13:01 info: [0mPOST /api/v1/role/insertpermission/1 [33m404[0m 17.801 ms - 170[0m
2025-07-04 20:13:17 info: [0mPOST /api/v1/role/insertpermission/1 [33m404[0m 3.926 ms - 170[0m
2025-07-04 20:13:20 info: [0mPOST /api/v1/role/insertpermission/1 [33m404[0m 3.192 ms - 170[0m
2025-07-04 20:17:05 info: 🚀 App listening on the port 8000. Current Env development.
2025-07-04 20:17:10 info: [0mPOST /api/v1/role/insertpermission/1 [33m404[0m 95.543 ms - 170[0m
2025-07-04 20:17:19 info: [0mPOST /api/v1/role/insertpermission/1 [33m404[0m 4.605 ms - 170[0m
2025-07-04 20:17:21 info: [0mPOST /api/v1/role/insertpermission/1 [33m404[0m 50.686 ms - 170[0m
2025-07-04 20:49:16 info: 🚀 App listening on the port 8000. Current Env development.
2025-07-04 20:49:19 info: 🚀 App listening on the port 8000. Current Env development.
2025-07-04 20:49:25 info: 🚀 App listening on the port 8000. Current Env development.
2025-07-04 20:49:27 info: 🚀 App listening on the port 8000. Current Env development.
2025-07-04 20:49:31 info: 🚀 App listening on the port 8000. Current Env development.
