2025-04-23 22:27:50 info: 🚀 App listening on the port 8000. Current Env development.
2025-04-23 22:28:39 info: 🚀 App listening on the port 8000. Current Env development.
2025-04-23 22:35:47 info: 🚀 App listening on the port 8000. Current Env development.
2025-04-23 22:44:29 info: 🚀 App listening on the port 8000. Current Env development.
2025-04-23 22:44:45 info: [0mGET / [33m404[0m 10.252 ms - 139[0m
2025-04-23 22:53:53 info: [0mGET / [33m404[0m 3.858 ms - 139[0m
2025-04-23 22:59:30 info: 🚀 App listening on the port 8000. Current Env development.
2025-04-23 23:03:16 info: 🚀 App listening on the port 8000. Current Env development.
2025-04-23 23:03:25 info: [0mGET / [31m500[0m 17.101 ms - -[0m
2025-04-23 23:04:01 info: 🚀 App listening on the port 8000. Current Env development.
2025-04-23 23:04:04 info: [0mGET / [31m500[0m 8.225 ms - -[0m
2025-04-23 23:04:13 info: 🚀 App listening on the port 8000. Current Env development.
2025-04-23 23:05:45 info: [0mGET / [31m500[0m 26.084 ms - -[0m
2025-04-23 23:07:21 info: [0mGET / [31m500[0m 13.294 ms - -[0m
2025-04-23 23:09:21 info: 🚀 App listening on the port 8000. Current Env development.
2025-04-23 23:10:10 info: 🚀 App listening on the port 8000. Current Env development.
2025-04-23 23:10:18 info: [0mGET / [31m500[0m 23.293 ms - -[0m
2025-04-23 23:10:19 info: [0mGET / [31m500[0m 6.872 ms - -[0m
2025-04-23 23:10:20 info: [0mGET / [31m500[0m 4.397 ms - -[0m
2025-04-23 23:17:38 info: 🚀 App listening on the port 8000. Current Env development.
2025-04-23 23:17:50 info: [0mGET / [31m500[0m 36.388 ms - -[0m
2025-04-23 23:20:40 info: 🚀 App listening on the port 8000. Current Env development.
2025-04-23 23:20:43 info: [0mGET / [31m500[0m 28.438 ms - -[0m
2025-04-23 23:20:44 info: [0mGET / [31m500[0m 5.585 ms - -[0m
2025-04-23 23:21:01 info: 🚀 App listening on the port 8000. Current Env development.
2025-04-23 23:21:02 info: [0mGET / [32m200[0m 37.536 ms - 512[0m
2025-04-23 23:21:02 info: [0mGET /assets/style.css [32m200[0m 10.950 ms - 372[0m
2025-04-23 23:21:03 info: [0mGET /favicon.ico [33m404[0m 3.585 ms - 150[0m
