2025-04-27 09:50:23 info: 🚀 App listening on the port 8000. Current Env development.
2025-04-27 09:51:58 info: [0mGET / [32m200[0m 34.202 ms - 512[0m
2025-04-27 09:51:58 info: [0mGET /favicon.ico [33m404[0m 2.746 ms - 150[0m
2025-04-27 09:52:06 info: [0mGET /?theme=elegant [32m200[0m 18.590 ms - -[0m
2025-04-27 10:06:46 info: 🚀 App listening on the port 8000. Current Env development.
2025-04-27 10:06:53 info: [0mGET / [36m304[0m 41.088 ms - -[0m
2025-04-27 10:07:03 info: [0mGET /?theme=elegant [36m304[0m 13.473 ms - -[0m
2025-04-27 10:07:03 info: [0mGET /?theme=elegant [36m304[0m 17.482 ms - -[0m
2025-04-27 10:30:11 info: 🚀 App listening on the port 8000. Current Env development.
2025-04-27 10:30:17 info: [0mGET /?theme=elegant [36m304[0m 33.825 ms - -[0m
2025-04-27 10:30:18 info: [0mGET /?theme=elegant [36m304[0m 11.636 ms - -[0m
2025-04-27 10:30:20 info: [0mGET /?theme=elegant [36m304[0m 13.762 ms - -[0m
2025-04-27 10:30:20 info: [0mGET /?theme=elegant [36m304[0m 5.522 ms - -[0m
2025-04-27 10:34:53 info: 🚀 App listening on the port 8000. Current Env development.
2025-04-27 10:54:21 info: 🚀 App listening on the port 8000. Current Env development.
2025-04-27 10:56:19 info: [0mGET /images/p1.png [33m404[0m 4.446 ms - 152[0m
2025-04-27 10:56:19 info: [0mGET /images/p3.png [33m404[0m 1.314 ms - 152[0m
2025-04-27 10:56:19 info: [0mGET /images/p2.png [33m404[0m 0.744 ms - 152[0m
2025-04-27 10:56:19 info: [0mGET /images/p5.png [33m404[0m 0.710 ms - 152[0m
2025-04-27 10:56:19 info: [0mGET /images/p4.png [33m404[0m 0.762 ms - 152[0m
2025-04-27 10:56:19 info: [0mGET /images/p6.png [33m404[0m 0.609 ms - 152[0m
2025-04-27 10:56:19 info: [0mGET /images/p7.png [33m404[0m 0.581 ms - 152[0m
2025-04-27 10:56:19 info: [0mGET /images/p8.png [33m404[0m 0.654 ms - 152[0m
2025-04-27 10:57:05 info: [0mGET /images/p2.png [33m404[0m 0.994 ms - 152[0m
2025-04-27 10:57:05 info: [0mGET /images/p3.png [33m404[0m 1.217 ms - 152[0m
2025-04-27 10:57:05 info: [0mGET /images/p4.png [33m404[0m 1.124 ms - 152[0m
2025-04-27 10:57:05 info: [0mGET /images/p5.png [33m404[0m 0.625 ms - 152[0m
2025-04-27 10:57:05 info: [0mGET /images/p6.png [33m404[0m 0.659 ms - 152[0m
2025-04-27 10:57:05 info: [0mGET /images/p7.png [33m404[0m 0.841 ms - 152[0m
2025-04-27 10:57:05 info: [0mGET /images/p8.png [33m404[0m 0.628 ms - 152[0m
2025-04-27 10:57:57 info: [0mGET /?theme=elegant [36m304[0m 6.234 ms - -[0m
2025-04-27 10:57:58 info: [0mGET /?theme=elegant [36m304[0m 6.578 ms - -[0m
2025-04-27 11:10:29 info: [0mGET /?theme=elegant [36m304[0m 7.973 ms - -[0m
2025-04-27 11:10:29 info: [0mGET /?theme=elegant [36m304[0m 5.751 ms - -[0m
2025-04-27 11:13:38 info: [0mGET /?theme=elegant [36m304[0m 5.979 ms - -[0m
2025-04-27 11:13:38 info: [0mGET /?theme=elegant [36m304[0m 6.185 ms - -[0m
2025-04-27 11:15:40 info: 🚀 App listening on the port 8000. Current Env development.
2025-04-27 11:16:03 info: [0mGET /?theme=elegant [32m200[0m 44.924 ms - -[0m
2025-04-27 11:16:03 info: [0mGET /?theme=elegant [36m304[0m 11.048 ms - -[0m
2025-04-27 11:16:42 info: 🚀 App listening on the port 8000. Current Env development.
2025-04-27 11:48:38 info: [0mGET /?theme=elegant [32m200[0m 36.702 ms - -[0m
2025-04-27 11:48:38 info: [0mGET /?theme=elegant [36m304[0m 10.355 ms - -[0m
2025-04-27 16:43:08 info: [0mGET / [36m304[0m 9.001 ms - -[0m
2025-04-27 16:47:42 info: [0mGET / [36m304[0m 7.876 ms - -[0m
2025-04-27 17:03:03 info: [0mGET / [36m304[0m 5.468 ms - -[0m
2025-04-27 17:20:04 info: [0mGET / [36m304[0m 3.993 ms - -[0m
2025-04-27 17:24:34 info: [0mGET /?theme=elegant [36m304[0m 4.421 ms - -[0m
2025-04-27 17:24:40 info: [0mGET /?theme=elegant [36m304[0m 6.049 ms - -[0m
2025-04-27 17:24:41 info: [0mGET /?theme=elegant [36m304[0m 8.255 ms - -[0m
2025-04-27 17:24:43 info: [0mGET /?theme=elegant [36m304[0m 6.485 ms - -[0m
2025-04-27 17:24:45 info: [0mGET /?theme=elegant [36m304[0m 3.399 ms - -[0m
2025-04-27 17:25:03 info: 🚀 App listening on the port 8000. Current Env development.
2025-04-27 17:25:50 info: [0mGET /?theme=elegant [36m304[0m 23.462 ms - -[0m
2025-04-27 17:25:51 info: [0mGET /?theme=elegant [36m304[0m 16.295 ms - -[0m
2025-04-27 17:27:51 info: [0mGET /?theme=elegant [32m200[0m 11.634 ms - -[0m
2025-04-27 17:28:13 info: 🚀 App listening on the port 8000. Current Env development.
2025-04-27 17:28:17 info: [0mGET /?theme=elegant [36m304[0m 25.266 ms - -[0m
2025-04-27 17:28:20 info: [0mGET /?theme=elegant [36m304[0m 8.501 ms - -[0m
2025-04-27 17:29:12 info: [0mGET / [36m304[0m 17.735 ms - -[0m
2025-04-27 17:29:18 info: [0mGET /?theme=elegant [32m200[0m 16.492 ms - -[0m
2025-04-27 17:31:30 info: 🚀 App listening on the port 8000. Current Env development.
2025-04-27 17:32:42 info: 🚀 App listening on the port 8000. Current Env development.
2025-04-27 17:33:00 info: 🚀 App listening on the port 8000. Current Env development.
2025-04-27 17:33:17 info: 🚀 App listening on the port 8000. Current Env development.
