2025-06-29 12:49:10 info: 🚀 App listening on the port 8000. Current Env development.
2025-06-29 12:50:39 info: 🚀 App listening on the port 8000. Current Env development.
2025-06-29 12:50:46 info: [0mPOST /api/v1/users/login [32m200[0m 211.371 ms - -[0m
2025-06-29 13:16:55 info: 🚀 App listening on the port 8000. Current Env development.
2025-06-29 13:16:57 info: 🚀 App listening on the port 8000. Current Env development.
2025-06-29 13:17:00 info: 🚀 App listening on the port 8000. Current Env development.
2025-06-29 13:17:01 info: 🚀 App listening on the port 8000. Current Env development.
2025-06-29 13:18:27 info: 🚀 App listening on the port 8000. Current Env development.
2025-06-29 13:18:29 info: 🚀 App listening on the port 8000. Current Env development.
2025-06-29 13:20:46 info: 🚀 App listening on the port 8000. Current Env development.
2025-06-29 13:20:48 info: 🚀 App listening on the port 8000. Current Env development.
2025-06-29 13:33:43 info: [0mGET /api/v1/category/projects?category=video-editing [33m404[0m 219.926 ms - 163[0m
2025-06-29 13:33:59 info: [0mGET /api/v1/category/projects?category=video-editing [33m404[0m 5.527 ms - 163[0m
2025-06-29 13:34:04 info: [0mGET /api/v1/category/projects?category=video-editing [33m404[0m 4.031 ms - 163[0m
2025-06-29 13:34:39 error: StatusCode : 404, Message : Authentication token missing
2025-06-29 13:34:39 info: [0mGET /api/v1/blog?category=video-production [33m404[0m 2.183 ms - 42[0m
2025-06-29 13:35:14 info: [0mGET /api/v1/blog?category=video-production [33m404[0m 3.290 ms - 150[0m
2025-06-29 13:35:18 info: [0mGET /api/v1/blog?category=video-production [33m404[0m 3.606 ms - 150[0m
2025-06-29 13:35:28 info: [0mGET /api/v1/blog?category=videoproduction [33m404[0m 3.675 ms - 150[0m
2025-06-29 13:36:27 info: [0mGET /api/v1/blog?category=video-production [33m404[0m 3.076 ms - 150[0m
2025-06-29 13:37:04 info: [0mGET /api/v1/blog?category=video-production [33m404[0m 4.098 ms - 150[0m
2025-06-29 13:37:31 info: 🚀 App listening on the port 8000. Current Env development.
2025-06-29 13:37:37 info: 🚀 App listening on the port 8000. Current Env development.
2025-06-29 13:37:42 info: 🚀 App listening on the port 8000. Current Env development.
2025-06-29 13:37:47 info: [0mGET /api/v1/blog?category=video-production [33m404[0m 97.207 ms - 150[0m
2025-06-29 13:38:00 info: [0mGET /api/v1/blog [33m404[0m 4.034 ms - 150[0m
2025-06-29 13:39:09 info: [0mGET /api/v1/blog?category=video-editing [33m404[0m 3.582 ms - 150[0m
2025-06-29 13:40:00 info: [0mGET /api/v1/blog?category=video-editing [33m404[0m 2.750 ms - 150[0m
2025-06-29 13:40:11 info: [0mGET /api/v1/blog [33m404[0m 3.684 ms - 150[0m
2025-06-29 13:40:12 info: [0mGET /api/v1/blog [33m404[0m 2.936 ms - 150[0m
2025-06-29 13:42:16 info: [0mGET /api/v1/blog?category=video-editing [33m404[0m 4.272 ms - 150[0m
2025-06-29 13:42:34 info: [0mGET /api/v1/blog?category=video-production [33m404[0m 4.395 ms - 150[0m
2025-06-29 13:42:36 info: [0mGET /api/v1/blog?category=video-production [33m404[0m 3.630 ms - 150[0m
2025-06-29 13:43:17 info: [0mGET /api/v1/blog?category=Post-Production [33m404[0m 3.183 ms - 150[0m
2025-06-29 13:43:18 info: [0mGET /api/v1/blog?category=Post-Production [33m404[0m 3.069 ms - 150[0m
2025-06-29 13:44:02 info: [0mPOST /api/v1/users/login [32m200[0m 98.001 ms - -[0m
2025-06-29 13:44:36 error: StatusCode : 401, Message : Wrong authentication token
2025-06-29 13:44:36 info: [0mGET /api/v1/blog?category=Post-Production [33m401[0m 1.996 ms - 40[0m
2025-06-29 13:45:06 error: StatusCode : 401, Message : Wrong authentication token
2025-06-29 13:45:06 info: [0mGET /api/v1/blog?category=Post-Production [33m401[0m 2.143 ms - 40[0m
2025-06-29 13:45:07 error: StatusCode : 401, Message : Wrong authentication token
2025-06-29 13:45:07 info: [0mGET /api/v1/blog?category=Post-Production [33m401[0m 1.242 ms - 40[0m
2025-06-29 13:45:46 info: [0mGET /api/v1/blog?category=Post-Production [33m404[0m 2.683 ms - 150[0m
2025-06-29 13:46:09 info: [0mGET /api/v1/blog?category=Post-Production [33m404[0m 2.939 ms - 150[0m
2025-06-29 13:46:10 info: [0mGET /api/v1/blog?category=Post-Production [33m404[0m 2.749 ms - 150[0m
2025-06-29 13:47:26 info: 🚀 App listening on the port 8000. Current Env development.
2025-06-29 13:48:17 info: [0mGET /api/v1/blog?category=Post-Production [33m404[0m 96.453 ms - 150[0m
2025-06-29 13:48:19 info: [0mGET /api/v1/blog?category=Post-Production [33m404[0m 3.960 ms - 150[0m
2025-06-29 13:48:19 info: [0mGET /api/v1/blog?category=Post-Production [33m404[0m 62.968 ms - 150[0m
2025-06-29 13:48:23 info: [0mGET /api/v1/blog?category=Post-Production [33m404[0m 6.868 ms - 150[0m
2025-06-29 13:48:24 info: [0mGET /api/v1/blog?category=Post-Production [33m404[0m 3.312 ms - 150[0m
2025-06-29 13:48:25 info: [0mGET /api/v1/blog?category=Post-Production [33m404[0m 6.531 ms - 150[0m
2025-06-29 13:52:30 info: [0mGET /api/v1/blog?category=Post-Production [33m404[0m 3.440 ms - 150[0m
2025-06-29 13:54:17 error: StatusCode : 400, Message : Blog query param is required
2025-06-29 13:54:17 info: [0mGET /api/v1/blog/getblogby?category=Post-Production [33m400[0m 5.585 ms - 42[0m
2025-06-29 13:55:12 error: StatusCode : 400, Message : Blog query param is required
2025-06-29 13:55:12 info: [0mGET /api/v1/blog/getblogby?category=Post-Production [33m400[0m 4.548 ms - 42[0m
2025-06-29 13:55:13 error: StatusCode : 400, Message : Blog query param is required
2025-06-29 13:55:13 info: [0mGET /api/v1/blog/getblogby?category=Post-Production [33m400[0m 3.783 ms - 42[0m
2025-06-29 14:08:15 info: 🚀 App listening on the port 8000. Current Env development.
2025-06-29 14:08:43 error: StatusCode : 500, Message : select "value" from "blogs" where "value" = $1 limit $2 - column "value" does not exist
2025-06-29 14:08:43 info: [0mGET /api/v1/blog/getblogby?category=Post-Production [31m500[0m 103.278 ms - 109[0m
2025-06-29 14:10:23 info: 🚀 App listening on the port 8000. Current Env development.
2025-06-29 14:10:27 error: StatusCode : 500, Message : select "value" from "blogs" where "value" = $1 limit $2 - column "value" does not exist
2025-06-29 14:10:27 info: [0mGET /api/v1/blog/getblogby?category=Post-Production [31m500[0m 110.125 ms - 109[0m
2025-06-29 14:10:28 error: StatusCode : 500, Message : select "value" from "blogs" where "value" = $1 limit $2 - column "value" does not exist
2025-06-29 14:10:28 info: [0mGET /api/v1/blog/getblogby?category=Post-Production [31m500[0m 6.357 ms - 109[0m
2025-06-29 14:17:55 error: StatusCode : 500, Message : select "value" from "blogs" where "value" = $1 limit $2 - column "value" does not exist
2025-06-29 14:17:55 info: [0mGET /api/v1/blog/getblogby?category=Post-Production [31m500[0m 6.836 ms - 109[0m
2025-06-29 14:26:20 info: 🚀 App listening on the port 8000. Current Env development.
2025-06-29 14:26:49 info: 🚀 App listening on the port 8000. Current Env development.
2025-06-29 14:29:38 info: 🚀 App listening on the port 8000. Current Env development.
2025-06-29 14:29:43 error: StatusCode : 500, Message : select * from "blogs" where "category" = $1 and "is_active" = $2 order by "created_at" desc - invalid input syntax for type integer: "true"
2025-06-29 14:29:43 info: [0mGET /api/v1/blog/getblogby?category=Post-Production [31m500[0m 159.350 ms - 163[0m
2025-06-29 14:33:14 info: 🚀 App listening on the port 8000. Current Env development.
2025-06-29 14:33:17 info: [0mGET /api/v1/blog/getblogby?category=Post-Production [32m200[0m 102.391 ms - 74[0m
2025-06-29 14:34:29 error: StatusCode : 500, Message : select * from "blogs" where "category" = $1 and "is_active" = $2 order by "created_at" desc - invalid input syntax for type integer: "true"
2025-06-29 14:34:29 info: [0mGET /api/v1/blog/getblogby?category=video-editing [31m500[0m 10.599 ms - 163[0m
2025-06-29 14:34:42 info: [0mGET /api/v1/blog/getblogby?category=Post-Production [32m200[0m 4.692 ms - 74[0m
2025-06-29 15:43:08 error: StatusCode : 500, Message : select * from "blogs" where "category" = $1 and "is_active" = $2 order by "created_at" desc - invalid input syntax for type integer: "true"
2025-06-29 15:43:08 info: [0mGET /api/v1/blog/getblogby?category=video-editing [31m500[0m 23.895 ms - 163[0m
2025-06-29 15:43:19 info: [0mGET /api/v1/blog/getblogby?category=Post-Production [32m200[0m 4.303 ms - 74[0m
2025-06-29 15:48:43 info: 🚀 App listening on the port 8000. Current Env development.
2025-06-29 15:48:46 info: [0mGET /api/v1/blog/getblogby?category=Post-Production [32m200[0m 196.082 ms - 74[0m
2025-06-29 15:49:24 info: [0mGET /api/v1/blog/getblogby?category=Video-Production [32m200[0m 5.957 ms - 75[0m
2025-06-29 15:49:25 info: [0mGET /api/v1/blog/getblogby?category=Video-Production [32m200[0m 4.519 ms - 75[0m
2025-06-29 15:51:19 info: [0mGET /api/v1/blog/getblogby?category=video-production [32m200[0m 5.146 ms - 75[0m
2025-06-29 15:51:20 info: [0mGET /api/v1/blog/getblogby?category=video-production [32m200[0m 3.954 ms - 75[0m
2025-06-29 15:51:54 info: [0mGET /api/v1/blog/getblogby?category=video-production [32m200[0m 3.987 ms - 75[0m
2025-06-29 15:51:56 info: [0mGET /api/v1/blog/getblogby?category=video-production [32m200[0m 3.680 ms - 75[0m
2025-06-29 15:53:18 info: [0mGET /api/v1/category/projects?category=video-editing [33m404[0m 3.753 ms - 163[0m
2025-06-29 15:53:30 info: [0mGET /api/v1/category/projects?category=video-editing [33m404[0m 3.754 ms - 163[0m
2025-06-29 15:58:49 info: [0mPOST /api/v1/category/getprojectcategory/1 [33m404[0m 4.790 ms - 176[0m
2025-06-29 15:59:20 info: 🚀 App listening on the port 8000. Current Env development.
2025-06-29 15:59:36 info: [0mPOST /api/v1/category/getprojectcategory/1 [33m404[0m 92.648 ms - 176[0m
2025-06-29 15:59:37 info: [0mPOST /api/v1/category/getprojectcategory/1 [33m404[0m 5.530 ms - 176[0m
2025-06-29 16:00:34 info: [0mPOST /api/v1/category/getprojectcategory/1 [33m404[0m 5.556 ms - 176[0m
2025-06-29 16:01:28 info: 🚀 App listening on the port 8000. Current Env development.
2025-06-29 16:01:31 info: 🚀 App listening on the port 8000. Current Env development.
2025-06-29 16:01:35 info: [0mPOST /api/v1/category/getprojectcategory/1 [32m200[0m 101.407 ms - 63[0m
2025-06-29 16:01:49 info: [0mGET /api/v1/blog/getblogby?category=video-production [32m200[0m 6.247 ms - 75[0m
2025-06-29 16:02:05 info: [0mGET /api/v1/category/projects?category=video-editing [32m200[0m 14.653 ms - -[0m
2025-06-29 16:03:20 info: [0mGET /api/v1/blog/getblogby?category=video-production [32m200[0m 5.054 ms - 75[0m
2025-06-29 16:04:42 info: 🚀 App listening on the port 8000. Current Env development.
2025-06-29 16:08:35 info: 🚀 App listening on the port 8000. Current Env development.
2025-06-29 16:11:12 info: 🚀 App listening on the port 8000. Current Env development.
2025-06-29 16:11:38 info: [0mGET /api/v1/blog/getblogby?category=video-production [0m-[0m - ms - -[0m
2025-06-29 16:11:55 info: 🚀 App listening on the port 8000. Current Env development.
2025-06-29 16:12:34 info: 🚀 App listening on the port 8000. Current Env development.
2025-06-29 16:12:38 info: 🚀 App listening on the port 8000. Current Env development.
2025-06-29 16:12:42 info: [0mGET /api/v1/blog/getblogby?category=video-production [32m200[0m 98.200 ms - 75[0m
2025-06-29 16:13:59 info: 🚀 App listening on the port 8000. Current Env development.
2025-06-29 16:14:01 error: StatusCode : 500, Message : select "value" from "blogs" where "value" = $1 limit $2 - column "value" does not exist
2025-06-29 16:14:01 info: [0mGET /api/v1/blog/getblogby?category=video-production [31m500[0m 110.841 ms - 109[0m
2025-06-29 16:14:48 info: 🚀 App listening on the port 8000. Current Env development.
2025-06-29 16:14:56 info: [0mGET /api/v1/blog/getblogby?category=video-production [32m200[0m 98.109 ms - 75[0m
2025-06-29 16:17:50 info: [0mGET /api/v1/blog/getblogby?category=video-production [32m200[0m 8.110 ms - 75[0m
2025-06-29 16:18:51 info: 🚀 App listening on the port 8000. Current Env development.
2025-06-29 16:18:54 error: StatusCode : 500, Message : Cannot read properties of undefined (reading 'length')
2025-06-29 16:18:54 info: [0mGET /api/v1/blog/getblogby?category=video-production [31m500[0m 200.942 ms - 68[0m
2025-06-29 16:21:39 error: StatusCode : 500, Message : Cannot read properties of undefined (reading 'length')
2025-06-29 16:21:39 info: [0mGET /api/v1/blog/getblogby?category=Post-Production [31m500[0m 7.561 ms - 68[0m
2025-06-29 16:21:52 info: 🚀 App listening on the port 8000. Current Env development.
2025-06-29 16:21:54 info: [0mGET /api/v1/blog/getblogby?category=Post-Production [32m200[0m 92.941 ms - 74[0m
2025-06-29 16:22:29 info: [0mGET /api/v1/blog/getblogby?category=video-production [32m200[0m 21.718 ms - -[0m
2025-06-29 16:23:34 info: 🚀 App listening on the port 8000. Current Env development.
2025-06-29 16:23:57 info: [0mGET /api/v1/blog/getblogby?category=video-production [32m200[0m 105.033 ms - -[0m
2025-06-29 16:32:13 info: 🚀 App listening on the port 8000. Current Env development.
2025-06-29 16:32:32 info: 🚀 App listening on the port 8000. Current Env development.
2025-06-29 16:33:00 info: 🚀 App listening on the port 8000. Current Env development.
2025-06-29 16:40:01 info: 🚀 App listening on the port 8000. Current Env development.
2025-06-29 16:40:06 info: 🚀 App listening on the port 8000. Current Env development.
2025-06-29 16:40:33 info: 🚀 App listening on the port 8000. Current Env development.
2025-06-29 16:47:54 error: StatusCode : 401, Message : Wrong authentication token
2025-06-29 16:47:54 info: [0mPOST /api/v1/category/insertcategory [33m401[0m 32.762 ms - 40[0m
2025-06-29 16:48:09 error: StatusCode : 400, Message : category_id should not be empty, category_id must be an integer number
2025-06-29 16:48:09 info: [0mPOST /api/v1/category/insertcategory [33m400[0m 90.243 ms - 84[0m
2025-06-29 16:48:13 error: StatusCode : 400, Message : category_id should not be empty, category_id must be an integer number
2025-06-29 16:48:13 info: [0mPOST /api/v1/category/insertcategory [33m400[0m 6.465 ms - 84[0m
2025-06-29 16:49:24 error: StatusCode : 400, Message : category_id should not be empty, category_id must be an integer number
2025-06-29 16:49:24 info: [0mPOST /api/v1/category/insertcategory [33m400[0m 5.015 ms - 84[0m
2025-06-29 18:00:24 info: 🚀 App listening on the port 8000. Current Env development.
2025-06-29 18:00:32 info: 🚀 App listening on the port 8000. Current Env development.
2025-06-29 18:00:37 info: 🚀 App listening on the port 8000. Current Env development.
2025-06-29 18:03:40 info: [0mGET /api/v1/projectsTask/getprojecttypes [32m200[0m 211.522 ms - -[0m
2025-06-29 18:17:40 info: 🚀 App listening on the port 8000. Current Env development.
2025-06-29 18:17:46 info: 🚀 App listening on the port 8000. Current Env development.
2025-06-29 18:17:52 info: 🚀 App listening on the port 8000. Current Env development.
2025-06-29 18:20:17 info: [0mGET /api/v1/blog/getblogtypes [32m200[0m 98.247 ms - -[0m
2025-06-29 18:34:13 info: 🚀 App listening on the port 8000. Current Env development.
2025-06-29 18:35:10 info: [0mGET /api/v1/blog/getblogtypes [32m200[0m 98.596 ms - 437[0m
2025-06-29 18:44:39 info: 🚀 App listening on the port 8000. Current Env development.
2025-06-29 18:44:47 info: [0mGET /api/v1/projectsTask/getprojecttypes [32m200[0m 99.776 ms - 26[0m
2025-06-29 18:45:32 info: 🚀 App listening on the port 8000. Current Env development.
2025-06-29 18:45:35 info: [0mGET /api/v1/projectsTask/getprojecttypes [32m200[0m 96.870 ms - 445[0m
2025-06-29 19:05:32 info: 🚀 App listening on the port 8000. Current Env development.
2025-06-29 19:17:06 info: 🚀 App listening on the port 8000. Current Env development.
2025-06-29 19:19:51 info: [0mGET /api/v1/projectsTask/getprojecttypes [32m200[0m 106.957 ms - 445[0m
2025-06-29 19:19:58 error: StatusCode : 400, Message : Blog ID is required
2025-06-29 19:19:58 info: [0mGET /api/v1/blog/getblogtypes [33m400[0m 6.063 ms - 33[0m
2025-06-29 19:24:20 error: StatusCode : 400, Message : Blog ID is required
2025-06-29 19:24:20 info: [0mGET /api/v1/blog/getblogtypes [33m400[0m 4.290 ms - 33[0m
2025-06-29 19:26:44 info: 🚀 App listening on the port 8000. Current Env development.
2025-06-29 19:26:48 error: StatusCode : 400, Message : Blog ID is required
2025-06-29 19:26:48 info: [0mGET /api/v1/blog/getblogtypes [33m400[0m 94.002 ms - 33[0m
2025-06-29 19:26:50 error: StatusCode : 400, Message : Blog ID is required
2025-06-29 19:26:50 info: [0mGET /api/v1/blog/getblogtypes [33m400[0m 4.181 ms - 33[0m
2025-06-29 19:28:01 info: 🚀 App listening on the port 8000. Current Env development.
2025-06-29 19:28:06 info: [0mGET /api/v1/blog/getblogtypes [32m200[0m 96.528 ms - 26[0m
2025-06-29 19:28:08 info: [0mGET /api/v1/blog/getblogtypes [32m200[0m 5.861 ms - 26[0m
2025-06-29 19:31:42 info: 🚀 App listening on the port 8000. Current Env development.
2025-06-29 19:31:52 info: 🚀 App listening on the port 8000. Current Env development.
2025-06-29 19:32:01 info: [0mGET /api/v1/blog/getblogtypes [32m200[0m 206.668 ms - 26[0m
2025-06-29 19:32:02 info: [0mGET /api/v1/blog/getblogtypes [32m200[0m 5.852 ms - 26[0m
2025-06-29 19:32:53 info: 🚀 App listening on the port 8000. Current Env development.
2025-06-29 19:32:57 info: [0mGET /api/v1/blog/getblogtypes [32m200[0m 101.654 ms - 437[0m
2025-06-29 19:45:09 error: StatusCode : 401, Message : Wrong authentication token
2025-06-29 19:45:09 info: [0mGET /api/v1/blog/getallblogs [33m401[0m 6.160 ms - 40[0m
2025-06-29 19:48:54 info: 🚀 App listening on the port 8000. Current Env development.
2025-06-29 19:56:48 info: 🚀 App listening on the port 8000. Current Env development.
2025-06-29 19:57:09 info: 🚀 App listening on the port 8000. Current Env development.
2025-06-29 20:00:01 info: 🚀 App listening on the port 8000. Current Env development.
2025-06-29 20:00:16 info: 🚀 App listening on the port 8000. Current Env development.
2025-06-29 20:02:59 info: 🚀 App listening on the port 8000. Current Env development.
2025-06-29 20:03:09 error: StatusCode : 400, Message : Category query param is required
2025-06-29 20:03:09 info: [0mGET /api/v1/blog/getblogtypes [33m400[0m 99.941 ms - 46[0m
2025-06-29 20:16:29 info: 🚀 App listening on the port 8000. Current Env development.
2025-06-29 20:24:29 info: 🚀 App listening on the port 8000. Current Env development.
2025-06-29 20:25:57 info: 🚀 App listening on the port 8000. Current Env development.
